Disk_Application.exe: 00003444: 11:17:23 [TUniServerModule]:Shutting Down Server.
Disk_Application.exe: 00003444: 11:17:23 [TUniServerModule]:Stopping HTTP Server.
Disk_Application.exe: 00003444: 11:17:24 [TUniServerModule]:HTTP Server Stopped.
Disk_Application.exe: 00003444: 11:17:24 [TUniGUISessionManager]:Terminating Session manager.
Disk_Application.exe: 00003444: 11:17:24 [TUniGUISessionManager]:Stopping Cache Eraser...
Disk_Application.exe: 00003444: 11:17:24 [TUniGUISessionManager]:Cache Eraser Stopped.
Disk_Application.exe: 00003444: 11:17:24 [TUniGUISessionManager]:Destroying Worker Threads.
Disk_Application.exe: 00003444: 11:17:24 [TUniGUISessionManager]:Session manager terminated.
Disk_Application.exe: 00003444: 11:17:24 [TUniWebSocketStack]:Terminating...
Disk_Application.exe: 00003444: 11:17:24 [TUniGUIMessageQ]:Terminated.
Disk_Application.exe: 00003444: 11:17:24 [TUniWebSocketStack]:Terminated.
Disk_Application.exe: 00003444: 11:17:24 [TUniServerModule]:Server Shutdown Completed.
Disk_Application.exe: 00003444: 11:17:24 []:<-------------------------------------------------------------->
Disk_Application.exe: 00003444: 11:17:24 [Terminated]:Exit Code: 0
Disk_Application.exe: 0000418C: 11:17:36 []:>--------------------------------------------------------------<
Disk_Application.exe: 0000418C: 11:17:36 [TUniServerModule]:Server First Init.
Disk_Application.exe: 0000418C: 11:17:36 [TUniServerModule]:Start Path = C:\Users\admin\Downloads\disk-application-master\disk-application-master\Win32\Debug\
Disk_Application.exe: 0000418C: 11:17:36 [TUniServerModule]:Starting HTTP Server on Port: 8077...
Disk_Application.exe: 0000418C: 11:17:36 [TUniServerModule]:HTTP Server Started on Port: 8077
Disk_Application.exe: 0000418C: 11:24:30 [TUniServerModule]:Shutting Down Server.
Disk_Application.exe: 0000418C: 11:24:30 [TUniServerModule]:Stopping HTTP Server.
Disk_Application.exe: 0000418C: 11:24:31 [TUniServerModule]:HTTP Server Stopped.
Disk_Application.exe: 0000418C: 11:24:31 [TUniGUISessionManager]:Terminating Session manager.
Disk_Application.exe: 0000418C: 11:24:31 [TUniGUISessionManager]:Stopping Cache Eraser...
Disk_Application.exe: 0000418C: 11:24:31 [TUniGUISessionManager]:Cache Eraser Stopped.
Disk_Application.exe: 0000418C: 11:24:31 [TUniGUISessionManager]:Destroying Worker Threads.
Disk_Application.exe: 0000418C: 11:24:31 [TUniGUISessionManager]:Session manager terminated.
Disk_Application.exe: 0000418C: 11:24:31 [TUniWebSocketStack]:Terminating...
Disk_Application.exe: 0000418C: 11:24:31 [TUniGUIMessageQ]:Terminated.
Disk_Application.exe: 0000418C: 11:24:31 [TUniWebSocketStack]:Terminated.
Disk_Application.exe: 0000418C: 11:24:31 [TUniServerModule]:Server Shutdown Completed.
Disk_Application.exe: 0000418C: 11:24:31 []:<-------------------------------------------------------------->
Disk_Application.exe: 0000418C: 11:24:31 [Terminated]:Exit Code: 0
Disk_Application.exe: 00003330: 11:24:36 []:>--------------------------------------------------------------<
Disk_Application.exe: 00003330: 11:24:36 [TUniServerModule]:Server First Init.
Disk_Application.exe: 00003330: 11:24:36 [TUniServerModule]:Start Path = C:\Users\admin\Downloads\disk-application-master\disk-application-master\Win32\Debug\
Disk_Application.exe: 00003330: 11:24:36 [TUniServerModule]:Starting HTTP Server on Port: 8077...
Disk_Application.exe: 00003330: 11:24:36 [TUniServerModule]:HTTP Server Started on Port: 8077
Disk_Application.exe: 00003F1C: 11:24:39 [127.0.0.1]:EUniSessionException : Invalid session or session Timeout. (Session not found: o237Fl1KaM10EEE0497 ) : Addr: $009E437D
Disk_Application.exe: 000038D4: 11:35:38 [127.0.0.1]:EUniSessionException : Invalid session or session Timeout. (Session not found: D9XGnVZNEp10EEE0679 ) : Addr: $009E437D
Disk_Application.exe: 000038D4: 11:35:58 [127.0.0.1]:EDatabaseError : Qusertable: Field 'surname' not found : Addr: $0082797E
Disk_Application.exe: 00003330: 11:37:29 [TUniServerModule]:Shutting Down Server.
Disk_Application.exe: 00003330: 11:37:29 [TUniServerModule]:Stopping HTTP Server.
Disk_Application.exe: 00003330: 11:37:30 [TUniServerModule]:HTTP Server Stopped.
Disk_Application.exe: 00003330: 11:37:30 [TUniGUISessionManager]:Terminating Session manager.
Disk_Application.exe: 00003330: 11:37:30 [TUniGUISessionManager]:Stopping Cache Eraser...
Disk_Application.exe: 00003330: 11:37:30 [TUniGUISessionManager]:Cache Eraser Stopped.
Disk_Application.exe: 00003330: 11:37:30 [TUniGUISessionManager]:Destroying Worker Threads.
Disk_Application.exe: 00003330: 11:37:30 [TUniGUISessionManager]:Session manager terminated.
Disk_Application.exe: 00003330: 11:37:30 [TUniWebSocketStack]:Terminating...
Disk_Application.exe: 00003330: 11:37:30 [TUniGUIMessageQ]:Terminated.
Disk_Application.exe: 00003330: 11:37:30 [TUniWebSocketStack]:Terminated.
Disk_Application.exe: 00003330: 11:37:30 [TUniServerModule]:Server Shutdown Completed.
Disk_Application.exe: 00003330: 11:37:30 []:<-------------------------------------------------------------->
Disk_Application.exe: 00003330: 11:37:30 [Terminated]:Exit Code: 0
Disk_Application.exe: 00002184: 11:37:34 []:>--------------------------------------------------------------<
Disk_Application.exe: 00002184: 11:37:34 [TUniServerModule]:Server First Init.
Disk_Application.exe: 00002184: 11:37:34 [TUniServerModule]:Start Path = C:\Users\admin\Downloads\disk-application-master\disk-application-master\Win32\Debug\
Disk_Application.exe: 00002184: 11:37:34 [TUniGUISessionManager]:Cache erase job created, Folder count: [1]
Disk_Application.exe: 00002184: 11:37:34 [TUniServerModule]:Starting HTTP Server on Port: 8077...
Disk_Application.exe: 00002184: 11:37:34 [TUniServerModule]:HTTP Server Started on Port: 8077
Disk_Application.exe: 000029E0: 11:37:38 [127.0.0.1]:EUniSessionException : Invalid session or session Timeout. (Session not found: eKJgKrybwn10EEE0976 ) : Addr: $0112437D
Disk_Application.exe: 00002184: 11:41:15 [TUniServerModule]:Shutting Down Server.
Disk_Application.exe: 00002184: 11:41:15 [TUniServerModule]:Stopping HTTP Server.
Disk_Application.exe: 00002184: 11:41:16 [TUniServerModule]:HTTP Server Stopped.
Disk_Application.exe: 00002184: 11:41:16 [TUniGUISessionManager]:Terminating Session manager.
Disk_Application.exe: 00002184: 11:41:16 [TUniGUISessionManager]:Stopping Cache Eraser...
Disk_Application.exe: 00002184: 11:41:16 [TUniGUISessionManager]:Cache Eraser Stopped.
Disk_Application.exe: 00002184: 11:41:16 [TUniGUISessionManager]:Destroying Worker Threads.
Disk_Application.exe: 00002184: 11:41:16 [TUniGUISessionManager]:Session manager terminated.
Disk_Application.exe: 00002184: 11:41:16 [TUniWebSocketStack]:Terminating...
Disk_Application.exe: 00002184: 11:41:16 [TUniGUIMessageQ]:Terminated.
Disk_Application.exe: 00002184: 11:41:16 [TUniWebSocketStack]:Terminated.
Disk_Application.exe: 00002184: 11:41:16 [TUniServerModule]:Server Shutdown Completed.
Disk_Application.exe: 00002184: 11:41:16 []:<-------------------------------------------------------------->
Disk_Application.exe: 00002184: 11:41:16 [Terminated]:Exit Code: 0
Disk_Application.exe: 000041C0: 11:41:20 []:>--------------------------------------------------------------<
Disk_Application.exe: 000041C0: 11:41:20 [TUniServerModule]:Server First Init.
Disk_Application.exe: 000041C0: 11:41:20 [TUniServerModule]:Start Path = C:\Users\admin\Downloads\disk-application-master\disk-application-master\Win32\Debug\
Disk_Application.exe: 000041C0: 11:41:20 [TUniGUISessionManager]:Cache erase job created, Folder count: [1]
Disk_Application.exe: 000041C0: 11:41:20 [TUniServerModule]:Starting HTTP Server on Port: 8077...
Disk_Application.exe: 000041C0: 11:41:20 [TUniServerModule]:HTTP Server Started on Port: 8077
Disk_Application.exe: 00002FA8: 11:41:22 [127.0.0.1]:EUniSessionException : Invalid session or session Timeout. (Session not found: M6PyN9DLOu10EEE0A00 ) : Addr: $00CA437D
Disk_Application.exe: 000041C0: 11:43:25 [TUniServerModule]:Shutting Down Server.
Disk_Application.exe: 000041C0: 11:43:25 [TUniServerModule]:Stopping HTTP Server.
Disk_Application.exe: 000041C0: 11:43:27 [TUniServerModule]:HTTP Server Stopped.
Disk_Application.exe: 000041C0: 11:43:27 [TUniGUISessionManager]:Terminating Session manager.
Disk_Application.exe: 000041C0: 11:43:27 [TUniGUISessionManager]:Stopping Cache Eraser...
Disk_Application.exe: 000041C0: 11:43:27 [TUniGUISessionManager]:Cache Eraser Stopped.
Disk_Application.exe: 000041C0: 11:43:27 [TUniGUISessionManager]:Destroying Worker Threads.
Disk_Application.exe: 000041C0: 11:43:27 [TUniGUISessionManager]:Session manager terminated.
Disk_Application.exe: 000041C0: 11:43:27 [TUniWebSocketStack]:Terminating...
Disk_Application.exe: 000041C0: 11:43:27 [TUniGUIMessageQ]:Terminated.
Disk_Application.exe: 000041C0: 11:43:27 [TUniWebSocketStack]:Terminated.
Disk_Application.exe: 000041C0: 11:43:27 [TUniServerModule]:Server Shutdown Completed.
Disk_Application.exe: 000041C0: 11:43:27 []:<-------------------------------------------------------------->
Disk_Application.exe: 000041C0: 11:43:27 [Terminated]:Exit Code: 0
Disk_Application.exe: 00002818: 11:43:31 []:>--------------------------------------------------------------<
Disk_Application.exe: 00002818: 11:43:31 [TUniServerModule]:Server First Init.
Disk_Application.exe: 00002818: 11:43:31 [TUniServerModule]:Start Path = C:\Users\admin\Downloads\disk-application-master\disk-application-master\Win32\Debug\
Disk_Application.exe: 00002818: 11:43:31 [TUniGUISessionManager]:Cache erase job created, Folder count: [1]
Disk_Application.exe: 00002818: 11:43:31 [TUniServerModule]:Starting HTTP Server on Port: 8077...
Disk_Application.exe: 00002818: 11:43:31 [TUniServerModule]:HTTP Server Started on Port: 8077
Disk_Application.exe: 00000EF4: 11:43:32 [127.0.0.1]:EUniSessionException : Invalid session or session Timeout. (Session not found: cTcXDfOl2K10EEE0B03 ) : Addr: $00DE437D
Disk_Application.exe: 00002818: 11:46:27 [TUniServerModule]:Shutting Down Server.
Disk_Application.exe: 00002818: 11:46:27 [TUniServerModule]:Stopping HTTP Server.
Disk_Application.exe: 00002818: 11:46:28 [TUniServerModule]:HTTP Server Stopped.
Disk_Application.exe: 00002818: 11:46:28 [TUniGUISessionManager]:Terminating Session manager.
Disk_Application.exe: 00002818: 11:46:28 [TUniGUISessionManager]:Stopping Cache Eraser...
Disk_Application.exe: 00002818: 11:46:28 [TUniGUISessionManager]:Cache Eraser Stopped.
Disk_Application.exe: 00002818: 11:46:28 [TUniGUISessionManager]:Destroying Worker Threads.
Disk_Application.exe: 00002818: 11:46:28 [TUniGUISessionManager]:Session manager terminated.
Disk_Application.exe: 00002818: 11:46:28 [TUniWebSocketStack]:Terminating...
Disk_Application.exe: 00002818: 11:46:28 [TUniGUIMessageQ]:Terminated.
Disk_Application.exe: 00002818: 11:46:28 [TUniWebSocketStack]:Terminated.
Disk_Application.exe: 00002818: 11:46:28 [TUniServerModule]:Server Shutdown Completed.
Disk_Application.exe: 00002818: 11:46:28 []:<-------------------------------------------------------------->
Disk_Application.exe: 00002818: 11:46:28 [Terminated]:Exit Code: 0
Disk_Application.exe: 00002C14: 11:46:32 []:>--------------------------------------------------------------<
Disk_Application.exe: 00002C14: 11:46:32 [TUniServerModule]:Server First Init.
Disk_Application.exe: 00002C14: 11:46:32 [TUniServerModule]:Start Path = C:\Users\admin\Downloads\disk-application-master\disk-application-master\Win32\Debug\
Disk_Application.exe: 00002C14: 11:46:32 [TUniGUISessionManager]:Cache erase job created, Folder count: [1]
Disk_Application.exe: 00002C14: 11:46:32 [TUniServerModule]:Starting HTTP Server on Port: 8077...
Disk_Application.exe: 00002C14: 11:46:32 [TUniServerModule]:HTTP Server Started on Port: 8077
Disk_Application.exe: 000024BC: 11:46:32 [127.0.0.1]:EUniSessionException : Invalid session or session Timeout. (Session not found: ZKSiGYTAkG10EEE0B99 ) : Addr: $012F437D
Disk_Application.exe: 00000F2C: 11:49:05 [127.0.0.1]:EUniError : #42S22Unknown column 'surname' in 'where clause' : Addr: $0142CB30
Disk_Application.exe: 00002C14: 11:50:23 [TUniServerModule]:Shutting Down Server.
Disk_Application.exe: 00002C14: 11:50:23 [TUniServerModule]:Stopping HTTP Server.
Disk_Application.exe: 00002C14: 11:50:24 [TUniServerModule]:HTTP Server Stopped.
Disk_Application.exe: 00002C14: 11:50:24 [TUniGUISessionManager]:Terminating Session manager.
Disk_Application.exe: 00002C14: 11:50:24 [TUniGUISessionManager]:Stopping Cache Eraser...
Disk_Application.exe: 00002C14: 11:50:24 [TUniGUISessionManager]:Cache Eraser Stopped.
Disk_Application.exe: 00002C14: 11:50:24 [TUniGUISessionManager]:Destroying Worker Threads.
Disk_Application.exe: 00002C14: 11:50:24 [TUniGUISessionManager]:Session manager terminated.
Disk_Application.exe: 00002C14: 11:50:24 [TUniWebSocketStack]:Terminating...
Disk_Application.exe: 00002C14: 11:50:24 [TUniGUIMessageQ]:Terminated.
Disk_Application.exe: 00002C14: 11:50:24 [TUniWebSocketStack]:Terminated.
Disk_Application.exe: 00002C14: 11:50:24 [TUniServerModule]:Server Shutdown Completed.
Disk_Application.exe: 00002C14: 11:50:24 []:<-------------------------------------------------------------->
Disk_Application.exe: 00002C14: 11:50:24 [Terminated]:Exit Code: 0
Disk_Application.exe: 00000814: 11:50:28 []:>--------------------------------------------------------------<
Disk_Application.exe: 00000814: 11:50:28 [TUniServerModule]:Server First Init.
Disk_Application.exe: 00000814: 11:50:28 [TUniServerModule]:Start Path = C:\Users\admin\Downloads\disk-application-master\disk-application-master\Win32\Debug\
Disk_Application.exe: 00000814: 11:50:28 [TUniGUISessionManager]:Cache erase job created, Folder count: [1]
Disk_Application.exe: 00000814: 11:50:28 [TUniServerModule]:Starting HTTP Server on Port: 8077...
Disk_Application.exe: 00000814: 11:50:28 [TUniServerModule]:HTTP Server Started on Port: 8077
Disk_Application.exe: 0000196C: 11:50:31 [127.0.0.1]:EUniSessionException : Invalid session or session Timeout. (Session not found: JoLeUgGLeJ10EEE0C69 ) : Addr: $008C437D
Disk_Application.exe: 00004090: 14:50:11 [127.0.0.1]:EUniSessionException : Invalid session or session Timeout. (Session not found: ZgNY9zhrD610EEE0D7E ) : Addr: $008C437D
