Disk_Application.exe: 0000111C: 09:43:19 [TUniServerModule]:Shutting Down Server.
Disk_Application.exe: 0000111C: 09:43:19 [TUniServerModule]:Stopping HTTP Server.
Disk_Application.exe: 0000111C: 09:43:20 [TUniServerModule]:HTTP Server Stopped.
Disk_Application.exe: 0000111C: 09:43:20 [TUniGUISessionManager]:Terminating Session manager.
Disk_Application.exe: 0000111C: 09:43:20 [TUniGUISessionManager]:Stopping Cache Eraser...
Disk_Application.exe: 0000111C: 09:43:20 [TUniGUISessionManager]:Cache Eraser Stopped.
Disk_Application.exe: 0000111C: 09:43:20 [TUniGUISessionManager]:Destroying Worker Threads.
Disk_Application.exe: 0000111C: 09:43:20 [TUniGUISessionManager]:Session manager terminated.
Disk_Application.exe: 0000111C: 09:43:20 [TUniWebSocketStack]:Terminating...
Disk_Application.exe: 0000111C: 09:43:20 [TUniGUIMessageQ]:Terminated.
Disk_Application.exe: 0000111C: 09:43:20 [TUniWebSocketStack]:Terminated.
Disk_Application.exe: 0000111C: 09:43:20 [TUniServerModule]:Server Shutdown Completed.
Disk_Application.exe: 0000111C: 09:43:20 []:<-------------------------------------------------------------->
Disk_Application.exe: 0000111C: 09:43:20 [Terminated]:Exit Code: 0
Disk_Application.exe: 000034E8: 09:43:29 []:>--------------------------------------------------------------<
Disk_Application.exe: 000034E8: 09:43:29 [TUniServerModule]:Server First Init.
Disk_Application.exe: 000034E8: 09:43:29 [TUniServerModule]:Start Path = C:\Users\admin\Downloads\disk-application-master\disk-application-master\Win32\Debug\
Disk_Application.exe: 000034E8: 09:43:29 [TUniServerModule]:Starting HTTP Server on Port: 8077...
Disk_Application.exe: 000034E8: 09:43:29 [TUniServerModule]:HTTP Server Started on Port: 8077
Disk_Application.exe: 00001458: 09:43:33 [127.0.0.1]:EUniSessionException : Invalid session or session Timeout. (Session not found: bYEsZV3pxr10EE4BE56 ) : Addr: $0129437D
Disk_Application.exe: 00003104: 09:43:33 [Indy]:EIdException : Invalid codepage (65001) : Addr: $0113D008
Disk_Application.exe: 000034E8: 09:48:34 [TUniServerModule]:Shutting Down Server.
Disk_Application.exe: 000034E8: 09:48:34 [TUniServerModule]:Stopping HTTP Server.
Disk_Application.exe: 000034E8: 09:48:35 [TUniServerModule]:HTTP Server Stopped.
Disk_Application.exe: 000034E8: 09:48:35 [TUniGUISessionManager]:Terminating Session manager.
Disk_Application.exe: 000034E8: 09:48:35 [TUniGUISessionManager]:Stopping Cache Eraser...
Disk_Application.exe: 000034E8: 09:48:35 [TUniGUISessionManager]:Cache Eraser Stopped.
Disk_Application.exe: 000034E8: 09:48:35 [TUniGUISessionManager]:Destroying Worker Threads.
Disk_Application.exe: 000034E8: 09:48:35 [TUniGUISessionManager]:Session manager terminated.
Disk_Application.exe: 000034E8: 09:48:35 [TUniWebSocketStack]:Terminating...
Disk_Application.exe: 000034E8: 09:48:35 [TUniGUIMessageQ]:Terminated.
Disk_Application.exe: 000034E8: 09:48:35 [TUniWebSocketStack]:Terminated.
Disk_Application.exe: 000034E8: 09:48:35 [TUniServerModule]:Server Shutdown Completed.
Disk_Application.exe: 000034E8: 09:48:35 []:<-------------------------------------------------------------->
Disk_Application.exe: 000034E8: 09:48:35 [Terminated]:Exit Code: 0
Disk_Application.exe: 000023A0: 09:48:42 []:>--------------------------------------------------------------<
Disk_Application.exe: 000023A0: 09:48:42 [TUniServerModule]:Server First Init.
Disk_Application.exe: 000023A0: 09:48:42 [TUniServerModule]:Start Path = C:\Users\admin\Downloads\disk-application-master\disk-application-master\Win32\Debug\
Disk_Application.exe: 000023A0: 09:48:42 [TUniServerModule]:Starting HTTP Server on Port: 8077...
Disk_Application.exe: 000023A0: 09:48:42 [TUniServerModule]:HTTP Server Started on Port: 8077
Disk_Application.exe: 000012A8: 09:48:44 [127.0.0.1]:EUniSessionException : Invalid session or session Timeout. (Session not found: 4mQyvFXoC110EE4C34E ) : Addr: $00CD437D
Disk_Application.exe: 000012A8: 09:48:58 [127.0.0.1]:EDatabaseError : qStafflog: Field 'staffnumber' not found : Addr: $00E0CB39
Disk_Application.exe: 000023A0: 09:50:40 [TUniServerModule]:Shutting Down Server.
Disk_Application.exe: 000023A0: 09:50:40 [TUniServerModule]:Stopping HTTP Server.
Disk_Application.exe: 000023A0: 09:50:41 [TUniServerModule]:HTTP Server Stopped.
Disk_Application.exe: 000023A0: 09:50:41 [TUniGUISessionManager]:Terminating Session manager.
Disk_Application.exe: 000023A0: 09:50:41 [TUniGUISessionManager]:Stopping Cache Eraser...
Disk_Application.exe: 000023A0: 09:50:41 [TUniGUISessionManager]:Cache Eraser Stopped.
Disk_Application.exe: 000023A0: 09:50:41 [TUniGUISessionManager]:Destroying Worker Threads.
Disk_Application.exe: 000023A0: 09:50:41 [TUniGUISessionManager]:Session manager terminated.
Disk_Application.exe: 000023A0: 09:50:41 [TUniWebSocketStack]:Terminating...
Disk_Application.exe: 000023A0: 09:50:41 [TUniGUIMessageQ]:Terminated.
Disk_Application.exe: 000023A0: 09:50:41 [TUniWebSocketStack]:Terminated.
Disk_Application.exe: 000023A0: 09:50:41 [TUniServerModule]:Server Shutdown Completed.
Disk_Application.exe: 000023A0: 09:50:41 []:<-------------------------------------------------------------->
Disk_Application.exe: 000023A0: 09:50:41 [Terminated]:Exit Code: 0
Disk_Application.exe: 000021F8: 09:50:45 []:>--------------------------------------------------------------<
Disk_Application.exe: 000021F8: 09:50:45 [TUniServerModule]:Server First Init.
Disk_Application.exe: 000021F8: 09:50:45 [TUniServerModule]:Start Path = C:\Users\admin\Downloads\disk-application-master\disk-application-master\Win32\Debug\
Disk_Application.exe: 000021F8: 09:50:45 [TUniGUISessionManager]:Cache erase job created, Folder count: [1]
Disk_Application.exe: 000021F8: 09:50:45 [TUniServerModule]:Starting HTTP Server on Port: 8077...
Disk_Application.exe: 000021F8: 09:50:45 [TUniServerModule]:HTTP Server Started on Port: 8077
Disk_Application.exe: 00003A08: 09:50:49 [127.0.0.1]:EUniSessionException : Invalid session or session Timeout. (Session not found: dJGGHPQd2Y10EE4C4B5 ) : Addr: $012D437D
Disk_Application.exe: 00002680: 09:50:56 [127.0.0.1]:EDatabaseError : Parameter 'staffnumber' not found : Addr: $01117993
Disk_Application.exe: 00002680: 09:52:28 [127.0.0.1]:EDatabaseError : Parameter 'staffnumber' not found : Addr: $01117993
Disk_Application.exe: 000021F8: 09:55:29 [TUniServerModule]:Shutting Down Server.
Disk_Application.exe: 000021F8: 09:55:29 [TUniServerModule]:Stopping HTTP Server.
Disk_Application.exe: 000021F8: 09:55:30 [TUniServerModule]:HTTP Server Stopped.
Disk_Application.exe: 000021F8: 09:55:30 [TUniGUISessionManager]:Terminating Session manager.
Disk_Application.exe: 000021F8: 09:55:30 [TUniGUISessionManager]:Stopping Cache Eraser...
Disk_Application.exe: 000021F8: 09:55:30 [TUniGUISessionManager]:Cache Eraser Stopped.
Disk_Application.exe: 000021F8: 09:55:30 [TUniGUISessionManager]:Destroying Worker Threads.
Disk_Application.exe: 000021F8: 09:55:30 [TUniGUISessionManager]:Session manager terminated.
Disk_Application.exe: 000021F8: 09:55:30 [TUniWebSocketStack]:Terminating...
Disk_Application.exe: 000021F8: 09:55:30 [TUniGUIMessageQ]:Terminated.
Disk_Application.exe: 000021F8: 09:55:30 [TUniWebSocketStack]:Terminated.
Disk_Application.exe: 000021F8: 09:55:30 [TUniServerModule]:Server Shutdown Completed.
Disk_Application.exe: 000021F8: 09:55:30 []:<-------------------------------------------------------------->
Disk_Application.exe: 000021F8: 09:55:30 [Terminated]:Exit Code: 0
Disk_Application.exe: 000038A0: 09:55:34 []:>--------------------------------------------------------------<
Disk_Application.exe: 000038A0: 09:55:34 [TUniServerModule]:Server First Init.
Disk_Application.exe: 000038A0: 09:55:34 [TUniServerModule]:Start Path = C:\Users\admin\Downloads\disk-application-master\disk-application-master\Win32\Debug\
Disk_Application.exe: 000038A0: 09:55:34 [TUniGUISessionManager]:Cache erase job created, Folder count: [1]
Disk_Application.exe: 000038A0: 09:55:34 [TUniServerModule]:Starting HTTP Server on Port: 8077...
Disk_Application.exe: 000038A0: 09:55:34 [TUniServerModule]:HTTP Server Started on Port: 8077
Disk_Application.exe: 000012CC: 09:55:39 [127.0.0.1]:EUniSessionException : Invalid session or session Timeout. (Session not found: AVQlyXQ2nW10EE4C545 ) : Addr: $0072437D
Disk_Application.exe: 000036B4: 09:55:47 [127.0.0.1]:EDatabaseError : qStafflog: Field 'staffnumber' not found : Addr: $0085CB39
Disk_Application.exe: 000038A0: 09:57:15 [TUniServerModule]:Shutting Down Server.
Disk_Application.exe: 000038A0: 09:57:15 [TUniServerModule]:Stopping HTTP Server.
Disk_Application.exe: 000038A0: 09:57:16 [TUniServerModule]:HTTP Server Stopped.
Disk_Application.exe: 000038A0: 09:57:16 [TUniGUISessionManager]:Terminating Session manager.
Disk_Application.exe: 000038A0: 09:57:16 [TUniGUISessionManager]:Stopping Cache Eraser...
Disk_Application.exe: 000038A0: 09:57:16 [TUniGUISessionManager]:Cache Eraser Stopped.
Disk_Application.exe: 000038A0: 09:57:16 [TUniGUISessionManager]:Destroying Worker Threads.
Disk_Application.exe: 000038A0: 09:57:16 [TUniGUISessionManager]:Session manager terminated.
Disk_Application.exe: 000038A0: 09:57:16 [TUniWebSocketStack]:Terminating...
Disk_Application.exe: 000038A0: 09:57:16 [TUniGUIMessageQ]:Terminated.
Disk_Application.exe: 000038A0: 09:57:16 [TUniWebSocketStack]:Terminated.
Disk_Application.exe: 000038A0: 09:57:16 [TUniServerModule]:Server Shutdown Completed.
Disk_Application.exe: 000038A0: 09:57:16 []:<-------------------------------------------------------------->
Disk_Application.exe: 000038A0: 09:57:16 [Terminated]:Exit Code: 0
Disk_Application.exe: 00002D68: 09:57:20 []:>--------------------------------------------------------------<
Disk_Application.exe: 00002D68: 09:57:20 [TUniServerModule]:Server First Init.
Disk_Application.exe: 00002D68: 09:57:20 [TUniServerModule]:Start Path = C:\Users\admin\Downloads\disk-application-master\disk-application-master\Win32\Debug\
Disk_Application.exe: 00002D68: 09:57:20 [TUniGUISessionManager]:Cache erase job created, Folder count: [1]
Disk_Application.exe: 00002D68: 09:57:20 [TUniServerModule]:Starting HTTP Server on Port: 8077...
Disk_Application.exe: 00002D68: 09:57:20 [TUniServerModule]:HTTP Server Started on Port: 8077
Disk_Application.exe: 00000B00: 09:57:21 [127.0.0.1]:EUniSessionException : Invalid session or session Timeout. (Session not found: JxXtzO8gmZ10EE4C695 ) : Addr: $00CE437D
Disk_Application.exe: 00002D68: 09:58:18 [TUniServerModule]:Shutting Down Server.
Disk_Application.exe: 00002D68: 09:58:18 [TUniServerModule]:Stopping HTTP Server.
Disk_Application.exe: 00002D68: 09:58:19 [TUniServerModule]:HTTP Server Stopped.
Disk_Application.exe: 00002D68: 09:58:19 [TUniGUISessionManager]:Terminating Session manager.
Disk_Application.exe: 00002D68: 09:58:19 [TUniGUISessionManager]:Stopping Cache Eraser...
Disk_Application.exe: 00002D68: 09:58:19 [TUniGUISessionManager]:Cache Eraser Stopped.
Disk_Application.exe: 00002D68: 09:58:19 [TUniGUISessionManager]:Destroying Worker Threads.
Disk_Application.exe: 00002D68: 09:58:19 [TUniGUISessionManager]:Session manager terminated.
Disk_Application.exe: 00002D68: 09:58:19 [TUniWebSocketStack]:Terminating...
Disk_Application.exe: 00002D68: 09:58:19 [TUniGUIMessageQ]:Terminated.
Disk_Application.exe: 00002D68: 09:58:19 [TUniWebSocketStack]:Terminated.
Disk_Application.exe: 00002D68: 09:58:19 [TUniServerModule]:Server Shutdown Completed.
Disk_Application.exe: 00002D68: 09:58:19 []:<-------------------------------------------------------------->
Disk_Application.exe: 00002D68: 09:58:19 [Terminated]:Exit Code: 0
Disk_Application.exe: 00002FB0: 09:58:24 []:>--------------------------------------------------------------<
Disk_Application.exe: 00002FB0: 09:58:24 [TUniServerModule]:Server First Init.
Disk_Application.exe: 00002FB0: 09:58:24 [TUniServerModule]:Start Path = C:\Users\admin\Downloads\disk-application-master\disk-application-master\Win32\Debug\
Disk_Application.exe: 00002FB0: 09:58:24 [TUniGUISessionManager]:Cache erase job created, Folder count: [1]
Disk_Application.exe: 00002FB0: 09:58:24 [TUniServerModule]:Starting HTTP Server on Port: 8077...
Disk_Application.exe: 00002FB0: 09:58:24 [TUniServerModule]:HTTP Server Started on Port: 8077
Disk_Application.exe: 00001310: 09:58:28 [127.0.0.1]:EUniSessionException : Invalid session or session Timeout. (Session not found: bT5AEqELDP10EE4C70C ) : Addr: $010B437D
Disk_Application.exe: 00002FB0: 10:06:48 [TUniServerModule]:Shutting Down Server.
Disk_Application.exe: 00002FB0: 10:06:48 [TUniServerModule]:Stopping HTTP Server.
Disk_Application.exe: 00002FB0: 10:06:49 [TUniServerModule]:HTTP Server Stopped.
Disk_Application.exe: 00002FB0: 10:06:49 [TUniGUISessionManager]:Terminating Session manager.
Disk_Application.exe: 00002FB0: 10:06:49 [TUniGUISessionManager]:Stopping Cache Eraser...
Disk_Application.exe: 00002FB0: 10:06:49 [TUniGUISessionManager]:Cache Eraser Stopped.
Disk_Application.exe: 00002FB0: 10:06:49 [TUniGUISessionManager]:Destroying Worker Threads.
Disk_Application.exe: 00002FB0: 10:06:49 [TUniGUISessionManager]:Session manager terminated.
Disk_Application.exe: 00002FB0: 10:06:49 [TUniWebSocketStack]:Terminating...
Disk_Application.exe: 00002FB0: 10:06:49 [TUniGUIMessageQ]:Terminated.
Disk_Application.exe: 00002FB0: 10:06:49 [TUniWebSocketStack]:Terminated.
Disk_Application.exe: 00002FB0: 10:06:49 [TUniServerModule]:Server Shutdown Completed.
Disk_Application.exe: 00002FB0: 10:06:49 []:<-------------------------------------------------------------->
Disk_Application.exe: 00002FB0: 10:06:49 [Terminated]:Exit Code: 0
Disk_Application.exe: 00003FAC: 10:07:05 []:>--------------------------------------------------------------<
Disk_Application.exe: 00003FAC: 10:07:05 [TUniServerModule]:Server First Init.
Disk_Application.exe: 00003FAC: 10:07:05 [TUniServerModule]:Start Path = C:\Users\admin\Downloads\disk-application-master\disk-application-master\Win32\Debug\
Disk_Application.exe: 00003FAC: 10:07:05 [TUniServerModule]:Starting HTTP Server on Port: 8077...
Disk_Application.exe: 00003FAC: 10:07:05 [TUniServerModule]:HTTP Server Started on Port: 8077
Disk_Application.exe: 00002CFC: 10:07:06 [127.0.0.1]:EUniSessionException : Invalid session or session Timeout. (Session not found: udCaXl6rWJ10EE4C759 ) : Addr: $00DC437D
Disk_Application.exe: 00003FAC: 10:11:50 [TUniServerModule]:Shutting Down Server.
Disk_Application.exe: 00003FAC: 10:11:50 [TUniServerModule]:Stopping HTTP Server.
Disk_Application.exe: 00003FAC: 10:11:51 [TUniServerModule]:HTTP Server Stopped.
Disk_Application.exe: 00003FAC: 10:11:51 [TUniGUISessionManager]:Terminating Session manager.
Disk_Application.exe: 00003FAC: 10:11:51 [TUniGUISessionManager]:Stopping Cache Eraser...
Disk_Application.exe: 00003FAC: 10:11:51 [TUniGUISessionManager]:Cache Eraser Stopped.
Disk_Application.exe: 00003FAC: 10:11:51 [TUniGUISessionManager]:Destroying Worker Threads.
Disk_Application.exe: 00003FAC: 10:11:51 [TUniGUISessionManager]:Session manager terminated.
Disk_Application.exe: 00003FAC: 10:11:51 [TUniWebSocketStack]:Terminating...
Disk_Application.exe: 00003FAC: 10:11:51 [TUniGUIMessageQ]:Terminated.
Disk_Application.exe: 00003FAC: 10:11:51 [TUniWebSocketStack]:Terminated.
Disk_Application.exe: 00003FAC: 10:11:51 [TUniServerModule]:Server Shutdown Completed.
Disk_Application.exe: 00003FAC: 10:11:51 []:<-------------------------------------------------------------->
Disk_Application.exe: 00003FAC: 10:11:51 [Terminated]:Exit Code: 0
Disk_Application.exe: 0000299C: 10:11:55 []:>--------------------------------------------------------------<
Disk_Application.exe: 0000299C: 10:11:55 [TUniServerModule]:Server First Init.
Disk_Application.exe: 0000299C: 10:11:55 [TUniServerModule]:Start Path = C:\Users\admin\Downloads\disk-application-master\disk-application-master\Win32\Debug\
Disk_Application.exe: 0000299C: 10:11:55 [TUniGUISessionManager]:Cache erase job created, Folder count: [1]
Disk_Application.exe: 0000299C: 10:11:55 [TUniServerModule]:Starting HTTP Server on Port: 8077...
Disk_Application.exe: 0000299C: 10:11:55 [TUniServerModule]:HTTP Server Started on Port: 8077
Disk_Application.exe: 00003638: 10:11:57 [127.0.0.1]:EUniSessionException : Invalid session or session Timeout. (Session not found: sXLB2r7ePo10EE4C9B1 ) : Addr: $00A5437D
Disk_Application.exe: 0000299C: 10:13:11 [TUniServerModule]:Shutting Down Server.
Disk_Application.exe: 0000299C: 10:13:11 [TUniServerModule]:Stopping HTTP Server.
Disk_Application.exe: 0000299C: 10:13:12 [TUniServerModule]:HTTP Server Stopped.
Disk_Application.exe: 0000299C: 10:13:12 [TUniGUISessionManager]:Terminating Session manager.
Disk_Application.exe: 0000299C: 10:13:12 [TUniGUISessionManager]:Stopping Cache Eraser...
Disk_Application.exe: 0000299C: 10:13:12 [TUniGUISessionManager]:Cache Eraser Stopped.
Disk_Application.exe: 0000299C: 10:13:12 [TUniGUISessionManager]:Destroying Worker Threads.
Disk_Application.exe: 0000299C: 10:13:12 [TUniGUISessionManager]:Session manager terminated.
Disk_Application.exe: 0000299C: 10:13:12 [TUniWebSocketStack]:Terminating...
Disk_Application.exe: 0000299C: 10:13:12 [TUniGUIMessageQ]:Terminated.
Disk_Application.exe: 0000299C: 10:13:12 [TUniWebSocketStack]:Terminated.
Disk_Application.exe: 0000299C: 10:13:12 [TUniServerModule]:Server Shutdown Completed.
Disk_Application.exe: 0000299C: 10:13:12 []:<-------------------------------------------------------------->
Disk_Application.exe: 0000299C: 10:13:12 [Terminated]:Exit Code: 0
Disk_Application.exe: 00003A84: 10:13:16 []:>--------------------------------------------------------------<
Disk_Application.exe: 00003A84: 10:13:16 [TUniServerModule]:Server First Init.
Disk_Application.exe: 00003A84: 10:13:16 [TUniServerModule]:Start Path = C:\Users\admin\Downloads\disk-application-master\disk-application-master\Win32\Debug\
Disk_Application.exe: 00003A84: 10:13:16 [TUniGUISessionManager]:Cache erase job created, Folder count: [1]
Disk_Application.exe: 00003A84: 10:13:16 [TUniServerModule]:Starting HTTP Server on Port: 8077...
Disk_Application.exe: 00003A84: 10:13:16 [TUniServerModule]:HTTP Server Started on Port: 8077
Disk_Application.exe: 00001484: 10:13:18 [127.0.0.1]:EUniSessionException : Invalid session or session Timeout. (Session not found: DwKIR4oHhK10EE4CB01 ) : Addr: $006A437D
Disk_Application.exe: 00003A84: 10:14:13 [TUniServerModule]:Shutting Down Server.
Disk_Application.exe: 00003A84: 10:14:13 [TUniServerModule]:Stopping HTTP Server.
Disk_Application.exe: 00003A84: 10:14:14 [TUniServerModule]:HTTP Server Stopped.
Disk_Application.exe: 00003A84: 10:14:14 [TUniGUISessionManager]:Terminating Session manager.
Disk_Application.exe: 00003A84: 10:14:14 [TUniGUISessionManager]:Stopping Cache Eraser...
Disk_Application.exe: 00003A84: 10:14:14 [TUniGUISessionManager]:Cache Eraser Stopped.
Disk_Application.exe: 00003A84: 10:14:14 [TUniGUISessionManager]:Destroying Worker Threads.
Disk_Application.exe: 00003A84: 10:14:14 [TUniGUISessionManager]:Session manager terminated.
Disk_Application.exe: 00003A84: 10:14:14 [TUniWebSocketStack]:Terminating...
Disk_Application.exe: 00003A84: 10:14:14 [TUniGUIMessageQ]:Terminated.
Disk_Application.exe: 00003A84: 10:14:14 [TUniWebSocketStack]:Terminated.
Disk_Application.exe: 00003A84: 10:14:14 [TUniServerModule]:Server Shutdown Completed.
Disk_Application.exe: 00003A84: 10:14:14 []:<-------------------------------------------------------------->
Disk_Application.exe: 00003A84: 10:14:14 [Terminated]:Exit Code: 0
Disk_Application.exe: 00001F90: 10:14:18 []:>--------------------------------------------------------------<
Disk_Application.exe: 00001F90: 10:14:18 [TUniServerModule]:Server First Init.
Disk_Application.exe: 00001F90: 10:14:18 [TUniServerModule]:Start Path = C:\Users\admin\Downloads\disk-application-master\disk-application-master\Win32\Debug\
Disk_Application.exe: 00001F90: 10:14:18 [TUniGUISessionManager]:Cache erase job created, Folder count: [1]
Disk_Application.exe: 00001F90: 10:14:18 [TUniServerModule]:Starting HTTP Server on Port: 8077...
Disk_Application.exe: 00001F90: 10:14:18 [TUniServerModule]:HTTP Server Started on Port: 8077
Disk_Application.exe: 00003BFC: 10:14:41 [127.0.0.1]:EUniSessionException : Invalid session or session Timeout. (Session not found: G4bHwamtNf10EE4CB5F ) : Addr: $00A1437D
Disk_Application.exe: 00001F90: 10:15:27 [TUniServerModule]:Shutting Down Server.
Disk_Application.exe: 00001F90: 10:15:27 [TUniServerModule]:Stopping HTTP Server.
Disk_Application.exe: 00001F90: 10:15:28 [TUniServerModule]:HTTP Server Stopped.
Disk_Application.exe: 00001F90: 10:15:28 [TUniGUISessionManager]:Terminating Session manager.
Disk_Application.exe: 00001F90: 10:15:28 [TUniGUISessionManager]:Stopping Cache Eraser...
Disk_Application.exe: 00001F90: 10:15:28 [TUniGUISessionManager]:Cache Eraser Stopped.
Disk_Application.exe: 00001F90: 10:15:28 [TUniGUISessionManager]:Destroying Worker Threads.
Disk_Application.exe: 00001F90: 10:15:28 [TUniGUISessionManager]:Session manager terminated.
Disk_Application.exe: 00001F90: 10:15:28 [TUniWebSocketStack]:Terminating...
Disk_Application.exe: 00001F90: 10:15:28 [TUniGUIMessageQ]:Terminated.
Disk_Application.exe: 00001F90: 10:15:28 [TUniWebSocketStack]:Terminated.
Disk_Application.exe: 00001F90: 10:15:28 [TUniServerModule]:Server Shutdown Completed.
Disk_Application.exe: 00001F90: 10:15:28 []:<-------------------------------------------------------------->
Disk_Application.exe: 00001F90: 10:15:28 [Terminated]:Exit Code: 0
Disk_Application.exe: 00002D78: 10:15:38 []:>--------------------------------------------------------------<
Disk_Application.exe: 00002D78: 10:15:38 [TUniServerModule]:Server First Init.
Disk_Application.exe: 00002D78: 10:15:38 [TUniServerModule]:Start Path = C:\Users\admin\Downloads\disk-application-master\disk-application-master\Win32\Debug\
Disk_Application.exe: 00002D78: 10:15:38 [TUniGUISessionManager]:Cache erase job created, Folder count: [1]
Disk_Application.exe: 00002D78: 10:15:38 [TUniServerModule]:Starting HTTP Server on Port: 8077...
Disk_Application.exe: 00002D78: 10:15:38 [TUniServerModule]:HTTP Server Started on Port: 8077
Disk_Application.exe: 000006CC: 10:15:46 [127.0.0.1]:EUniSessionException : Invalid session or session Timeout. (Session not found: Xfg9QuP1IM10EE4CBBF ) : Addr: $005D437D
Disk_Application.exe: 00002D78: 10:18:33 [TUniServerModule]:Shutting Down Server.
Disk_Application.exe: 00002D78: 10:18:33 [TUniServerModule]:Stopping HTTP Server.
Disk_Application.exe: 00002D78: 10:18:34 [TUniServerModule]:HTTP Server Stopped.
Disk_Application.exe: 00002D78: 10:18:34 [TUniGUISessionManager]:Terminating Session manager.
Disk_Application.exe: 00002D78: 10:18:34 [TUniGUISessionManager]:Stopping Cache Eraser...
Disk_Application.exe: 00002D78: 10:18:34 [TUniGUISessionManager]:Cache Eraser Stopped.
Disk_Application.exe: 00002D78: 10:18:34 [TUniGUISessionManager]:Destroying Worker Threads.
Disk_Application.exe: 00002D78: 10:18:34 [TUniGUISessionManager]:Session manager terminated.
Disk_Application.exe: 00002D78: 10:18:34 [TUniWebSocketStack]:Terminating...
Disk_Application.exe: 00002D78: 10:18:34 [TUniGUIMessageQ]:Terminated.
Disk_Application.exe: 00002D78: 10:18:34 [TUniWebSocketStack]:Terminated.
Disk_Application.exe: 00002D78: 10:18:34 [TUniServerModule]:Server Shutdown Completed.
Disk_Application.exe: 00002D78: 10:18:34 []:<-------------------------------------------------------------->
Disk_Application.exe: 00002D78: 10:18:34 [Terminated]:Exit Code: 0
Disk_Application.exe: 00003C14: 10:18:38 []:>--------------------------------------------------------------<
Disk_Application.exe: 00003C14: 10:18:38 [TUniServerModule]:Server First Init.
Disk_Application.exe: 00003C14: 10:18:38 [TUniServerModule]:Start Path = C:\Users\admin\Downloads\disk-application-master\disk-application-master\Win32\Debug\
Disk_Application.exe: 00003C14: 10:18:38 [TUniGUISessionManager]:Cache erase job created, Folder count: [1]
Disk_Application.exe: 00003C14: 10:18:38 [TUniServerModule]:Starting HTTP Server on Port: 8077...
Disk_Application.exe: 00003C14: 10:18:38 [TUniServerModule]:HTTP Server Started on Port: 8077
Disk_Application.exe: 00003C14: 10:19:01 [TUniServerModule]:Shutting Down Server.
Disk_Application.exe: 00003C14: 10:19:01 [TUniServerModule]:Stopping HTTP Server.
Disk_Application.exe: 00003C14: 10:19:02 [TUniServerModule]:HTTP Server Stopped.
Disk_Application.exe: 00003C14: 10:19:02 [TUniGUISessionManager]:Terminating Session manager.
Disk_Application.exe: 00003C14: 10:19:02 [TUniGUISessionManager]:Stopping Cache Eraser...
Disk_Application.exe: 00003C14: 10:19:02 [TUniGUISessionManager]:Cache Eraser Stopped.
Disk_Application.exe: 00003C14: 10:19:02 [TUniGUISessionManager]:Destroying Worker Threads.
Disk_Application.exe: 00003C14: 10:19:02 [TUniGUISessionManager]:Session manager terminated.
Disk_Application.exe: 00003C14: 10:19:02 [TUniWebSocketStack]:Terminating...
Disk_Application.exe: 00003C14: 10:19:02 [TUniGUIMessageQ]:Terminated.
Disk_Application.exe: 00003C14: 10:19:02 [TUniWebSocketStack]:Terminated.
Disk_Application.exe: 00003C14: 10:19:02 [TUniServerModule]:Server Shutdown Completed.
Disk_Application.exe: 00003C14: 10:19:02 []:<-------------------------------------------------------------->
Disk_Application.exe: 00003C14: 10:19:02 [Terminated]:Exit Code: 0
Disk_Application.exe: 00001CB0: 10:19:07 []:>--------------------------------------------------------------<
Disk_Application.exe: 00001CB0: 10:19:07 [TUniServerModule]:Server First Init.
Disk_Application.exe: 00001CB0: 10:19:07 [TUniServerModule]:Start Path = C:\Users\admin\Downloads\disk-application-master\disk-application-master\Win32\Debug\
Disk_Application.exe: 00001CB0: 10:19:07 [TUniServerModule]:Starting HTTP Server on Port: 8077...
Disk_Application.exe: 00001CB0: 10:19:07 [TUniServerModule]:HTTP Server Started on Port: 8077
Disk_Application.exe: 00001D9C: 10:19:08 [127.0.0.1]:EUniSessionException : Invalid session or session Timeout. (Session not found: Y1Rgsg1FSO10EE4CC0A ) : Addr: $00D1437D
Disk_Application.exe: 00001CB0: 10:20:04 [TUniServerModule]:Shutting Down Server.
Disk_Application.exe: 00001CB0: 10:20:04 [TUniServerModule]:Stopping HTTP Server.
Disk_Application.exe: 00001CB0: 10:20:05 [TUniServerModule]:HTTP Server Stopped.
Disk_Application.exe: 00001CB0: 10:20:05 [TUniGUISessionManager]:Terminating Session manager.
Disk_Application.exe: 00001CB0: 10:20:05 [TUniGUISessionManager]:Stopping Cache Eraser...
Disk_Application.exe: 00001CB0: 10:20:05 [TUniGUISessionManager]:Cache Eraser Stopped.
Disk_Application.exe: 00001CB0: 10:20:05 [TUniGUISessionManager]:Destroying Worker Threads.
Disk_Application.exe: 00001CB0: 10:20:05 [TUniGUISessionManager]:Session manager terminated.
Disk_Application.exe: 00001CB0: 10:20:05 [TUniWebSocketStack]:Terminating...
Disk_Application.exe: 00001CB0: 10:20:05 [TUniGUIMessageQ]:Terminated.
Disk_Application.exe: 00001CB0: 10:20:05 [TUniWebSocketStack]:Terminated.
Disk_Application.exe: 00001CB0: 10:20:05 [TUniServerModule]:Server Shutdown Completed.
Disk_Application.exe: 00001CB0: 10:20:05 []:<-------------------------------------------------------------->
Disk_Application.exe: 00001CB0: 10:20:05 [Terminated]:Exit Code: 0
Disk_Application.exe: 00002C3C: 10:20:09 []:>--------------------------------------------------------------<
Disk_Application.exe: 00002C3C: 10:20:09 [TUniServerModule]:Server First Init.
Disk_Application.exe: 00002C3C: 10:20:09 [TUniServerModule]:Start Path = C:\Users\admin\Downloads\disk-application-master\disk-application-master\Win32\Debug\
Disk_Application.exe: 00002C3C: 10:20:09 [TUniGUISessionManager]:Cache erase job created, Folder count: [1]
Disk_Application.exe: 00002C3C: 10:20:09 [TUniServerModule]:Starting HTTP Server on Port: 8077...
Disk_Application.exe: 00002C3C: 10:20:09 [TUniServerModule]:HTTP Server Started on Port: 8077
Disk_Application.exe: 00003010: 10:20:12 [127.0.0.1]:EUniSessionException : Invalid session or session Timeout. (Session not found: NLiBDuWPAB10EE4CCF3 ) : Addr: $00FB437D
Disk_Application.exe: 00002C3C: 10:23:00 [TUniServerModule]:Shutting Down Server.
Disk_Application.exe: 00002C3C: 10:23:00 [TUniServerModule]:Stopping HTTP Server.
Disk_Application.exe: 00002C3C: 10:23:01 [TUniServerModule]:HTTP Server Stopped.
Disk_Application.exe: 00002C3C: 10:23:01 [TUniGUISessionManager]:Terminating Session manager.
Disk_Application.exe: 00002C3C: 10:23:01 [TUniGUISessionManager]:Stopping Cache Eraser...
Disk_Application.exe: 00002C3C: 10:23:01 [TUniGUISessionManager]:Cache Eraser Stopped.
Disk_Application.exe: 00002C3C: 10:23:01 [TUniGUISessionManager]:Destroying Worker Threads.
Disk_Application.exe: 00002C3C: 10:23:01 [TUniGUISessionManager]:Session manager terminated.
Disk_Application.exe: 00002C3C: 10:23:01 [TUniWebSocketStack]:Terminating...
Disk_Application.exe: 00002C3C: 10:23:01 [TUniGUIMessageQ]:Terminated.
Disk_Application.exe: 00002C3C: 10:23:01 [TUniWebSocketStack]:Terminated.
Disk_Application.exe: 00002C3C: 10:23:01 [TUniServerModule]:Server Shutdown Completed.
Disk_Application.exe: 00002C3C: 10:23:01 []:<-------------------------------------------------------------->
Disk_Application.exe: 00002C3C: 10:23:01 [Terminated]:Exit Code: 0
Disk_Application.exe: 00002974: 10:23:04 []:>--------------------------------------------------------------<
Disk_Application.exe: 00002974: 10:23:04 [TUniServerModule]:Server First Init.
Disk_Application.exe: 00002974: 10:23:04 [TUniServerModule]:Start Path = C:\Users\admin\Downloads\disk-application-master\disk-application-master\Win32\Debug\
Disk_Application.exe: 00002974: 10:23:04 [TUniGUISessionManager]:Cache erase job created, Folder count: [1]
Disk_Application.exe: 00002974: 10:23:04 [TUniServerModule]:Starting HTTP Server on Port: 8077...
Disk_Application.exe: 00002974: 10:23:04 [TUniServerModule]:HTTP Server Started on Port: 8077
Disk_Application.exe: 00002F98: 10:23:06 [127.0.0.1]:EUniSessionException : Invalid session or session Timeout. (Session not found: hOXpbcKRQ510EE4CD3E ) : Addr: $009D437D
Disk_Application.exe: 00002974: 10:27:59 [TUniServerModule]:Shutting Down Server.
Disk_Application.exe: 00002974: 10:27:59 [TUniServerModule]:Stopping HTTP Server.
Disk_Application.exe: 00002974: 10:28:00 [TUniServerModule]:HTTP Server Stopped.
Disk_Application.exe: 00002974: 10:28:00 [TUniGUISessionManager]:Terminating Session manager.
Disk_Application.exe: 00002974: 10:28:00 [TUniGUISessionManager]:Stopping Cache Eraser...
Disk_Application.exe: 00002974: 10:28:00 [TUniGUISessionManager]:Cache Eraser Stopped.
Disk_Application.exe: 00002974: 10:28:00 [TUniGUISessionManager]:Destroying Worker Threads.
Disk_Application.exe: 00002974: 10:28:00 [TUniGUISessionManager]:Session manager terminated.
Disk_Application.exe: 00002974: 10:28:00 [TUniWebSocketStack]:Terminating...
Disk_Application.exe: 00002974: 10:28:00 [TUniGUIMessageQ]:Terminated.
Disk_Application.exe: 00002974: 10:28:00 [TUniWebSocketStack]:Terminated.
Disk_Application.exe: 00002974: 10:28:00 [TUniServerModule]:Server Shutdown Completed.
Disk_Application.exe: 00002974: 10:28:00 []:<-------------------------------------------------------------->
Disk_Application.exe: 00002974: 10:28:00 [Terminated]:Exit Code: 0
Disk_Application.exe: 00003D90: 10:28:04 []:>--------------------------------------------------------------<
Disk_Application.exe: 00003D90: 10:28:04 [TUniServerModule]:Server First Init.
Disk_Application.exe: 00003D90: 10:28:04 [TUniServerModule]:Start Path = C:\Users\admin\Downloads\disk-application-master\disk-application-master\Win32\Debug\
Disk_Application.exe: 00003D90: 10:28:04 [TUniServerModule]:Starting HTTP Server on Port: 8077...
Disk_Application.exe: 00003D90: 10:28:04 [TUniServerModule]:HTTP Server Started on Port: 8077
Disk_Application.exe: 00003A80: 10:28:04 [127.0.0.1]:EUniSessionException : Invalid session or session Timeout. (Session not found: d4rvS54xNe10EE4CE08 ) : Addr: $010B437D
Disk_Application.exe: 00001098: 10:48:00 [127.0.0.1]:EUniSessionException : Invalid session or session Timeout. (Session not found: AvMBFJYG7810EE4CF60 ) : Addr: $010B437D
Disk_Application.exe: 00003D90: 10:48:28 [TUniServerModule]:Shutting Down Server.
Disk_Application.exe: 00003D90: 10:48:28 [TUniServerModule]:Stopping HTTP Server.
Disk_Application.exe: 00003D90: 10:48:29 [TUniServerModule]:HTTP Server Stopped.
Disk_Application.exe: 00003D90: 10:48:29 [TUniGUISessionManager]:Terminating Session manager.
Disk_Application.exe: 00003D90: 10:48:29 [TUniGUISessionManager]:Stopping Cache Eraser...
Disk_Application.exe: 00003D90: 10:48:29 [TUniGUISessionManager]:Cache Eraser Stopped.
Disk_Application.exe: 00003D90: 10:48:29 [TUniGUISessionManager]:Destroying Worker Threads.
Disk_Application.exe: 00003D90: 10:48:30 [TUniGUISessionManager]:Session manager terminated.
Disk_Application.exe: 00003D90: 10:48:30 [TUniWebSocketStack]:Terminating...
Disk_Application.exe: 00003D90: 10:48:30 [TUniGUIMessageQ]:Terminated.
Disk_Application.exe: 00003D90: 10:48:30 [TUniWebSocketStack]:Terminated.
Disk_Application.exe: 00003D90: 10:48:30 [TUniServerModule]:Server Shutdown Completed.
Disk_Application.exe: 00003D90: 10:48:30 []:<-------------------------------------------------------------->
Disk_Application.exe: 00003D90: 10:48:30 [Terminated]:Exit Code: 0
Disk_Application.exe: 00000D50: 10:48:34 []:>--------------------------------------------------------------<
Disk_Application.exe: 00000D50: 10:48:34 [TUniServerModule]:Server First Init.
Disk_Application.exe: 00000D50: 10:48:34 [TUniServerModule]:Start Path = C:\Users\admin\Downloads\disk-application-master\disk-application-master\Win32\Debug\
Disk_Application.exe: 00000D50: 10:48:34 [TUniGUISessionManager]:Cache erase job created, Folder count: [1]
Disk_Application.exe: 00000D50: 10:48:34 [TUniServerModule]:Starting HTTP Server on Port: 8077...
Disk_Application.exe: 00000D50: 10:48:34 [TUniServerModule]:HTTP Server Started on Port: 8077
Disk_Application.exe: 00001E08: 10:48:35 [127.0.0.1]:EUniSessionException : Invalid session or session Timeout. (Session not found: hZnvcW5OZZ10EE4D4CA ) : Addr: $0122437D
Disk_Application.exe: 00000D50: 12:31:59 [TUniServerModule]:Shutting Down Server.
Disk_Application.exe: 00000D50: 12:31:59 [TUniServerModule]:Stopping HTTP Server.
Disk_Application.exe: 00000D50: 12:32:00 [TUniServerModule]:HTTP Server Stopped.
Disk_Application.exe: 00000D50: 12:32:00 [TUniGUISessionManager]:Terminating Session manager.
Disk_Application.exe: 00000D50: 12:32:00 [TUniGUISessionManager]:Stopping Cache Eraser...
Disk_Application.exe: 00000D50: 12:32:00 [TUniGUISessionManager]:Cache Eraser Stopped.
Disk_Application.exe: 00000D50: 12:32:00 [TUniGUISessionManager]:Destroying Worker Threads.
Disk_Application.exe: 00000D50: 12:32:00 [TUniGUISessionManager]:Session manager terminated.
Disk_Application.exe: 00000D50: 12:32:00 [TUniWebSocketStack]:Terminating...
Disk_Application.exe: 00000D50: 12:32:00 [TUniGUIMessageQ]:Terminated.
Disk_Application.exe: 00000D50: 12:32:00 [TUniWebSocketStack]:Terminated.
Disk_Application.exe: 00000D50: 12:32:00 [TUniServerModule]:Server Shutdown Completed.
Disk_Application.exe: 00000D50: 12:32:00 []:<-------------------------------------------------------------->
Disk_Application.exe: 00000D50: 12:32:00 [Terminated]:Exit Code: 0
Disk_Application.exe: 000035C0: 12:32:12 []:>--------------------------------------------------------------<
Disk_Application.exe: 000035C0: 12:32:12 [TUniServerModule]:Server First Init.
Disk_Application.exe: 000035C0: 12:32:12 [TUniServerModule]:Start Path = C:\Users\admin\Downloads\disk-application-master\disk-application-master\Win32\Debug\
Disk_Application.exe: 000035C0: 12:32:12 [TUniServerModule]:Starting HTTP Server on Port: 8077...
Disk_Application.exe: 000035C0: 12:32:12 [TUniServerModule]:HTTP Server Started on Port: 8077
Disk_Application.exe: 0000163C: 12:32:16 [127.0.0.1]:EUniSessionException : Invalid session or session Timeout. (Session not found: U4r85fRTkc10EE4D4F1 ) : Addr: $008D437D
Disk_Application.exe: 000035C0: 12:33:02 [TUniServerModule]:Shutting Down Server.
Disk_Application.exe: 000035C0: 12:33:02 [TUniServerModule]:Stopping HTTP Server.
Disk_Application.exe: 000035C0: 12:33:03 [TUniServerModule]:HTTP Server Stopped.
Disk_Application.exe: 000035C0: 12:33:03 [TUniGUISessionManager]:Terminating Session manager.
Disk_Application.exe: 000035C0: 12:33:03 [TUniGUISessionManager]:Stopping Cache Eraser...
Disk_Application.exe: 000035C0: 12:33:03 [TUniGUISessionManager]:Cache Eraser Stopped.
Disk_Application.exe: 000035C0: 12:33:03 [TUniGUISessionManager]:Destroying Worker Threads.
Disk_Application.exe: 000035C0: 12:33:03 [TUniGUISessionManager]:Session manager terminated.
Disk_Application.exe: 000035C0: 12:33:03 [TUniWebSocketStack]:Terminating...
Disk_Application.exe: 000035C0: 12:33:03 [TUniGUIMessageQ]:Terminated.
Disk_Application.exe: 000035C0: 12:33:03 [TUniWebSocketStack]:Terminated.
Disk_Application.exe: 000035C0: 12:33:03 [TUniServerModule]:Server Shutdown Completed.
Disk_Application.exe: 000035C0: 12:33:03 []:<-------------------------------------------------------------->
Disk_Application.exe: 000035C0: 12:33:03 [Terminated]:Exit Code: 0
Disk_Application.exe: 00002354: 12:33:07 []:>--------------------------------------------------------------<
Disk_Application.exe: 00002354: 12:33:07 [TUniServerModule]:Server First Init.
Disk_Application.exe: 00002354: 12:33:07 [TUniServerModule]:Start Path = C:\Users\admin\Downloads\disk-application-master\disk-application-master\Win32\Debug\
Disk_Application.exe: 00002354: 12:33:07 [TUniGUISessionManager]:Cache erase job created, Folder count: [1]
Disk_Application.exe: 00002354: 12:33:07 [TUniServerModule]:Starting HTTP Server on Port: 8077...
Disk_Application.exe: 00002354: 12:33:07 [TUniServerModule]:HTTP Server Started on Port: 8077
Disk_Application.exe: 00003B8C: 12:33:13 [127.0.0.1]:EUniSessionException : Invalid session or session Timeout. (Session not found: LL1cT4yXVF10EE4F111 ) : Addr: $00FD437D
Disk_Application.exe: 00002354: 12:36:56 [TUniServerModule]:Shutting Down Server.
Disk_Application.exe: 00002354: 12:36:56 [TUniServerModule]:Stopping HTTP Server.
Disk_Application.exe: 00002354: 12:36:57 [TUniServerModule]:HTTP Server Stopped.
Disk_Application.exe: 00002354: 12:36:57 [TUniGUISessionManager]:Terminating Session manager.
Disk_Application.exe: 00002354: 12:36:57 [TUniGUISessionManager]:Stopping Cache Eraser...
Disk_Application.exe: 00002354: 12:36:57 [TUniGUISessionManager]:Cache Eraser Stopped.
Disk_Application.exe: 00002354: 12:36:57 [TUniGUISessionManager]:Destroying Worker Threads.
Disk_Application.exe: 00002354: 12:36:57 [TUniGUISessionManager]:Session manager terminated.
Disk_Application.exe: 00002354: 12:36:57 [TUniWebSocketStack]:Terminating...
Disk_Application.exe: 00002354: 12:36:57 [TUniGUIMessageQ]:Terminated.
Disk_Application.exe: 00002354: 12:36:57 [TUniWebSocketStack]:Terminated.
Disk_Application.exe: 00002354: 12:36:57 [TUniServerModule]:Server Shutdown Completed.
Disk_Application.exe: 00002354: 12:36:57 []:<-------------------------------------------------------------->
Disk_Application.exe: 00002354: 12:36:57 [Terminated]:Exit Code: 0
Disk_Application.exe: 0000145C: 12:37:01 []:>--------------------------------------------------------------<
Disk_Application.exe: 0000145C: 12:37:01 [TUniServerModule]:Server First Init.
Disk_Application.exe: 0000145C: 12:37:01 [TUniServerModule]:Start Path = C:\Users\admin\Downloads\disk-application-master\disk-application-master\Win32\Debug\
Disk_Application.exe: 0000145C: 12:37:01 [TUniGUISessionManager]:Cache erase job created, Folder count: [1]
Disk_Application.exe: 0000145C: 12:37:01 [TUniServerModule]:Starting HTTP Server on Port: 8077...
Disk_Application.exe: 0000145C: 12:37:01 [TUniServerModule]:HTTP Server Started on Port: 8077
Disk_Application.exe: 000024E0: 12:37:03 [127.0.0.1]:EUniSessionException : Invalid session or session Timeout. (Session not found: PaevflyACN10EE4F153 ) : Addr: $0046437D
Disk_Application.exe: 0000145C: 12:38:42 [TUniServerModule]:Shutting Down Server.
Disk_Application.exe: 0000145C: 12:38:42 [TUniServerModule]:Stopping HTTP Server.
Disk_Application.exe: 0000145C: 12:38:43 [TUniServerModule]:HTTP Server Stopped.
Disk_Application.exe: 0000145C: 12:38:43 [TUniGUISessionManager]:Terminating Session manager.
Disk_Application.exe: 0000145C: 12:38:43 [TUniGUISessionManager]:Stopping Cache Eraser...
Disk_Application.exe: 0000145C: 12:38:43 [TUniGUISessionManager]:Cache Eraser Stopped.
Disk_Application.exe: 0000145C: 12:38:43 [TUniGUISessionManager]:Destroying Worker Threads.
Disk_Application.exe: 0000145C: 12:38:43 [TUniGUISessionManager]:Session manager terminated.
Disk_Application.exe: 0000145C: 12:38:43 [TUniWebSocketStack]:Terminating...
Disk_Application.exe: 0000145C: 12:38:43 [TUniGUIMessageQ]:Terminated.
Disk_Application.exe: 0000145C: 12:38:43 [TUniWebSocketStack]:Terminated.
Disk_Application.exe: 0000145C: 12:38:43 [TUniServerModule]:Server Shutdown Completed.
Disk_Application.exe: 0000145C: 12:38:43 []:<-------------------------------------------------------------->
Disk_Application.exe: 0000145C: 12:38:43 [Terminated]:Exit Code: 0
Disk_Application.exe: 00000720: 12:38:46 []:>--------------------------------------------------------------<
Disk_Application.exe: 00000720: 12:38:46 [TUniServerModule]:Server First Init.
Disk_Application.exe: 00000720: 12:38:46 [TUniServerModule]:Start Path = C:\Users\admin\Downloads\disk-application-master\disk-application-master\Win32\Debug\
Disk_Application.exe: 00000720: 12:38:46 [TUniGUISessionManager]:Cache erase job created, Folder count: [1]
Disk_Application.exe: 00000720: 12:38:46 [TUniServerModule]:Starting HTTP Server on Port: 8077...
Disk_Application.exe: 00000720: 12:38:46 [TUniServerModule]:HTTP Server Started on Port: 8077
Disk_Application.exe: 000039B8: 12:38:47 [127.0.0.1]:EUniSessionException : Invalid session or session Timeout. (Session not found: qLcsj8pPKj10EE4F25E ) : Addr: $0104437D
Disk_Application.exe: 00000720: 12:39:59 [TUniServerModule]:Shutting Down Server.
Disk_Application.exe: 00000720: 12:39:59 [TUniServerModule]:Stopping HTTP Server.
Disk_Application.exe: 00000720: 12:40:00 [TUniServerModule]:HTTP Server Stopped.
Disk_Application.exe: 00000720: 12:40:00 [TUniGUISessionManager]:Terminating Session manager.
Disk_Application.exe: 00000720: 12:40:00 [TUniGUISessionManager]:Stopping Cache Eraser...
Disk_Application.exe: 00000720: 12:40:00 [TUniGUISessionManager]:Cache Eraser Stopped.
Disk_Application.exe: 00000720: 12:40:00 [TUniGUISessionManager]:Destroying Worker Threads.
Disk_Application.exe: 00000720: 12:40:00 [TUniGUISessionManager]:Session manager terminated.
Disk_Application.exe: 00000720: 12:40:00 [TUniWebSocketStack]:Terminating...
Disk_Application.exe: 00000720: 12:40:00 [TUniGUIMessageQ]:Terminated.
Disk_Application.exe: 00000720: 12:40:00 [TUniWebSocketStack]:Terminated.
Disk_Application.exe: 00000720: 12:40:00 [TUniServerModule]:Server Shutdown Completed.
Disk_Application.exe: 00000720: 12:40:00 []:<-------------------------------------------------------------->
Disk_Application.exe: 00000720: 12:40:00 [Terminated]:Exit Code: 0
Disk_Application.exe: 00003EA4: 12:40:04 []:>--------------------------------------------------------------<
Disk_Application.exe: 00003EA4: 12:40:04 [TUniServerModule]:Server First Init.
Disk_Application.exe: 00003EA4: 12:40:04 [TUniServerModule]:Start Path = C:\Users\admin\Downloads\disk-application-master\disk-application-master\Win32\Debug\
Disk_Application.exe: 00003EA4: 12:40:04 [TUniGUISessionManager]:Cache erase job created, Folder count: [1]
Disk_Application.exe: 00003EA4: 12:40:04 [TUniServerModule]:Starting HTTP Server on Port: 8077...
Disk_Application.exe: 00003EA4: 12:40:04 [TUniServerModule]:HTTP Server Started on Port: 8077
Disk_Application.exe: 0000356C: 12:40:04 [127.0.0.1]:EUniSessionException : Invalid session or session Timeout. (Session not found: OJk57eLDjV10EE4F2D6 ) : Addr: $0123437D
Disk_Application.exe: 00003EA4: 12:40:47 [TUniServerModule]:Shutting Down Server.
Disk_Application.exe: 00003EA4: 12:40:47 [TUniServerModule]:Stopping HTTP Server.
Disk_Application.exe: 00003EA4: 12:40:48 [TUniServerModule]:HTTP Server Stopped.
Disk_Application.exe: 00003EA4: 12:40:48 [TUniGUISessionManager]:Terminating Session manager.
Disk_Application.exe: 00003EA4: 12:40:48 [TUniGUISessionManager]:Stopping Cache Eraser...
Disk_Application.exe: 00003EA4: 12:40:48 [TUniGUISessionManager]:Cache Eraser Stopped.
Disk_Application.exe: 00003EA4: 12:40:48 [TUniGUISessionManager]:Destroying Worker Threads.
Disk_Application.exe: 00003EA4: 12:40:48 [TUniGUISessionManager]:Session manager terminated.
Disk_Application.exe: 00003EA4: 12:40:48 [TUniWebSocketStack]:Terminating...
Disk_Application.exe: 00003EA4: 12:40:48 [TUniGUIMessageQ]:Terminated.
Disk_Application.exe: 00003EA4: 12:40:48 [TUniWebSocketStack]:Terminated.
Disk_Application.exe: 00003EA4: 12:40:48 [TUniServerModule]:Server Shutdown Completed.
Disk_Application.exe: 00003EA4: 12:40:48 []:<-------------------------------------------------------------->
Disk_Application.exe: 00003EA4: 12:40:48 [Terminated]:Exit Code: 0
Disk_Application.exe: 00001CEC: 12:40:52 []:>--------------------------------------------------------------<
Disk_Application.exe: 00001CEC: 12:40:52 [TUniServerModule]:Server First Init.
Disk_Application.exe: 00001CEC: 12:40:52 [TUniServerModule]:Start Path = C:\Users\admin\Downloads\disk-application-master\disk-application-master\Win32\Debug\
Disk_Application.exe: 00001CEC: 12:40:52 [TUniGUISessionManager]:Cache erase job created, Folder count: [1]
Disk_Application.exe: 00001CEC: 12:40:52 [TUniServerModule]:Starting HTTP Server on Port: 8077...
Disk_Application.exe: 00001CEC: 12:40:52 [TUniServerModule]:HTTP Server Started on Port: 8077
Disk_Application.exe: 00002904: 12:40:52 [127.0.0.1]:EUniSessionException : Invalid session or session Timeout. (Session not found: NyTYVYjsZZ10EE4F32F ) : Addr: $0112437D
Disk_Application.exe: 00001CEC: 12:42:46 [TUniServerModule]:Shutting Down Server.
Disk_Application.exe: 00001CEC: 12:42:46 [TUniServerModule]:Stopping HTTP Server.
Disk_Application.exe: 00001CEC: 12:42:47 [TUniServerModule]:HTTP Server Stopped.
Disk_Application.exe: 00001CEC: 12:42:47 [TUniGUISessionManager]:Terminating Session manager.
Disk_Application.exe: 00001CEC: 12:42:47 [TUniGUISessionManager]:Stopping Cache Eraser...
Disk_Application.exe: 00001CEC: 12:42:47 [TUniGUISessionManager]:Cache Eraser Stopped.
Disk_Application.exe: 00001CEC: 12:42:47 [TUniGUISessionManager]:Destroying Worker Threads.
Disk_Application.exe: 00001CEC: 12:42:47 [TUniGUISessionManager]:Session manager terminated.
Disk_Application.exe: 00001CEC: 12:42:47 [TUniWebSocketStack]:Terminating...
Disk_Application.exe: 00001CEC: 12:42:47 [TUniGUIMessageQ]:Terminated.
Disk_Application.exe: 00001CEC: 12:42:47 [TUniWebSocketStack]:Terminated.
Disk_Application.exe: 00001CEC: 12:42:47 [TUniServerModule]:Server Shutdown Completed.
Disk_Application.exe: 00001CEC: 12:42:47 []:<-------------------------------------------------------------->
Disk_Application.exe: 00001CEC: 12:42:47 [Terminated]:Exit Code: 0
Disk_Application.exe: 00003538: 12:42:51 []:>--------------------------------------------------------------<
Disk_Application.exe: 00003538: 12:42:51 [TUniServerModule]:Server First Init.
Disk_Application.exe: 00003538: 12:42:51 [TUniServerModule]:Start Path = C:\Users\admin\Downloads\disk-application-master\disk-application-master\Win32\Debug\
Disk_Application.exe: 00003538: 12:42:51 [TUniGUISessionManager]:Cache erase job created, Folder count: [1]
Disk_Application.exe: 00003538: 12:42:51 [TUniServerModule]:Starting HTTP Server on Port: 8077...
Disk_Application.exe: 00003538: 12:42:51 [TUniServerModule]:HTTP Server Started on Port: 8077
Disk_Application.exe: 00002478: 12:42:52 [127.0.0.1]:EUniSessionException : Invalid session or session Timeout. (Session not found: 5mTKeGZuMc10EE4F367 ) : Addr: $00CF437D
Disk_Application.exe: 00003538: 12:43:41 [TUniServerModule]:Shutting Down Server.
Disk_Application.exe: 00003538: 12:43:41 [TUniServerModule]:Stopping HTTP Server.
Disk_Application.exe: 00003538: 12:43:42 [TUniServerModule]:HTTP Server Stopped.
Disk_Application.exe: 00003538: 12:43:42 [TUniGUISessionManager]:Terminating Session manager.
Disk_Application.exe: 00003538: 12:43:42 [TUniGUISessionManager]:Stopping Cache Eraser...
Disk_Application.exe: 00003538: 12:43:42 [TUniGUISessionManager]:Cache Eraser Stopped.
Disk_Application.exe: 00003538: 12:43:42 [TUniGUISessionManager]:Destroying Worker Threads.
Disk_Application.exe: 00003538: 12:43:42 [TUniGUISessionManager]:Session manager terminated.
Disk_Application.exe: 00003538: 12:43:42 [TUniWebSocketStack]:Terminating...
Disk_Application.exe: 00003538: 12:43:42 [TUniGUIMessageQ]:Terminated.
Disk_Application.exe: 00003538: 12:43:42 [TUniWebSocketStack]:Terminated.
Disk_Application.exe: 00003538: 12:43:42 [TUniServerModule]:Server Shutdown Completed.
Disk_Application.exe: 00003538: 12:43:42 []:<-------------------------------------------------------------->
Disk_Application.exe: 00003538: 12:43:42 [Terminated]:Exit Code: 0
Disk_Application.exe: 00000E20: 12:43:44 []:>--------------------------------------------------------------<
Disk_Application.exe: 00000E20: 12:43:44 [TUniServerModule]:Server First Init.
Disk_Application.exe: 00000E20: 12:43:44 [TUniServerModule]:Start Path = C:\Users\admin\Downloads\disk-application-master\disk-application-master\Win32\Debug\
Disk_Application.exe: 00000E20: 12:43:44 [TUniGUISessionManager]:Cache erase job created, Folder count: [1]
Disk_Application.exe: 00000E20: 12:43:44 [TUniServerModule]:Starting HTTP Server on Port: 8077...
Disk_Application.exe: 00000E20: 12:43:44 [TUniServerModule]:HTTP Server Started on Port: 8077
Disk_Application.exe: 000030F0: 12:43:45 [127.0.0.1]:EUniSessionException : Invalid session or session Timeout. (Session not found: NqkBgb44Pi10EE4F3F2 ) : Addr: $0041437D
Disk_Application.exe: 00000E20: 12:44:25 [TUniServerModule]:Shutting Down Server.
Disk_Application.exe: 00000E20: 12:44:25 [TUniServerModule]:Stopping HTTP Server.
Disk_Application.exe: 00000E20: 12:44:26 [TUniServerModule]:HTTP Server Stopped.
Disk_Application.exe: 00000E20: 12:44:26 [TUniGUISessionManager]:Terminating Session manager.
Disk_Application.exe: 00000E20: 12:44:26 [TUniGUISessionManager]:Stopping Cache Eraser...
Disk_Application.exe: 00000E20: 12:44:26 [TUniGUISessionManager]:Cache Eraser Stopped.
Disk_Application.exe: 00000E20: 12:44:26 [TUniGUISessionManager]:Destroying Worker Threads.
Disk_Application.exe: 00000E20: 12:44:26 [TUniGUISessionManager]:Session manager terminated.
Disk_Application.exe: 00000E20: 12:44:26 [TUniWebSocketStack]:Terminating...
Disk_Application.exe: 00000E20: 12:44:26 [TUniGUIMessageQ]:Terminated.
Disk_Application.exe: 00000E20: 12:44:26 [TUniWebSocketStack]:Terminated.
Disk_Application.exe: 00000E20: 12:44:26 [TUniServerModule]:Server Shutdown Completed.
Disk_Application.exe: 00000E20: 12:44:26 []:<-------------------------------------------------------------->
Disk_Application.exe: 00000E20: 12:44:26 [Terminated]:Exit Code: 0
Disk_Application.exe: 00002340: 12:44:31 []:>--------------------------------------------------------------<
Disk_Application.exe: 00002340: 12:44:31 [TUniServerModule]:Server First Init.
Disk_Application.exe: 00002340: 12:44:31 [TUniServerModule]:Start Path = C:\Users\admin\Downloads\disk-application-master\disk-application-master\Win32\Debug\
Disk_Application.exe: 00002340: 12:44:31 [TUniGUISessionManager]:Cache erase job created, Folder count: [1]
Disk_Application.exe: 00002340: 12:44:31 [TUniServerModule]:Starting HTTP Server on Port: 8077...
Disk_Application.exe: 00002340: 12:44:31 [TUniServerModule]:HTTP Server Started on Port: 8077
Disk_Application.exe: 00001BC8: 12:44:32 [127.0.0.1]:EUniSessionException : Invalid session or session Timeout. (Session not found: OxpUAMVkG610EE4F42F ) : Addr: $0082437D
Disk_Application.exe: 00002340: 12:44:59 [TUniServerModule]:Shutting Down Server.
Disk_Application.exe: 00002340: 12:44:59 [TUniServerModule]:Stopping HTTP Server.
Disk_Application.exe: 00002340: 12:45:00 [TUniServerModule]:HTTP Server Stopped.
Disk_Application.exe: 00002340: 12:45:00 [TUniGUISessionManager]:Terminating Session manager.
Disk_Application.exe: 00002340: 12:45:00 [TUniGUISessionManager]:Stopping Cache Eraser...
Disk_Application.exe: 00002340: 12:45:00 [TUniGUISessionManager]:Cache Eraser Stopped.
Disk_Application.exe: 00002340: 12:45:00 [TUniGUISessionManager]:Destroying Worker Threads.
Disk_Application.exe: 00002340: 12:45:00 [TUniGUISessionManager]:Session manager terminated.
Disk_Application.exe: 00002340: 12:45:00 [TUniWebSocketStack]:Terminating...
Disk_Application.exe: 00002340: 12:45:00 [TUniGUIMessageQ]:Terminated.
Disk_Application.exe: 00002340: 12:45:00 [TUniWebSocketStack]:Terminated.
Disk_Application.exe: 00002340: 12:45:00 [TUniServerModule]:Server Shutdown Completed.
Disk_Application.exe: 00002340: 12:45:00 []:<-------------------------------------------------------------->
Disk_Application.exe: 00002340: 12:45:00 [Terminated]:Exit Code: 0
Disk_Application.exe: 00002544: 12:45:03 []:>--------------------------------------------------------------<
Disk_Application.exe: 00002544: 12:45:03 [TUniServerModule]:Server First Init.
Disk_Application.exe: 00002544: 12:45:03 [TUniServerModule]:Start Path = C:\Users\admin\Downloads\disk-application-master\disk-application-master\Win32\Debug\
Disk_Application.exe: 00002544: 12:45:03 [TUniGUISessionManager]:Cache erase job created, Folder count: [1]
Disk_Application.exe: 00002544: 12:45:03 [TUniServerModule]:Starting HTTP Server on Port: 8077...
Disk_Application.exe: 00002544: 12:45:03 [TUniServerModule]:HTTP Server Started on Port: 8077
Disk_Application.exe: 00003A08: 12:45:05 [127.0.0.1]:EUniSessionException : Invalid session or session Timeout. (Session not found: 3pPaimY35w10EE4F466 ) : Addr: $00A3437D
Disk_Application.exe: 00002544: 12:46:46 [TUniServerModule]:Shutting Down Server.
Disk_Application.exe: 00002544: 12:46:46 [TUniServerModule]:Stopping HTTP Server.
Disk_Application.exe: 00002544: 12:46:47 [TUniServerModule]:HTTP Server Stopped.
Disk_Application.exe: 00002544: 12:46:47 [TUniGUISessionManager]:Terminating Session manager.
Disk_Application.exe: 00002544: 12:46:47 [TUniGUISessionManager]:Stopping Cache Eraser...
Disk_Application.exe: 00002544: 12:46:47 [TUniGUISessionManager]:Cache Eraser Stopped.
Disk_Application.exe: 00002544: 12:46:47 [TUniGUISessionManager]:Destroying Worker Threads.
Disk_Application.exe: 00002544: 12:46:47 [TUniGUISessionManager]:Session manager terminated.
Disk_Application.exe: 00002544: 12:46:47 [TUniWebSocketStack]:Terminating...
Disk_Application.exe: 00002544: 12:46:47 [TUniGUIMessageQ]:Terminated.
Disk_Application.exe: 00002544: 12:46:47 [TUniWebSocketStack]:Terminated.
Disk_Application.exe: 00002544: 12:46:47 [TUniServerModule]:Server Shutdown Completed.
Disk_Application.exe: 00002544: 12:46:47 []:<-------------------------------------------------------------->
Disk_Application.exe: 00002544: 12:46:47 [Terminated]:Exit Code: 0
Disk_Application.exe: 00002C6C: 12:46:50 []:>--------------------------------------------------------------<
Disk_Application.exe: 00002C6C: 12:46:50 [TUniServerModule]:Server First Init.
Disk_Application.exe: 00002C6C: 12:46:50 [TUniServerModule]:Start Path = C:\Users\admin\Downloads\disk-application-master\disk-application-master\Win32\Debug\
Disk_Application.exe: 00002C6C: 12:46:50 [TUniGUISessionManager]:Cache erase job created, Folder count: [1]
Disk_Application.exe: 00002C6C: 12:46:50 [TUniServerModule]:Starting HTTP Server on Port: 8077...
Disk_Application.exe: 00002C6C: 12:46:50 [TUniServerModule]:HTTP Server Started on Port: 8077
Disk_Application.exe: 00001C9C: 12:46:52 [127.0.0.1]:EUniSessionException : Invalid session or session Timeout. (Session not found: 3FRGZiPSER10EE4F48B ) : Addr: $0059437D
Disk_Application.exe: 0000296C: 12:56:02 [127.0.0.1]:EUniSessionException : Invalid session or session Timeout. (Session not found: ANpgMUJo4L10EE4F507 ) : Addr: $0059437D
Disk_Application.exe: 000023C8: 12:56:02 [127.0.0.1]:EUniSessionException : Invalid session or session Timeout. (Session not found: ANpgMUJo4L10EE4F507 ) : Addr: $0059437D
Disk_Application.exe: 00003378: 12:56:02 [127.0.0.1]:EUniSessionException : Invalid session or session Timeout. (Session not found: ANpgMUJo4L10EE4F507 ) : Addr: $0059437D
Disk_Application.exe: 00002C6C: 13:00:54 [TUniServerModule]:Shutting Down Server.
Disk_Application.exe: 00002C6C: 13:00:54 [TUniServerModule]:Stopping HTTP Server.
Disk_Application.exe: 00002C6C: 13:00:55 [TUniServerModule]:HTTP Server Stopped.
Disk_Application.exe: 00002C6C: 13:00:55 [TUniGUISessionManager]:Terminating Session manager.
Disk_Application.exe: 00002C6C: 13:00:55 [TUniGUISessionManager]:Stopping Cache Eraser...
Disk_Application.exe: 00002C6C: 13:00:55 [TUniGUISessionManager]:Cache Eraser Stopped.
Disk_Application.exe: 00002C6C: 13:00:55 [TUniGUISessionManager]:Destroying Worker Threads.
Disk_Application.exe: 00002C6C: 13:00:55 [TUniGUISessionManager]:Session manager terminated.
Disk_Application.exe: 00002C6C: 13:00:55 [TUniWebSocketStack]:Terminating...
Disk_Application.exe: 00002C6C: 13:00:55 [TUniGUIMessageQ]:Terminated.
Disk_Application.exe: 00002C6C: 13:00:55 [TUniWebSocketStack]:Terminated.
Disk_Application.exe: 00002C6C: 13:00:55 [TUniServerModule]:Server Shutdown Completed.
Disk_Application.exe: 00002C6C: 13:00:55 []:<-------------------------------------------------------------->
Disk_Application.exe: 00002C6C: 13:00:55 [Terminated]:Exit Code: 0
Disk_Application.exe: 0000241C: 13:01:03 []:>--------------------------------------------------------------<
Disk_Application.exe: 0000241C: 13:01:03 [TUniServerModule]:Server First Init.
Disk_Application.exe: 0000241C: 13:01:03 [TUniServerModule]:Start Path = C:\Users\admin\Downloads\disk-application-master\disk-application-master\Win32\Debug\
Disk_Application.exe: 0000241C: 13:01:03 [TUniGUISessionManager]:Cache erase job created, Folder count: [1]
Disk_Application.exe: 0000241C: 13:01:03 [TUniServerModule]:Starting HTTP Server on Port: 8077...
Disk_Application.exe: 0000241C: 13:01:03 [TUniServerModule]:HTTP Server Started on Port: 8077
Disk_Application.exe: 000036E0: 13:01:05 [127.0.0.1]:EUniSessionException : Invalid session or session Timeout. (Session not found: kAsmsoScLd10EE4F808 ) : Addr: $0041437D
Disk_Application.exe: 0000241C: 13:03:42 [TUniServerModule]:Shutting Down Server.
Disk_Application.exe: 0000241C: 13:03:42 [TUniServerModule]:Stopping HTTP Server.
Disk_Application.exe: 0000241C: 13:03:43 [TUniServerModule]:HTTP Server Stopped.
Disk_Application.exe: 0000241C: 13:03:43 [TUniGUISessionManager]:Terminating Session manager.
Disk_Application.exe: 0000241C: 13:03:43 [TUniGUISessionManager]:Stopping Cache Eraser...
Disk_Application.exe: 0000241C: 13:03:43 [TUniGUISessionManager]:Cache Eraser Stopped.
Disk_Application.exe: 0000241C: 13:03:43 [TUniGUISessionManager]:Destroying Worker Threads.
Disk_Application.exe: 0000241C: 13:03:43 [TUniGUISessionManager]:Session manager terminated.
Disk_Application.exe: 0000241C: 13:03:43 [TUniWebSocketStack]:Terminating...
Disk_Application.exe: 0000241C: 13:03:43 [TUniGUIMessageQ]:Terminated.
Disk_Application.exe: 0000241C: 13:03:43 [TUniWebSocketStack]:Terminated.
Disk_Application.exe: 0000241C: 13:03:43 [TUniServerModule]:Server Shutdown Completed.
Disk_Application.exe: 0000241C: 13:03:43 []:<-------------------------------------------------------------->
Disk_Application.exe: 0000241C: 13:03:43 [Terminated]:Exit Code: 0
Disk_Application.exe: 00003C44: 13:04:23 []:>--------------------------------------------------------------<
Disk_Application.exe: 00003C44: 13:04:23 [TUniServerModule]:Server First Init.
Disk_Application.exe: 00003C44: 13:04:23 [TUniServerModule]:Start Path = C:\Users\admin\Downloads\disk-application-master\disk-application-master\Win32\Debug\
Disk_Application.exe: 00003C44: 13:04:23 [TUniGUISessionManager]:Cache erase job created, Folder count: [1]
Disk_Application.exe: 00003C44: 13:04:24 [TUniServerModule]:Starting HTTP Server on Port: 8077...
Disk_Application.exe: 00003C44: 13:04:24 [TUniServerModule]:HTTP Server Started on Port: 8077
Disk_Application.exe: 000024D4: 13:04:25 [127.0.0.1]:EUniSessionException : Invalid session or session Timeout. (Session not found: twpHt763Rw10EE4F8E2 ) : Addr: $009A437D
Disk_Application.exe: 00003C44: 13:05:04 [TUniServerModule]:Shutting Down Server.
Disk_Application.exe: 00003C44: 13:05:04 [TUniServerModule]:Stopping HTTP Server.
Disk_Application.exe: 00003C44: 13:05:05 [TUniServerModule]:HTTP Server Stopped.
Disk_Application.exe: 00003C44: 13:05:05 [TUniGUISessionManager]:Terminating Session manager.
Disk_Application.exe: 00003C44: 13:05:05 [TUniGUISessionManager]:Stopping Cache Eraser...
Disk_Application.exe: 00003C44: 13:05:05 [TUniGUISessionManager]:Cache Eraser Stopped.
Disk_Application.exe: 00003C44: 13:05:05 [TUniGUISessionManager]:Destroying Worker Threads.
Disk_Application.exe: 00003C44: 13:05:05 [TUniGUISessionManager]:Session manager terminated.
Disk_Application.exe: 00003C44: 13:05:05 [TUniWebSocketStack]:Terminating...
Disk_Application.exe: 00003C44: 13:05:05 [TUniGUIMessageQ]:Terminated.
Disk_Application.exe: 00003C44: 13:05:05 [TUniWebSocketStack]:Terminated.
Disk_Application.exe: 00003C44: 13:05:05 [TUniServerModule]:Server Shutdown Completed.
Disk_Application.exe: 00003C44: 13:05:05 []:<-------------------------------------------------------------->
Disk_Application.exe: 00003C44: 13:05:05 [Terminated]:Exit Code: 0
Disk_Application.exe: 00000EDC: 13:05:07 []:>--------------------------------------------------------------<
Disk_Application.exe: 00000EDC: 13:05:07 [TUniServerModule]:Server First Init.
Disk_Application.exe: 00000EDC: 13:05:07 [TUniServerModule]:Start Path = C:\Users\admin\Downloads\disk-application-master\disk-application-master\Win32\Debug\
Disk_Application.exe: 00000EDC: 13:05:07 [TUniGUISessionManager]:Cache erase job created, Folder count: [1]
Disk_Application.exe: 00000EDC: 13:05:07 [TUniServerModule]:Starting HTTP Server on Port: 8077...
Disk_Application.exe: 00000EDC: 13:05:07 [TUniServerModule]:HTTP Server Started on Port: 8077
Disk_Application.exe: 000005EC: 13:05:09 [127.0.0.1]:EUniSessionException : Invalid session or session Timeout. (Session not found: 8V7hvQdRKh10EE4F9CA ) : Addr: $00C8437D
Disk_Application.exe: 00000EDC: 13:05:29 [TUniServerModule]:Shutting Down Server.
Disk_Application.exe: 00000EDC: 13:05:29 [TUniServerModule]:Stopping HTTP Server.
Disk_Application.exe: 00000EDC: 13:05:30 [TUniServerModule]:HTTP Server Stopped.
Disk_Application.exe: 00000EDC: 13:05:30 [TUniGUISessionManager]:Terminating Session manager.
Disk_Application.exe: 00000EDC: 13:05:30 [TUniGUISessionManager]:Stopping Cache Eraser...
Disk_Application.exe: 00000EDC: 13:05:30 [TUniGUISessionManager]:Cache Eraser Stopped.
Disk_Application.exe: 00000EDC: 13:05:30 [TUniGUISessionManager]:Destroying Worker Threads.
Disk_Application.exe: 00000EDC: 13:05:30 [TUniGUISessionManager]:Session manager terminated.
Disk_Application.exe: 00000EDC: 13:05:30 [TUniWebSocketStack]:Terminating...
Disk_Application.exe: 00000EDC: 13:05:30 [TUniGUIMessageQ]:Terminated.
Disk_Application.exe: 00000EDC: 13:05:30 [TUniWebSocketStack]:Terminated.
Disk_Application.exe: 00000EDC: 13:05:30 [TUniServerModule]:Server Shutdown Completed.
Disk_Application.exe: 00000EDC: 13:05:30 []:<-------------------------------------------------------------->
Disk_Application.exe: 00000EDC: 13:05:30 [Terminated]:Exit Code: 0
Disk_Application.exe: 00001E50: 13:05:34 []:>--------------------------------------------------------------<
Disk_Application.exe: 00001E50: 13:05:34 [TUniServerModule]:Server First Init.
Disk_Application.exe: 00001E50: 13:05:34 [TUniServerModule]:Start Path = C:\Users\admin\Downloads\disk-application-master\disk-application-master\Win32\Debug\
Disk_Application.exe: 00001E50: 13:05:34 [TUniGUISessionManager]:Cache erase job created, Folder count: [1]
Disk_Application.exe: 00001E50: 13:05:34 [TUniServerModule]:Starting HTTP Server on Port: 8077...
Disk_Application.exe: 00001E50: 13:05:34 [TUniServerModule]:HTTP Server Started on Port: 8077
Disk_Application.exe: 00003CD8: 13:05:39 [127.0.0.1]:EUniSessionException : Invalid session or session Timeout. (Session not found: kwsdWoJYZR10EE4F9FD ) : Addr: $012C437D
Disk_Application.exe: 00001E50: 13:06:29 [TUniServerModule]:Shutting Down Server.
Disk_Application.exe: 00001E50: 13:06:29 [TUniServerModule]:Stopping HTTP Server.
Disk_Application.exe: 00001E50: 13:06:30 [TUniServerModule]:HTTP Server Stopped.
Disk_Application.exe: 00001E50: 13:06:30 [TUniGUISessionManager]:Terminating Session manager.
Disk_Application.exe: 00001E50: 13:06:30 [TUniGUISessionManager]:Stopping Cache Eraser...
Disk_Application.exe: 00001E50: 13:06:30 [TUniGUISessionManager]:Cache Eraser Stopped.
Disk_Application.exe: 00001E50: 13:06:30 [TUniGUISessionManager]:Destroying Worker Threads.
Disk_Application.exe: 00001E50: 13:06:30 [TUniGUISessionManager]:Session manager terminated.
Disk_Application.exe: 00001E50: 13:06:30 [TUniWebSocketStack]:Terminating...
Disk_Application.exe: 00001E50: 13:06:30 [TUniGUIMessageQ]:Terminated.
Disk_Application.exe: 00001E50: 13:06:30 [TUniWebSocketStack]:Terminated.
Disk_Application.exe: 00001E50: 13:06:30 [TUniServerModule]:Server Shutdown Completed.
Disk_Application.exe: 00001E50: 13:06:30 []:<-------------------------------------------------------------->
Disk_Application.exe: 00001E50: 13:06:30 [Terminated]:Exit Code: 0
Disk_Application.exe: 00003E0C: 13:06:33 []:>--------------------------------------------------------------<
Disk_Application.exe: 00003E0C: 13:06:33 [TUniServerModule]:Server First Init.
Disk_Application.exe: 00003E0C: 13:06:33 [TUniServerModule]:Start Path = C:\Users\admin\Downloads\disk-application-master\disk-application-master\Win32\Debug\
Disk_Application.exe: 00003E0C: 13:06:33 [TUniGUISessionManager]:Cache erase job created, Folder count: [1]
Disk_Application.exe: 00003E0C: 13:06:33 [TUniServerModule]:Starting HTTP Server on Port: 8077...
Disk_Application.exe: 00003E0C: 13:06:33 [TUniServerModule]:HTTP Server Started on Port: 8077
Disk_Application.exe: 00001AF4: 13:06:34 [127.0.0.1]:EUniSessionException : Invalid session or session Timeout. (Session not found: ecs5CFFssQ10EE4FA20 ) : Addr: $00B0437D
Disk_Application.exe: 00003E0C: 13:07:09 [TUniServerModule]:Shutting Down Server.
Disk_Application.exe: 00003E0C: 13:07:09 [TUniServerModule]:Stopping HTTP Server.
Disk_Application.exe: 00003E0C: 13:07:10 [TUniServerModule]:HTTP Server Stopped.
Disk_Application.exe: 00003E0C: 13:07:10 [TUniGUISessionManager]:Terminating Session manager.
Disk_Application.exe: 00003E0C: 13:07:10 [TUniGUISessionManager]:Stopping Cache Eraser...
Disk_Application.exe: 00003E0C: 13:07:10 [TUniGUISessionManager]:Cache Eraser Stopped.
Disk_Application.exe: 00003E0C: 13:07:10 [TUniGUISessionManager]:Destroying Worker Threads.
Disk_Application.exe: 00003E0C: 13:07:10 [TUniGUISessionManager]:Session manager terminated.
Disk_Application.exe: 00003E0C: 13:07:10 [TUniWebSocketStack]:Terminating...
Disk_Application.exe: 00003E0C: 13:07:10 [TUniGUIMessageQ]:Terminated.
Disk_Application.exe: 00003E0C: 13:07:10 [TUniWebSocketStack]:Terminated.
Disk_Application.exe: 00003E0C: 13:07:10 [TUniServerModule]:Server Shutdown Completed.
Disk_Application.exe: 00003E0C: 13:07:10 []:<-------------------------------------------------------------->
Disk_Application.exe: 00003E0C: 13:07:10 [Terminated]:Exit Code: 0
Disk_Application.exe: 00003A10: 13:07:12 []:>--------------------------------------------------------------<
Disk_Application.exe: 00003A10: 13:07:12 [TUniServerModule]:Server First Init.
Disk_Application.exe: 00003A10: 13:07:12 [TUniServerModule]:Start Path = C:\Users\admin\Downloads\disk-application-master\disk-application-master\Win32\Debug\
Disk_Application.exe: 00003A10: 13:07:12 [TUniGUISessionManager]:Cache erase job created, Folder count: [1]
Disk_Application.exe: 00003A10: 13:07:13 [TUniServerModule]:Starting HTTP Server on Port: 8077...
Disk_Application.exe: 00003A10: 13:07:13 [TUniServerModule]:HTTP Server Started on Port: 8077
Disk_Application.exe: 000025D8: 13:07:14 [127.0.0.1]:EUniSessionException : Invalid session or session Timeout. (Session not found: H3XYeOWNDm10EE4FA60 ) : Addr: $00C3437D
Disk_Application.exe: 00003A10: 13:07:59 [TUniServerModule]:Shutting Down Server.
Disk_Application.exe: 00003A10: 13:07:59 [TUniServerModule]:Stopping HTTP Server.
Disk_Application.exe: 00003A10: 13:08:00 [TUniServerModule]:HTTP Server Stopped.
Disk_Application.exe: 00003A10: 13:08:00 [TUniGUISessionManager]:Terminating Session manager.
Disk_Application.exe: 00003A10: 13:08:00 [TUniGUISessionManager]:Stopping Cache Eraser...
Disk_Application.exe: 00003A10: 13:08:00 [TUniGUISessionManager]:Cache Eraser Stopped.
Disk_Application.exe: 00003A10: 13:08:00 [TUniGUISessionManager]:Destroying Worker Threads.
Disk_Application.exe: 00003A10: 13:08:00 [TUniGUISessionManager]:Session manager terminated.
Disk_Application.exe: 00003A10: 13:08:00 [TUniWebSocketStack]:Terminating...
Disk_Application.exe: 00003A10: 13:08:00 [TUniGUIMessageQ]:Terminated.
Disk_Application.exe: 00003A10: 13:08:00 [TUniWebSocketStack]:Terminated.
Disk_Application.exe: 00003A10: 13:08:01 [TUniServerModule]:Server Shutdown Completed.
Disk_Application.exe: 00003A10: 13:08:01 []:<-------------------------------------------------------------->
Disk_Application.exe: 00003A10: 13:08:01 [Terminated]:Exit Code: 0
Disk_Application.exe: 000036CC: 13:08:14 []:>--------------------------------------------------------------<
Disk_Application.exe: 000036CC: 13:08:14 [TUniServerModule]:Server First Init.
Disk_Application.exe: 000036CC: 13:08:14 [TUniServerModule]:Start Path = C:\Users\admin\Downloads\disk-application-master\disk-application-master\Win32\Debug\
Disk_Application.exe: 000036CC: 13:08:14 [TUniGUISessionManager]:Cache erase job created, Folder count: [1]
Disk_Application.exe: 000036CC: 13:08:14 [TUniServerModule]:Starting HTTP Server on Port: 8077...
Disk_Application.exe: 000036CC: 13:08:14 [TUniServerModule]:HTTP Server Started on Port: 8077
Disk_Application.exe: 00003A90: 13:08:15 [127.0.0.1]:EUniSessionException : Invalid session or session Timeout. (Session not found: bRt5IadKwj10EE4FA8E ) : Addr: $0089437D
Disk_Application.exe: 000036CC: 13:09:36 [TUniServerModule]:Shutting Down Server.
Disk_Application.exe: 000036CC: 13:09:36 [TUniServerModule]:Stopping HTTP Server.
Disk_Application.exe: 000036CC: 13:09:37 [TUniServerModule]:HTTP Server Stopped.
Disk_Application.exe: 000036CC: 13:09:37 [TUniGUISessionManager]:Terminating Session manager.
Disk_Application.exe: 000036CC: 13:09:37 [TUniGUISessionManager]:Stopping Cache Eraser...
Disk_Application.exe: 000036CC: 13:09:37 [TUniGUISessionManager]:Cache Eraser Stopped.
Disk_Application.exe: 000036CC: 13:09:37 [TUniGUISessionManager]:Destroying Worker Threads.
Disk_Application.exe: 000036CC: 13:09:37 [TUniGUISessionManager]:Session manager terminated.
Disk_Application.exe: 000036CC: 13:09:37 [TUniWebSocketStack]:Terminating...
Disk_Application.exe: 000036CC: 13:09:37 [TUniGUIMessageQ]:Terminated.
Disk_Application.exe: 000036CC: 13:09:37 [TUniWebSocketStack]:Terminated.
Disk_Application.exe: 000036CC: 13:09:37 [TUniServerModule]:Server Shutdown Completed.
Disk_Application.exe: 000036CC: 13:09:37 []:<-------------------------------------------------------------->
Disk_Application.exe: 000036CC: 13:09:37 [Terminated]:Exit Code: 0
Disk_Application.exe: 00002BB4: 13:09:40 []:>--------------------------------------------------------------<
Disk_Application.exe: 00002BB4: 13:09:40 [TUniServerModule]:Server First Init.
Disk_Application.exe: 00002BB4: 13:09:40 [TUniServerModule]:Start Path = C:\Users\admin\Downloads\disk-application-master\disk-application-master\Win32\Debug\
Disk_Application.exe: 00002BB4: 13:09:40 [TUniGUISessionManager]:Cache erase job created, Folder count: [1]
Disk_Application.exe: 00002BB4: 13:09:40 [TUniServerModule]:Starting HTTP Server on Port: 8077...
Disk_Application.exe: 00002BB4: 13:09:40 [TUniServerModule]:HTTP Server Started on Port: 8077
Disk_Application.exe: 0000333C: 13:09:41 [127.0.0.1]:EUniSessionException : Invalid session or session Timeout. (Session not found: HkxvHs3fk810EE4FAD4 ) : Addr: $0134437D
Disk_Application.exe: 00002BB4: 13:16:54 [TUniServerModule]:Shutting Down Server.
Disk_Application.exe: 00002BB4: 13:16:54 [TUniServerModule]:Stopping HTTP Server.
Disk_Application.exe: 00002BB4: 13:16:55 [TUniServerModule]:HTTP Server Stopped.
Disk_Application.exe: 00002BB4: 13:16:55 [TUniGUISessionManager]:Terminating Session manager.
Disk_Application.exe: 00002BB4: 13:16:55 [TUniGUISessionManager]:Stopping Cache Eraser...
Disk_Application.exe: 00002BB4: 13:16:55 [TUniGUISessionManager]:Cache Eraser Stopped.
Disk_Application.exe: 00002BB4: 13:16:55 [TUniGUISessionManager]:Destroying Worker Threads.
Disk_Application.exe: 00002BB4: 13:16:55 [TUniGUISessionManager]:Session manager terminated.
Disk_Application.exe: 00002BB4: 13:16:55 [TUniWebSocketStack]:Terminating...
Disk_Application.exe: 00002BB4: 13:16:55 [TUniGUIMessageQ]:Terminated.
Disk_Application.exe: 00002BB4: 13:16:55 [TUniWebSocketStack]:Terminated.
Disk_Application.exe: 00002BB4: 13:16:55 [TUniServerModule]:Server Shutdown Completed.
Disk_Application.exe: 00002BB4: 13:16:55 []:<-------------------------------------------------------------->
Disk_Application.exe: 00002BB4: 13:16:55 [Terminated]:Exit Code: 0
Disk_Application.exe: 000004F4: 13:17:00 []:>--------------------------------------------------------------<
Disk_Application.exe: 000004F4: 13:17:00 [TUniServerModule]:Server First Init.
Disk_Application.exe: 000004F4: 13:17:00 [TUniServerModule]:Start Path = C:\Users\admin\Downloads\disk-application-master\disk-application-master\Win32\Debug\
Disk_Application.exe: 000004F4: 13:17:00 [TUniServerModule]:Starting HTTP Server on Port: 8077...
Disk_Application.exe: 000004F4: 13:17:00 [TUniServerModule]:HTTP Server Started on Port: 8077
Disk_Application.exe: 00001F6C: 13:17:00 [127.0.0.1]:EUniSessionException : Invalid session or session Timeout. (Session not found: N1UOjArDDs10EE4FB38 ) : Addr: $00F9437D
Disk_Application.exe: 000004F4: 13:17:29 [TUniServerModule]:Shutting Down Server.
Disk_Application.exe: 000004F4: 13:17:29 [TUniServerModule]:Stopping HTTP Server.
Disk_Application.exe: 000004F4: 13:17:30 [TUniServerModule]:HTTP Server Stopped.
Disk_Application.exe: 000004F4: 13:17:30 [TUniGUISessionManager]:Terminating Session manager.
Disk_Application.exe: 000004F4: 13:17:30 [TUniGUISessionManager]:Stopping Cache Eraser...
Disk_Application.exe: 000004F4: 13:17:30 [TUniGUISessionManager]:Cache Eraser Stopped.
Disk_Application.exe: 000004F4: 13:17:30 [TUniGUISessionManager]:Destroying Worker Threads.
Disk_Application.exe: 000004F4: 13:17:31 [TUniGUISessionManager]:Session manager terminated.
Disk_Application.exe: 000004F4: 13:17:31 [TUniWebSocketStack]:Terminating...
Disk_Application.exe: 000004F4: 13:17:31 [TUniGUIMessageQ]:Terminated.
Disk_Application.exe: 000004F4: 13:17:31 [TUniWebSocketStack]:Terminated.
Disk_Application.exe: 000004F4: 13:17:31 [TUniServerModule]:Server Shutdown Completed.
Disk_Application.exe: 000004F4: 13:17:31 []:<-------------------------------------------------------------->
Disk_Application.exe: 000004F4: 13:17:31 [Terminated]:Exit Code: 0
Disk_Application.exe: 0000371C: 13:17:33 []:>--------------------------------------------------------------<
Disk_Application.exe: 0000371C: 13:17:33 [TUniServerModule]:Server First Init.
Disk_Application.exe: 0000371C: 13:17:33 [TUniServerModule]:Start Path = C:\Users\admin\Downloads\disk-application-master\disk-application-master\Win32\Debug\
Disk_Application.exe: 0000371C: 13:17:33 [TUniGUISessionManager]:Cache erase job created, Folder count: [1]
Disk_Application.exe: 0000371C: 13:17:33 [TUniServerModule]:Starting HTTP Server on Port: 8077...
Disk_Application.exe: 0000371C: 13:17:33 [TUniServerModule]:HTTP Server Started on Port: 8077
Disk_Application.exe: 00003F0C: 13:17:34 [127.0.0.1]:EUniSessionException : Invalid session or session Timeout. (Session not found: FaumRFeUCu10EE4FD34 ) : Addr: $00F5437D
Disk_Application.exe: 0000371C: 13:18:52 [TUniServerModule]:Shutting Down Server.
Disk_Application.exe: 0000371C: 13:18:52 [TUniServerModule]:Stopping HTTP Server.
Disk_Application.exe: 0000371C: 13:18:53 [TUniServerModule]:HTTP Server Stopped.
Disk_Application.exe: 0000371C: 13:18:53 [TUniGUISessionManager]:Terminating Session manager.
Disk_Application.exe: 0000371C: 13:18:53 [TUniGUISessionManager]:Stopping Cache Eraser...
Disk_Application.exe: 0000371C: 13:18:53 [TUniGUISessionManager]:Cache Eraser Stopped.
Disk_Application.exe: 0000371C: 13:18:53 [TUniGUISessionManager]:Destroying Worker Threads.
Disk_Application.exe: 0000371C: 13:18:53 [TUniGUISessionManager]:Session manager terminated.
Disk_Application.exe: 0000371C: 13:18:53 [TUniWebSocketStack]:Terminating...
Disk_Application.exe: 0000371C: 13:18:53 [TUniGUIMessageQ]:Terminated.
Disk_Application.exe: 0000371C: 13:18:53 [TUniWebSocketStack]:Terminated.
Disk_Application.exe: 0000371C: 13:18:53 [TUniServerModule]:Server Shutdown Completed.
Disk_Application.exe: 0000371C: 13:18:53 []:<-------------------------------------------------------------->
Disk_Application.exe: 0000371C: 13:18:53 [Terminated]:Exit Code: 0
Disk_Application.exe: 000004C8: 13:19:45 []:>--------------------------------------------------------------<
Disk_Application.exe: 000004C8: 13:19:45 [TUniServerModule]:Server First Init.
Disk_Application.exe: 000004C8: 13:19:45 [TUniServerModule]:Start Path = C:\Users\admin\Downloads\disk-application-master\disk-application-master\Win32\Debug\
Disk_Application.exe: 000004C8: 13:19:45 [TUniGUISessionManager]:Cache erase job created, Folder count: [1]
Disk_Application.exe: 000004C8: 13:19:45 [TUniServerModule]:Starting HTTP Server on Port: 8077...
Disk_Application.exe: 000004C8: 13:19:45 [TUniServerModule]:HTTP Server Started on Port: 8077
Disk_Application.exe: 00003FC0: 13:19:45 [127.0.0.1]:EUniSessionException : Invalid session or session Timeout. (Session not found: XiYwerK48X10EE4FD5C ) : Addr: $009A437D
Disk_Application.exe: 000004C8: 13:20:10 [TUniServerModule]:Shutting Down Server.
Disk_Application.exe: 000004C8: 13:20:10 [TUniServerModule]:Stopping HTTP Server.
Disk_Application.exe: 000004C8: 13:20:11 [TUniServerModule]:HTTP Server Stopped.
Disk_Application.exe: 000004C8: 13:20:11 [TUniGUISessionManager]:Terminating Session manager.
Disk_Application.exe: 000004C8: 13:20:11 [TUniGUISessionManager]:Stopping Cache Eraser...
Disk_Application.exe: 000004C8: 13:20:11 [TUniGUISessionManager]:Cache Eraser Stopped.
Disk_Application.exe: 000004C8: 13:20:11 [TUniGUISessionManager]:Destroying Worker Threads.
Disk_Application.exe: 000004C8: 13:20:11 [TUniGUISessionManager]:Session manager terminated.
Disk_Application.exe: 000004C8: 13:20:11 [TUniWebSocketStack]:Terminating...
Disk_Application.exe: 000004C8: 13:20:11 [TUniGUIMessageQ]:Terminated.
Disk_Application.exe: 000004C8: 13:20:11 [TUniWebSocketStack]:Terminated.
Disk_Application.exe: 000004C8: 13:20:11 [TUniServerModule]:Server Shutdown Completed.
Disk_Application.exe: 000004C8: 13:20:11 []:<-------------------------------------------------------------->
Disk_Application.exe: 000004C8: 13:20:11 [Terminated]:Exit Code: 0
Disk_Application.exe: 0000359C: 13:20:14 []:>--------------------------------------------------------------<
Disk_Application.exe: 0000359C: 13:20:14 [TUniServerModule]:Server First Init.
Disk_Application.exe: 0000359C: 13:20:14 [TUniServerModule]:Start Path = C:\Users\admin\Downloads\disk-application-master\disk-application-master\Win32\Debug\
Disk_Application.exe: 0000359C: 13:20:14 [TUniGUISessionManager]:Cache erase job created, Folder count: [1]
Disk_Application.exe: 0000359C: 13:20:14 [TUniServerModule]:Starting HTTP Server on Port: 8077...
Disk_Application.exe: 0000359C: 13:20:14 [TUniServerModule]:HTTP Server Started on Port: 8077
Disk_Application.exe: 0000362C: 13:20:15 [127.0.0.1]:EUniSessionException : Invalid session or session Timeout. (Session not found: BwlfRMiMXo10EE4FDF3 ) : Addr: $0097437D
Disk_Application.exe: 0000359C: 13:20:42 [TUniServerModule]:Shutting Down Server.
Disk_Application.exe: 0000359C: 13:20:42 [TUniServerModule]:Stopping HTTP Server.
Disk_Application.exe: 0000359C: 13:20:43 [TUniServerModule]:HTTP Server Stopped.
Disk_Application.exe: 0000359C: 13:20:43 [TUniGUISessionManager]:Terminating Session manager.
Disk_Application.exe: 0000359C: 13:20:43 [TUniGUISessionManager]:Stopping Cache Eraser...
Disk_Application.exe: 0000359C: 13:20:43 [TUniGUISessionManager]:Cache Eraser Stopped.
Disk_Application.exe: 0000359C: 13:20:43 [TUniGUISessionManager]:Destroying Worker Threads.
Disk_Application.exe: 0000359C: 13:20:44 [TUniGUISessionManager]:Session manager terminated.
Disk_Application.exe: 0000359C: 13:20:44 [TUniWebSocketStack]:Terminating...
Disk_Application.exe: 0000359C: 13:20:44 [TUniGUIMessageQ]:Terminated.
Disk_Application.exe: 0000359C: 13:20:44 [TUniWebSocketStack]:Terminated.
Disk_Application.exe: 0000359C: 13:20:44 [TUniServerModule]:Server Shutdown Completed.
Disk_Application.exe: 0000359C: 13:20:44 []:<-------------------------------------------------------------->
Disk_Application.exe: 0000359C: 13:20:44 [Terminated]:Exit Code: 0
Disk_Application.exe: 00001ED4: 13:20:47 []:>--------------------------------------------------------------<
Disk_Application.exe: 00001ED4: 13:20:47 [TUniServerModule]:Server First Init.
Disk_Application.exe: 00001ED4: 13:20:47 [TUniServerModule]:Start Path = C:\Users\admin\Downloads\disk-application-master\disk-application-master\Win32\Debug\
Disk_Application.exe: 00001ED4: 13:20:47 [TUniGUISessionManager]:Cache erase job created, Folder count: [1]
Disk_Application.exe: 00001ED4: 13:20:47 [TUniServerModule]:Starting HTTP Server on Port: 8077...
Disk_Application.exe: 00001ED4: 13:20:47 [TUniServerModule]:HTTP Server Started on Port: 8077
Disk_Application.exe: 000003AC: 13:20:47 [127.0.0.1]:EUniSessionException : Invalid session or session Timeout. (Session not found: NZbrRoWga310EE4FE15 ) : Addr: $00BE437D
Disk_Application.exe: 00001ED4: 13:21:40 [TUniServerModule]:Shutting Down Server.
Disk_Application.exe: 00001ED4: 13:21:40 [TUniServerModule]:Stopping HTTP Server.
Disk_Application.exe: 00001ED4: 13:21:41 [TUniServerModule]:HTTP Server Stopped.
Disk_Application.exe: 00001ED4: 13:21:41 [TUniGUISessionManager]:Terminating Session manager.
Disk_Application.exe: 00001ED4: 13:21:41 [TUniGUISessionManager]:Stopping Cache Eraser...
Disk_Application.exe: 00001ED4: 13:21:41 [TUniGUISessionManager]:Cache Eraser Stopped.
Disk_Application.exe: 00001ED4: 13:21:41 [TUniGUISessionManager]:Destroying Worker Threads.
Disk_Application.exe: 00001ED4: 13:21:41 [TUniGUISessionManager]:Session manager terminated.
Disk_Application.exe: 00001ED4: 13:21:41 [TUniWebSocketStack]:Terminating...
Disk_Application.exe: 00001ED4: 13:21:41 [TUniGUIMessageQ]:Terminated.
Disk_Application.exe: 00001ED4: 13:21:41 [TUniWebSocketStack]:Terminated.
Disk_Application.exe: 00001ED4: 13:21:41 [TUniServerModule]:Server Shutdown Completed.
Disk_Application.exe: 00001ED4: 13:21:41 []:<-------------------------------------------------------------->
Disk_Application.exe: 00001ED4: 13:21:41 [Terminated]:Exit Code: 0
Disk_Application.exe: 000035E4: 13:21:44 []:>--------------------------------------------------------------<
Disk_Application.exe: 000035E4: 13:21:44 [TUniServerModule]:Server First Init.
Disk_Application.exe: 000035E4: 13:21:44 [TUniServerModule]:Start Path = C:\Users\admin\Downloads\disk-application-master\disk-application-master\Win32\Debug\
Disk_Application.exe: 000035E4: 13:21:44 [TUniGUISessionManager]:Cache erase job created, Folder count: [1]
Disk_Application.exe: 000035E4: 13:21:44 [TUniServerModule]:Starting HTTP Server on Port: 8077...
Disk_Application.exe: 000035E4: 13:21:44 [TUniServerModule]:HTTP Server Started on Port: 8077
Disk_Application.exe: 00001B40: 13:21:46 [127.0.0.1]:EUniSessionException : Invalid session or session Timeout. (Session not found: zNpSkxzqYt10EE4FE3B ) : Addr: $008D437D
Disk_Application.exe: 000035E4: 13:22:06 [TUniServerModule]:Shutting Down Server.
Disk_Application.exe: 000035E4: 13:22:06 [TUniServerModule]:Stopping HTTP Server.
Disk_Application.exe: 000035E4: 13:22:07 [TUniServerModule]:HTTP Server Stopped.
Disk_Application.exe: 000035E4: 13:22:07 [TUniGUISessionManager]:Terminating Session manager.
Disk_Application.exe: 000035E4: 13:22:07 [TUniGUISessionManager]:Stopping Cache Eraser...
Disk_Application.exe: 000035E4: 13:22:07 [TUniGUISessionManager]:Cache Eraser Stopped.
Disk_Application.exe: 000035E4: 13:22:07 [TUniGUISessionManager]:Destroying Worker Threads.
Disk_Application.exe: 000035E4: 13:22:07 [TUniGUISessionManager]:Session manager terminated.
Disk_Application.exe: 000035E4: 13:22:07 [TUniWebSocketStack]:Terminating...
Disk_Application.exe: 000035E4: 13:22:07 [TUniGUIMessageQ]:Terminated.
Disk_Application.exe: 000035E4: 13:22:07 [TUniWebSocketStack]:Terminated.
Disk_Application.exe: 000035E4: 13:22:07 [TUniServerModule]:Server Shutdown Completed.
Disk_Application.exe: 000035E4: 13:22:07 []:<-------------------------------------------------------------->
Disk_Application.exe: 000035E4: 13:22:07 [Terminated]:Exit Code: 0
Disk_Application.exe: 00001E80: 13:22:10 []:>--------------------------------------------------------------<
Disk_Application.exe: 00001E80: 13:22:10 [TUniServerModule]:Server First Init.
Disk_Application.exe: 00001E80: 13:22:10 [TUniServerModule]:Start Path = C:\Users\admin\Downloads\disk-application-master\disk-application-master\Win32\Debug\
Disk_Application.exe: 00001E80: 13:22:10 [TUniGUISessionManager]:Cache erase job created, Folder count: [1]
Disk_Application.exe: 00001E80: 13:22:10 [TUniServerModule]:Starting HTTP Server on Port: 8077...
Disk_Application.exe: 00001E80: 13:22:10 [TUniServerModule]:HTTP Server Started on Port: 8077
Disk_Application.exe: 0000088C: 13:22:11 [127.0.0.1]:EUniSessionException : Invalid session or session Timeout. (Session not found: DrdiEcFz9l10EE4FE7F ) : Addr: $0120437D
Disk_Application.exe: 00001E80: 13:22:45 [TUniServerModule]:Shutting Down Server.
Disk_Application.exe: 00001E80: 13:22:45 [TUniServerModule]:Stopping HTTP Server.
Disk_Application.exe: 00001E80: 13:22:46 [TUniServerModule]:HTTP Server Stopped.
Disk_Application.exe: 00001E80: 13:22:46 [TUniGUISessionManager]:Terminating Session manager.
Disk_Application.exe: 00001E80: 13:22:46 [TUniGUISessionManager]:Stopping Cache Eraser...
Disk_Application.exe: 00001E80: 13:22:46 [TUniGUISessionManager]:Cache Eraser Stopped.
Disk_Application.exe: 00001E80: 13:22:46 [TUniGUISessionManager]:Destroying Worker Threads.
Disk_Application.exe: 00001E80: 13:22:46 [TUniGUISessionManager]:Session manager terminated.
Disk_Application.exe: 00001E80: 13:22:46 [TUniWebSocketStack]:Terminating...
Disk_Application.exe: 00001E80: 13:22:46 [TUniGUIMessageQ]:Terminated.
Disk_Application.exe: 00001E80: 13:22:46 [TUniWebSocketStack]:Terminated.
Disk_Application.exe: 00001E80: 13:22:46 [TUniServerModule]:Server Shutdown Completed.
Disk_Application.exe: 00001E80: 13:22:46 []:<-------------------------------------------------------------->
Disk_Application.exe: 00001E80: 13:22:46 [Terminated]:Exit Code: 0
Disk_Application.exe: 000034E8: 13:22:50 []:>--------------------------------------------------------------<
Disk_Application.exe: 000034E8: 13:22:50 [TUniServerModule]:Server First Init.
Disk_Application.exe: 000034E8: 13:22:50 [TUniServerModule]:Start Path = C:\Users\admin\Downloads\disk-application-master\disk-application-master\Win32\Debug\
Disk_Application.exe: 000034E8: 13:22:50 [TUniGUISessionManager]:Cache erase job created, Folder count: [1]
Disk_Application.exe: 000034E8: 13:22:50 [TUniServerModule]:Starting HTTP Server on Port: 8077...
Disk_Application.exe: 000034E8: 13:22:50 [TUniServerModule]:HTTP Server Started on Port: 8077
Disk_Application.exe: 00000E2C: 13:22:51 [127.0.0.1]:EUniSessionException : Invalid session or session Timeout. (Session not found: Mv9v3siFIO10EE4FE9B ) : Addr: $004E437D
