Disk_Application.exe: 00002434: 14:32:13 [TUniServerModule]:Shutting Down Server.
Disk_Application.exe: 00002434: 14:32:13 [TUniServerModule]:Stopping HTTP Server.
Disk_Application.exe: 00002434: 14:32:13 [TUniServerModule]:HTTP Server Stopped.
Disk_Application.exe: 00002434: 14:32:13 [TUniGUISessionManager]:Terminating Session manager.
Disk_Application.exe: 00002434: 14:32:13 [TUniGUISessionManager]:Stopping Cache Eraser...
Disk_Application.exe: 00002434: 14:32:13 [TUniGUISessionManager]:Cache Eraser Stopped.
Disk_Application.exe: 00002434: 14:32:13 [TUniGUISessionManager]:Destroying Worker Threads.
Disk_Application.exe: 00002434: 14:32:13 [TUniGUISessionManager]:Session manager terminated.
Disk_Application.exe: 00002434: 14:32:13 [TUniWebSocketStack]:Terminating...
Disk_Application.exe: 00002434: 14:32:13 [TUniGUIMessageQ]:Terminated.
Disk_Application.exe: 00002434: 14:32:13 [TUniWebSocketStack]:Terminated.
Disk_Application.exe: 00002434: 14:32:13 [TUniServerModule]:Server Shutdown Completed.
Disk_Application.exe: 00002434: 14:32:13 []:<-------------------------------------------------------------->
Disk_Application.exe: 00002434: 14:32:13 [Terminated]:Exit Code: 0
Disk_Application.exe: 000033B4: 14:32:22 []:>--------------------------------------------------------------<
Disk_Application.exe: 000033B4: 14:32:22 [TUniServerModule]:Server First Init.
Disk_Application.exe: 000033B4: 14:32:22 [TUniServerModule]:Start Path = C:\Users\admin\Downloads\disk-application-master\disk-application-master\Win32\Debug\
Disk_Application.exe: 000033B4: 14:32:22 [TUniServerModule]:Starting HTTP Server on Port: 8077...
Disk_Application.exe: 000033B4: 14:32:22 [TUniServerModule]:HTTP Server Started on Port: 8077
Disk_Application.exe: 00003130: 14:32:58 [127.0.0.1]:EAccessViolation : Access violation at address 0064A29A in module 'Disk_Application.exe'. Read of address 000002B0 : Addr: $0064A29A
Disk_Application.exe: 000033B4: 14:40:57 [TUniServerModule]:Shutting Down Server.
Disk_Application.exe: 000033B4: 14:40:57 [TUniServerModule]:Stopping HTTP Server.
Disk_Application.exe: 000033B4: 14:40:58 [TUniServerModule]:HTTP Server Stopped.
Disk_Application.exe: 000033B4: 14:40:58 [TUniGUISessionManager]:Terminating Session manager.
Disk_Application.exe: 000033B4: 14:40:58 [TUniGUISessionManager]:Stopping Cache Eraser...
Disk_Application.exe: 000033B4: 14:40:58 [TUniGUISessionManager]:Cache Eraser Stopped.
Disk_Application.exe: 000033B4: 14:40:58 [TUniGUISessionManager]:Destroying Worker Threads.
Disk_Application.exe: 000033B4: 14:40:58 [TUniGUISessionManager]:Session manager terminated.
Disk_Application.exe: 000033B4: 14:40:58 [TUniWebSocketStack]:Terminating...
Disk_Application.exe: 000033B4: 14:40:58 [TUniGUIMessageQ]:Terminated.
Disk_Application.exe: 000033B4: 14:40:58 [TUniWebSocketStack]:Terminated.
Disk_Application.exe: 000033B4: 14:40:58 [TUniServerModule]:Server Shutdown Completed.
Disk_Application.exe: 000033B4: 14:40:58 []:<-------------------------------------------------------------->
Disk_Application.exe: 000033B4: 14:40:58 [Terminated]:Exit Code: 0
Disk_Application.exe: 000026D4: 14:41:07 []:>--------------------------------------------------------------<
Disk_Application.exe: 000026D4: 14:41:07 [TUniServerModule]:Server First Init.
Disk_Application.exe: 000026D4: 14:41:07 [TUniServerModule]:Start Path = C:\Users\admin\Downloads\disk-application-master\disk-application-master\Win32\Debug\
Disk_Application.exe: 000026D4: 14:41:07 [TUniServerModule]:Starting HTTP Server on Port: 8077...
Disk_Application.exe: 000026D4: 14:41:07 [TUniServerModule]:HTTP Server Started on Port: 8077
Disk_Application.exe: 00002FD4: 14:41:09 [127.0.0.1]:EUniSessionException : Invalid session or session Timeout. (Session not found: GqqcPKXBfY10EC1F94B ) : Addr: $013E3671
Disk_Application.exe: 000026D4: 14:41:45 [TUniServerModule]:Shutting Down Server.
Disk_Application.exe: 000026D4: 14:41:45 [TUniServerModule]:Stopping HTTP Server.
Disk_Application.exe: 000026D4: 14:41:46 [TUniServerModule]:HTTP Server Stopped.
Disk_Application.exe: 000026D4: 14:41:46 [TUniGUISessionManager]:Terminating Session manager.
Disk_Application.exe: 000026D4: 14:41:46 [TUniGUISessionManager]:Stopping Cache Eraser...
Disk_Application.exe: 000026D4: 14:41:46 [TUniGUISessionManager]:Cache Eraser Stopped.
Disk_Application.exe: 000026D4: 14:41:46 [TUniGUISessionManager]:Destroying Worker Threads.
Disk_Application.exe: 000026D4: 14:41:46 [TUniGUISessionManager]:Session manager terminated.
Disk_Application.exe: 000026D4: 14:41:46 [TUniWebSocketStack]:Terminating...
Disk_Application.exe: 000026D4: 14:41:46 [TUniGUIMessageQ]:Terminated.
Disk_Application.exe: 000026D4: 14:41:46 [TUniWebSocketStack]:Terminated.
Disk_Application.exe: 000026D4: 14:41:46 [TUniServerModule]:Server Shutdown Completed.
Disk_Application.exe: 000026D4: 14:41:46 []:<-------------------------------------------------------------->
Disk_Application.exe: 000026D4: 14:41:46 [Terminated]:Exit Code: 0
Disk_Application.exe: 00002990: 14:41:53 []:>--------------------------------------------------------------<
Disk_Application.exe: 00002990: 14:41:53 [TUniServerModule]:Server First Init.
Disk_Application.exe: 00002990: 14:41:53 [TUniServerModule]:Start Path = C:\Users\admin\Downloads\disk-application-master\disk-application-master\Win32\Debug\
Disk_Application.exe: 00002990: 14:41:53 [TUniGUISessionManager]:Cache erase job created, Folder count: [1]
Disk_Application.exe: 00002990: 14:41:53 [TUniServerModule]:Starting HTTP Server on Port: 8077...
Disk_Application.exe: 00002990: 14:41:53 [TUniServerModule]:HTTP Server Started on Port: 8077
Disk_Application.exe: 00003B40: 14:41:55 [127.0.0.1]:EUniSessionException : Invalid session or session Timeout. (Session not found: Gim4yLDiFe10EC1FBA8 ) : Addr: $01333671
