Disk_Application.exe: 00002998: 10:53:49 [TUniServerModule]:Shutting Down Server.
Disk_Application.exe: 00002998: 10:53:49 [TUniServerModule]:Stopping HTTP Server.
Disk_Application.exe: 00002998: 10:53:49 [TUniServerModule]:HTTP Server Stopped.
Disk_Application.exe: 00002998: 10:53:49 [TUniGUISessionManager]:Terminating Session manager.
Disk_Application.exe: 00002998: 10:53:49 [TUniGUISessionManager]:Stopping Cache Eraser...
Disk_Application.exe: 00002998: 10:53:49 [TUniGUISessionManager]:Cache Eraser Stopped.
Disk_Application.exe: 00002998: 10:53:49 [TUniGUISessionManager]:Destroying Worker Threads.
Disk_Application.exe: 00002998: 10:53:50 [TUniGUISessionManager]:Session manager terminated.
Disk_Application.exe: 00002998: 10:53:50 [TUniWebSocketStack]:Terminating...
Disk_Application.exe: 00002998: 10:53:50 [TUniGUIMessageQ]:Terminated.
Disk_Application.exe: 00002998: 10:53:50 [TUniWebSocketStack]:Terminated.
Disk_Application.exe: 00002998: 10:53:50 [TUniServerModule]:Server Shutdown Completed.
Disk_Application.exe: 00002998: 10:53:50 []:<-------------------------------------------------------------->
Disk_Application.exe: 00002998: 10:53:50 [Terminated]:Exit Code: 0
Disk_Application.exe: 00002CA0: 10:54:12 []:>--------------------------------------------------------------<
Disk_Application.exe: 00002CA0: 10:54:12 [TUniServerModule]:Server First Init.
Disk_Application.exe: 00002CA0: 10:54:12 [TUniServerModule]:Start Path = C:\Users\admin\Downloads\disk-application-master\disk-application-master\Win32\Debug\
Disk_Application.exe: 00002CA0: 10:54:12 [TUniServerModule]:Starting HTTP Server on Port: 8077...
Disk_Application.exe: 00002CA0: 10:54:12 [TUniServerModule]:HTTP Server Started on Port: 8077
Disk_Application.exe: 00002CA0: 11:07:25 [TUniServerModule]:Shutting Down Server.
Disk_Application.exe: 00002CA0: 11:07:25 [TUniServerModule]:Stopping HTTP Server.
Disk_Application.exe: 00002CA0: 11:07:26 [TUniServerModule]:HTTP Server Stopped.
Disk_Application.exe: 00002CA0: 11:07:26 [TUniGUISessionManager]:Terminating Session manager.
Disk_Application.exe: 00002CA0: 11:07:26 [TUniGUISessionManager]:Stopping Cache Eraser...
Disk_Application.exe: 00002CA0: 11:07:26 [TUniGUISessionManager]:Cache Eraser Stopped.
Disk_Application.exe: 00002CA0: 11:07:26 [TUniGUISessionManager]:Destroying Worker Threads.
Disk_Application.exe: 00002CA0: 11:07:26 [TUniGUISessionManager]:Session manager terminated.
Disk_Application.exe: 00002CA0: 11:07:26 [TUniWebSocketStack]:Terminating...
Disk_Application.exe: 00002CA0: 11:07:26 [TUniGUIMessageQ]:Terminated.
Disk_Application.exe: 00002CA0: 11:07:26 [TUniWebSocketStack]:Terminated.
Disk_Application.exe: 00002CA0: 11:07:26 [TUniServerModule]:Server Shutdown Completed.
Disk_Application.exe: 00002CA0: 11:07:26 []:<-------------------------------------------------------------->
Disk_Application.exe: 00002CA0: 11:07:26 [Terminated]:Exit Code: 0
Disk_Application.exe: 000043B4: 11:07:32 []:>--------------------------------------------------------------<
Disk_Application.exe: 000043B4: 11:07:32 [TUniServerModule]:Server First Init.
Disk_Application.exe: 000043B4: 11:07:32 [TUniServerModule]:Start Path = C:\Users\admin\Downloads\disk-application-master\disk-application-master\Win32\Debug\
Disk_Application.exe: 000043B4: 11:07:32 [TUniServerModule]:Starting HTTP Server on Port: 8077...
Disk_Application.exe: 000043B4: 11:07:32 [TUniServerModule]:HTTP Server Started on Port: 8077
Disk_Application.exe: 000043B4: 11:08:02 [TUniServerModule]:Shutting Down Server.
Disk_Application.exe: 000043B4: 11:08:02 [TUniServerModule]:Stopping HTTP Server.
Disk_Application.exe: 000043B4: 11:08:03 [TUniServerModule]:HTTP Server Stopped.
Disk_Application.exe: 000043B4: 11:08:03 [TUniGUISessionManager]:Terminating Session manager.
Disk_Application.exe: 000043B4: 11:08:03 [TUniGUISessionManager]:Stopping Cache Eraser...
Disk_Application.exe: 000043B4: 11:08:03 [TUniGUISessionManager]:Cache Eraser Stopped.
Disk_Application.exe: 000043B4: 11:08:03 [TUniGUISessionManager]:Destroying Worker Threads.
Disk_Application.exe: 000043B4: 11:08:03 [TUniGUISessionManager]:Session manager terminated.
Disk_Application.exe: 000043B4: 11:08:03 [TUniWebSocketStack]:Terminating...
Disk_Application.exe: 000043B4: 11:08:03 [TUniGUIMessageQ]:Terminated.
Disk_Application.exe: 000043B4: 11:08:03 [TUniWebSocketStack]:Terminated.
Disk_Application.exe: 000043B4: 11:08:03 [TUniServerModule]:Server Shutdown Completed.
Disk_Application.exe: 000043B4: 11:08:03 []:<-------------------------------------------------------------->
Disk_Application.exe: 000043B4: 11:08:03 [Terminated]:Exit Code: 0
Disk_Application.exe: 00002AAC: 11:15:14 []:>--------------------------------------------------------------<
Disk_Application.exe: 00002AAC: 11:15:14 [TUniServerModule]:Server First Init.
Disk_Application.exe: 00002AAC: 11:15:14 [TUniServerModule]:Start Path = C:\Users\admin\Downloads\disk-application-master\disk-application-master\Win32\Debug\
Disk_Application.exe: 00002AAC: 11:15:14 [TUniGUISessionManager]:Cache erase job created, Folder count: [1]
Disk_Application.exe: 00002AAC: 11:15:14 [TUniServerModule]:Starting HTTP Server on Port: 8077...
Disk_Application.exe: 00002AAC: 11:15:14 [TUniServerModule]:HTTP Server Started on Port: 8077
Disk_Application.exe: 00002AAC: 12:09:55 [TUniServerModule]:Shutting Down Server.
Disk_Application.exe: 00002AAC: 12:09:55 [TUniServerModule]:Stopping HTTP Server.
Disk_Application.exe: 00002AAC: 12:09:56 [TUniServerModule]:HTTP Server Stopped.
Disk_Application.exe: 00002AAC: 12:09:56 [TUniGUISessionManager]:Terminating Session manager.
Disk_Application.exe: 00002AAC: 12:09:56 [TUniGUISessionManager]:Stopping Cache Eraser...
Disk_Application.exe: 00002AAC: 12:09:56 [TUniGUISessionManager]:Cache Eraser Stopped.
Disk_Application.exe: 00002AAC: 12:09:56 [TUniGUISessionManager]:Destroying Worker Threads.
Disk_Application.exe: 00002AAC: 12:09:56 [TUniGUISessionManager]:Session manager terminated.
Disk_Application.exe: 00002AAC: 12:09:56 [TUniWebSocketStack]:Terminating...
Disk_Application.exe: 00002AAC: 12:09:56 [TUniGUIMessageQ]:Terminated.
Disk_Application.exe: 00002AAC: 12:09:56 [TUniWebSocketStack]:Terminated.
Disk_Application.exe: 00002AAC: 12:09:56 [TUniServerModule]:Server Shutdown Completed.
Disk_Application.exe: 00002AAC: 12:09:56 []:<-------------------------------------------------------------->
Disk_Application.exe: 00002AAC: 12:09:56 [Terminated]:Exit Code: 0
Disk_Application.exe: 000034D4: 12:10:06 []:>--------------------------------------------------------------<
Disk_Application.exe: 000034D4: 12:10:06 [TUniServerModule]:Server First Init.
Disk_Application.exe: 000034D4: 12:10:06 [TUniServerModule]:Start Path = C:\Users\admin\Downloads\disk-application-master\disk-application-master\Win32\Debug\
Disk_Application.exe: 000034D4: 12:10:06 [TUniServerModule]:Starting HTTP Server on Port: 8077...
Disk_Application.exe: 000034D4: 12:10:06 [TUniServerModule]:HTTP Server Started on Port: 8077
Disk_Application.exe: 000034D4: 12:11:05 [TUniServerModule]:Shutting Down Server.
Disk_Application.exe: 000034D4: 12:11:05 [TUniServerModule]:Stopping HTTP Server.
Disk_Application.exe: 000034D4: 12:11:06 [TUniServerModule]:HTTP Server Stopped.
Disk_Application.exe: 000034D4: 12:11:06 [TUniGUISessionManager]:Terminating Session manager.
Disk_Application.exe: 000034D4: 12:11:06 [TUniGUISessionManager]:Stopping Cache Eraser...
Disk_Application.exe: 000034D4: 12:11:06 [TUniGUISessionManager]:Cache Eraser Stopped.
Disk_Application.exe: 000034D4: 12:11:06 [TUniGUISessionManager]:Destroying Worker Threads.
Disk_Application.exe: 000034D4: 12:11:06 [TUniGUISessionManager]:Session manager terminated.
Disk_Application.exe: 000034D4: 12:11:06 [TUniWebSocketStack]:Terminating...
Disk_Application.exe: 000034D4: 12:11:06 [TUniGUIMessageQ]:Terminated.
Disk_Application.exe: 000034D4: 12:11:06 [TUniWebSocketStack]:Terminated.
Disk_Application.exe: 000034D4: 12:11:06 [TUniServerModule]:Server Shutdown Completed.
Disk_Application.exe: 000034D4: 12:11:06 []:<-------------------------------------------------------------->
Disk_Application.exe: 000034D4: 12:11:06 [Terminated]:Exit Code: 0
Disk_Application.exe: 000019A4: 12:11:20 []:>--------------------------------------------------------------<
Disk_Application.exe: 000019A4: 12:11:20 [TUniServerModule]:Server First Init.
Disk_Application.exe: 000019A4: 12:11:20 [TUniServerModule]:Start Path = C:\Users\admin\Downloads\disk-application-master\disk-application-master\Win32\Debug\
Disk_Application.exe: 000019A4: 12:11:20 [TUniGUISessionManager]:Cache erase job created, Folder count: [1]
Disk_Application.exe: 000019A4: 12:11:20 [TUniServerModule]:Starting HTTP Server on Port: 8077...
Disk_Application.exe: 000019A4: 12:11:20 [TUniServerModule]:HTTP Server Started on Port: 8077
