Disk_Application.exe: 00002448: 09:31:57 []:>--------------------------------------------------------------<
Disk_Application.exe: 00002448: 09:31:57 [TUniServerModule]:Server First Init.
Disk_Application.exe: 00002448: 09:31:57 [TUniServerModule]:Start Path = C:\Users\admin\Downloads\disk-application-master\disk-application-master\Win32\Debug\
Disk_Application.exe: 00002448: 09:31:57 [TUniGUISessionManager]:Cache erase job created, Folder count: [1]
Disk_Application.exe: 00002448: 09:31:57 [TUniServerModule]:Starting HTTP Server on Port: 8077...
Disk_Application.exe: 00002448: 09:31:57 [TUniServerModule]:HTTP Server Started on Port: 8077
Disk_Application.exe: 00002448: 09:52:05 [TUniServerModule]:Shutting Down Server.
Disk_Application.exe: 00002448: 09:52:05 [TUniServerModule]:Stopping HTTP Server.
Disk_Application.exe: 00002448: 09:52:06 [TUniServerModule]:HTTP Server Stopped.
Disk_Application.exe: 00002448: 09:52:06 [TUniGUISessionManager]:Terminating Session manager.
Disk_Application.exe: 00002448: 09:52:06 [TUniGUISessionManager]:Stopping Cache Eraser...
Disk_Application.exe: 00002448: 09:52:06 [TUniGUISessionManager]:Cache Eraser Stopped.
Disk_Application.exe: 00002448: 09:52:06 [TUniGUISessionManager]:Destroying Worker Threads.
Disk_Application.exe: 00002448: 09:52:06 [TUniGUISessionManager]:Session manager terminated.
Disk_Application.exe: 00002448: 09:52:06 [TUniWebSocketStack]:Terminating...
Disk_Application.exe: 00002448: 09:52:06 [TUniGUIMessageQ]:Terminated.
Disk_Application.exe: 00002448: 09:52:06 [TUniWebSocketStack]:Terminated.
Disk_Application.exe: 00002448: 09:52:06 [TUniServerModule]:Server Shutdown Completed.
Disk_Application.exe: 00002448: 09:52:06 []:<-------------------------------------------------------------->
Disk_Application.exe: 00002448: 09:52:06 [Terminated]:Exit Code: 0
Disk_Application.exe: 00003C54: 09:52:29 []:>--------------------------------------------------------------<
Disk_Application.exe: 00003C54: 09:52:29 [TUniServerModule]:Server First Init.
Disk_Application.exe: 00003C54: 09:52:29 [TUniServerModule]:Start Path = C:\Users\admin\Downloads\disk-application-master\disk-application-master\Win32\Debug\
Disk_Application.exe: 00003C54: 09:52:29 [TUniServerModule]:Starting HTTP Server on Port: 8077...
Disk_Application.exe: 00003C54: 09:52:29 [TUniServerModule]:HTTP Server Started on Port: 8077
Disk_Application.exe: 00003C54: 10:02:40 [TUniServerModule]:Shutting Down Server.
Disk_Application.exe: 00003C54: 10:02:40 [TUniServerModule]:Stopping HTTP Server.
Disk_Application.exe: 00003C54: 10:02:40 [TUniServerModule]:HTTP Server Stopped.
Disk_Application.exe: 00003C54: 10:02:40 [TUniGUISessionManager]:Terminating Session manager.
Disk_Application.exe: 00003C54: 10:02:40 [TUniGUISessionManager]:Stopping Cache Eraser...
Disk_Application.exe: 00003C54: 10:02:40 [TUniGUISessionManager]:Cache Eraser Stopped.
Disk_Application.exe: 00003C54: 10:02:40 [TUniGUISessionManager]:Destroying Worker Threads.
Disk_Application.exe: 00003C54: 10:02:40 [TUniGUISessionManager]:Session manager terminated.
Disk_Application.exe: 00003C54: 10:02:40 [TUniWebSocketStack]:Terminating...
Disk_Application.exe: 00003C54: 10:02:40 [TUniGUIMessageQ]:Terminated.
Disk_Application.exe: 00003C54: 10:02:40 [TUniWebSocketStack]:Terminated.
Disk_Application.exe: 00003C54: 10:02:40 [TUniServerModule]:Server Shutdown Completed.
Disk_Application.exe: 00003C54: 10:02:40 []:<-------------------------------------------------------------->
Disk_Application.exe: 00003C54: 10:02:40 [Terminated]:Exit Code: 0
Disk_Application.exe: 00004328: 10:03:42 []:>--------------------------------------------------------------<
Disk_Application.exe: 00004328: 10:03:42 [TUniServerModule]:Server First Init.
Disk_Application.exe: 00004328: 10:03:42 [TUniServerModule]:Start Path = C:\Users\admin\Downloads\disk-application-master\disk-application-master\Win32\Debug\
Disk_Application.exe: 00004328: 10:03:42 [TUniServerModule]:Starting HTTP Server on Port: 8077...
Disk_Application.exe: 00004328: 10:03:42 [TUniServerModule]:HTTP Server Started on Port: 8077
Disk_Application.exe: 00004328: 10:04:18 [TUniServerModule]:Shutting Down Server.
Disk_Application.exe: 00004328: 10:04:18 [TUniServerModule]:Stopping HTTP Server.
Disk_Application.exe: 00004328: 10:04:19 [TUniServerModule]:HTTP Server Stopped.
Disk_Application.exe: 00004328: 10:04:19 [TUniGUISessionManager]:Terminating Session manager.
Disk_Application.exe: 00004328: 10:04:19 [TUniGUISessionManager]:Stopping Cache Eraser...
Disk_Application.exe: 00004328: 10:04:19 [TUniGUISessionManager]:Cache Eraser Stopped.
Disk_Application.exe: 00004328: 10:04:19 [TUniGUISessionManager]:Destroying Worker Threads.
Disk_Application.exe: 00004328: 10:04:19 [TUniGUISessionManager]:Session manager terminated.
Disk_Application.exe: 00004328: 10:04:19 [TUniWebSocketStack]:Terminating...
Disk_Application.exe: 00004328: 10:04:19 [TUniGUIMessageQ]:Terminated.
Disk_Application.exe: 00004328: 10:04:19 [TUniWebSocketStack]:Terminated.
Disk_Application.exe: 00004328: 10:04:19 [TUniServerModule]:Server Shutdown Completed.
Disk_Application.exe: 00004328: 10:04:19 []:<-------------------------------------------------------------->
Disk_Application.exe: 00004328: 10:04:19 [Terminated]:Exit Code: 0
Disk_Application.exe: 000021DC: 10:32:05 []:>--------------------------------------------------------------<
Disk_Application.exe: 000021DC: 10:32:05 [TUniServerModule]:Server First Init.
Disk_Application.exe: 000021DC: 10:32:05 [TUniServerModule]:Start Path = C:\Users\admin\Downloads\disk-application-master\disk-application-master\Win32\Debug\
Disk_Application.exe: 000021DC: 10:32:05 [TUniGUISessionManager]:Cache erase job created, Folder count: [3]
Disk_Application.exe: 000021DC: 10:32:05 [TUniServerModule]:Starting HTTP Server on Port: 8077...
Disk_Application.exe: 000021DC: 10:32:05 [TUniServerModule]:HTTP Server Started on Port: 8077
Disk_Application.exe: 000021DC: 10:52:46 [TUniServerModule]:Shutting Down Server.
Disk_Application.exe: 000021DC: 10:52:47 [TUniServerModule]:Stopping HTTP Server.
Disk_Application.exe: 000021DC: 10:52:47 [TUniServerModule]:HTTP Server Stopped.
Disk_Application.exe: 000021DC: 10:52:47 [TUniGUISessionManager]:Terminating Session manager.
Disk_Application.exe: 000021DC: 10:52:47 [TUniGUISessionManager]:Stopping Cache Eraser...
Disk_Application.exe: 000021DC: 10:52:47 [TUniGUISessionManager]:Cache Eraser Stopped.
Disk_Application.exe: 000021DC: 10:52:48 [TUniGUISessionManager]:Destroying Worker Threads.
Disk_Application.exe: 000021DC: 10:52:48 [TUniGUISessionManager]:Session manager terminated.
Disk_Application.exe: 000021DC: 10:52:48 [TUniWebSocketStack]:Terminating...
Disk_Application.exe: 000021DC: 10:52:48 [TUniGUIMessageQ]:Terminated.
Disk_Application.exe: 000021DC: 10:52:48 [TUniWebSocketStack]:Terminated.
Disk_Application.exe: 000021DC: 10:52:48 [TUniServerModule]:Server Shutdown Completed.
Disk_Application.exe: 000021DC: 10:52:48 []:<-------------------------------------------------------------->
Disk_Application.exe: 000021DC: 10:52:48 [Terminated]:Exit Code: 0
Disk_Application.exe: 000003FC: 11:43:14 []:>--------------------------------------------------------------<
Disk_Application.exe: 000003FC: 11:43:14 [TUniServerModule]:Server First Init.
Disk_Application.exe: 000003FC: 11:43:14 [TUniServerModule]:Start Path = C:\Users\admin\Downloads\disk-application-master\disk-application-master\Win32\Debug\
Disk_Application.exe: 000003FC: 11:43:14 [TUniServerModule]:Starting HTTP Server on Port: 8077...
Disk_Application.exe: 000003FC: 11:43:14 [InitWebServer]:EIdCouldNotBindSocket : Could not bind socket. : Addr: $00F5E1C7
Disk_Application.exe: 000003FC: 11:43:23 [TUniServerModule]:Shutting Down Server.
Disk_Application.exe: 000003FC: 11:43:23 [TUniServerModule]:Stopping HTTP Server.
Disk_Application.exe: 000003FC: 11:43:24 [TUniServerModule]:HTTP Server Stopped.
Disk_Application.exe: 000003FC: 11:43:24 [TUniGUISessionManager]:Terminating Session manager.
Disk_Application.exe: 000003FC: 11:43:24 [TUniGUISessionManager]:Stopping Cache Eraser...
Disk_Application.exe: 000003FC: 11:43:24 [TUniGUISessionManager]:Cache Eraser Stopped.
Disk_Application.exe: 000003FC: 11:43:24 [TUniGUISessionManager]:Destroying Worker Threads.
Disk_Application.exe: 000003FC: 11:43:24 [TUniGUISessionManager]:Session manager terminated.
Disk_Application.exe: 000003FC: 11:43:24 [TUniWebSocketStack]:Terminating...
Disk_Application.exe: 000003FC: 11:43:24 [TUniGUIMessageQ]:Terminated.
Disk_Application.exe: 000003FC: 11:43:24 [TUniWebSocketStack]:Terminated.
Disk_Application.exe: 000003FC: 11:43:24 [TUniServerModule]:Server Shutdown Completed.
Disk_Application.exe: 000003FC: 11:43:24 []:<-------------------------------------------------------------->
Disk_Application.exe: 000003FC: 11:43:24 [Terminated]:Exit Code: 0
Disk_Application.exe: 000027F4: 11:43:30 []:>--------------------------------------------------------------<
Disk_Application.exe: 000027F4: 11:43:30 [TUniServerModule]:Server First Init.
Disk_Application.exe: 000027F4: 11:43:30 [TUniServerModule]:Start Path = C:\Users\admin\Downloads\disk-application-master\disk-application-master\Win32\Debug\
Disk_Application.exe: 000027F4: 11:43:30 [TUniServerModule]:Starting HTTP Server on Port: 8077...
Disk_Application.exe: 000027F4: 11:43:30 [TUniServerModule]:HTTP Server Started on Port: 8077
Disk_Application.exe: 000006B4: 11:43:36 [127.0.0.1]:EUniSessionException : Invalid session or session Timeout. (Session not found: fyT8SwyI8y10EBBB0E9 ) : Addr: $010B367D
Disk_Application.exe: 000027F4: 11:52:05 [TUniServerModule]:Shutting Down Server.
Disk_Application.exe: 000027F4: 11:52:05 [TUniServerModule]:Stopping HTTP Server.
Disk_Application.exe: 000027F4: 11:52:06 [TUniServerModule]:HTTP Server Stopped.
Disk_Application.exe: 000027F4: 11:52:06 [TUniGUISessionManager]:Terminating Session manager.
Disk_Application.exe: 000027F4: 11:52:06 [TUniGUISessionManager]:Stopping Cache Eraser...
Disk_Application.exe: 000027F4: 11:52:06 [TUniGUISessionManager]:Cache Eraser Stopped.
Disk_Application.exe: 000027F4: 11:52:06 [TUniGUISessionManager]:Destroying Worker Threads.
Disk_Application.exe: 000027F4: 11:52:06 [TUniGUISessionManager]:Session manager terminated.
Disk_Application.exe: 000027F4: 11:52:06 [TUniWebSocketStack]:Terminating...
Disk_Application.exe: 000027F4: 11:52:06 [TUniGUIMessageQ]:Terminated.
Disk_Application.exe: 000027F4: 11:52:06 [TUniWebSocketStack]:Terminated.
Disk_Application.exe: 000027F4: 11:52:06 [TUniServerModule]:Server Shutdown Completed.
Disk_Application.exe: 000027F4: 11:52:06 []:<-------------------------------------------------------------->
Disk_Application.exe: 000027F4: 11:52:06 [Terminated]:Exit Code: 0
Disk_Application.exe: 00001AFC: 11:52:10 []:>--------------------------------------------------------------<
Disk_Application.exe: 00001AFC: 11:52:10 [TUniServerModule]:Server First Init.
Disk_Application.exe: 00001AFC: 11:52:10 [TUniServerModule]:Start Path = C:\Users\admin\Downloads\disk-application-master\disk-application-master\Win32\Debug\
Disk_Application.exe: 00001AFC: 11:52:10 [TUniServerModule]:Starting HTTP Server on Port: 8077...
Disk_Application.exe: 00001AFC: 11:52:10 [TUniServerModule]:HTTP Server Started on Port: 8077
Disk_Application.exe: 00002774: 11:52:20 [127.0.0.1]:EUniSessionException : Invalid session or session Timeout. (Session not found: RocsekxDBU10EBBB0FE ) : Addr: $0048367D
Disk_Application.exe: 00002774: 11:52:20 [127.0.0.1]:EUniSessionException : Invalid session or session Timeout. (Session not found: RocsekxDBU10EBBB0FE ) : Addr: $0048367D
Disk_Application.exe: 00001AFC: 11:55:25 [TUniServerModule]:Shutting Down Server.
Disk_Application.exe: 00001AFC: 11:55:25 [TUniServerModule]:Stopping HTTP Server.
Disk_Application.exe: 00001AFC: 11:55:26 [TUniServerModule]:HTTP Server Stopped.
Disk_Application.exe: 00001AFC: 11:55:26 [TUniGUISessionManager]:Terminating Session manager.
Disk_Application.exe: 00001AFC: 11:55:26 [TUniGUISessionManager]:Stopping Cache Eraser...
Disk_Application.exe: 00001AFC: 11:55:26 [TUniGUISessionManager]:Cache Eraser Stopped.
Disk_Application.exe: 00001AFC: 11:55:26 [TUniGUISessionManager]:Destroying Worker Threads.
Disk_Application.exe: 00001AFC: 11:55:26 [TUniGUISessionManager]:Session manager terminated.
Disk_Application.exe: 00001AFC: 11:55:26 [TUniWebSocketStack]:Terminating...
Disk_Application.exe: 00001AFC: 11:55:26 [TUniGUIMessageQ]:Terminated.
Disk_Application.exe: 00001AFC: 11:55:26 [TUniWebSocketStack]:Terminated.
Disk_Application.exe: 00001AFC: 11:55:26 [TUniServerModule]:Server Shutdown Completed.
Disk_Application.exe: 00001AFC: 11:55:26 []:<-------------------------------------------------------------->
Disk_Application.exe: 00001AFC: 11:55:26 [Terminated]:Exit Code: 0
Disk_Application.exe: 00001DD8: 11:56:08 []:>--------------------------------------------------------------<
Disk_Application.exe: 00001DD8: 11:56:08 [TUniServerModule]:Server First Init.
Disk_Application.exe: 00001DD8: 11:56:08 [TUniServerModule]:Start Path = C:\Users\admin\Downloads\disk-application-master\disk-application-master\Win32\Debug\
Disk_Application.exe: 00001DD8: 11:56:08 [TUniGUISessionManager]:Cache erase job created, Folder count: [1]
Disk_Application.exe: 00001DD8: 11:56:08 [TUniServerModule]:Starting HTTP Server on Port: 8077...
Disk_Application.exe: 00001DD8: 11:56:08 [TUniServerModule]:HTTP Server Started on Port: 8077
Disk_Application.exe: 00000940: 11:56:11 [127.0.0.1]:EUniSessionException : Invalid session or session Timeout. (Session not found: eavfHbAjtO10EBBB360 ) : Addr: $003F367D
Disk_Application.exe: 00001DD8: 11:58:47 [TUniServerModule]:Shutting Down Server.
Disk_Application.exe: 00001DD8: 11:58:47 [TUniServerModule]:Stopping HTTP Server.
Disk_Application.exe: 00001DD8: 11:58:48 [TUniServerModule]:HTTP Server Stopped.
Disk_Application.exe: 00001DD8: 11:58:48 [TUniGUISessionManager]:Terminating Session manager.
Disk_Application.exe: 00001DD8: 11:58:48 [TUniGUISessionManager]:Stopping Cache Eraser...
Disk_Application.exe: 00001DD8: 11:58:48 [TUniGUISessionManager]:Cache Eraser Stopped.
Disk_Application.exe: 00001DD8: 11:58:48 [TUniGUISessionManager]:Destroying Worker Threads.
Disk_Application.exe: 00001DD8: 11:58:48 [TUniGUISessionManager]:Session manager terminated.
Disk_Application.exe: 00001DD8: 11:58:48 [TUniWebSocketStack]:Terminating...
Disk_Application.exe: 00001DD8: 11:58:48 [TUniGUIMessageQ]:Terminated.
Disk_Application.exe: 00001DD8: 11:58:48 [TUniWebSocketStack]:Terminated.
Disk_Application.exe: 00001DD8: 11:58:48 [TUniServerModule]:Server Shutdown Completed.
Disk_Application.exe: 00001DD8: 11:58:48 []:<-------------------------------------------------------------->
Disk_Application.exe: 00001DD8: 11:58:48 [Terminated]:Exit Code: 0
Disk_Application.exe: 00002428: 11:58:52 []:>--------------------------------------------------------------<
Disk_Application.exe: 00002428: 11:58:52 [TUniServerModule]:Server First Init.
Disk_Application.exe: 00002428: 11:58:52 [TUniServerModule]:Start Path = C:\Users\admin\Downloads\disk-application-master\disk-application-master\Win32\Debug\
Disk_Application.exe: 00002428: 11:58:52 [TUniGUISessionManager]:Cache erase job created, Folder count: [1]
Disk_Application.exe: 00002428: 11:58:52 [TUniServerModule]:Starting HTTP Server on Port: 8077...
Disk_Application.exe: 00002428: 11:58:52 [TUniServerModule]:HTTP Server Started on Port: 8077
Disk_Application.exe: 00002B5C: 11:58:54 [127.0.0.1]:EUniSessionException : Invalid session or session Timeout. (Session not found: l5ZvYWc2ZO10EBBB468 ) : Addr: $0052367D
Disk_Application.exe: 00002428: 12:02:16 [TUniServerModule]:Shutting Down Server.
Disk_Application.exe: 00002428: 12:02:16 [TUniServerModule]:Stopping HTTP Server.
Disk_Application.exe: 00002428: 12:02:17 [TUniServerModule]:HTTP Server Stopped.
Disk_Application.exe: 00002428: 12:02:17 [TUniGUISessionManager]:Terminating Session manager.
Disk_Application.exe: 00002428: 12:02:17 [TUniGUISessionManager]:Stopping Cache Eraser...
Disk_Application.exe: 00002428: 12:02:17 [TUniGUISessionManager]:Cache Eraser Stopped.
Disk_Application.exe: 00002428: 12:02:17 [TUniGUISessionManager]:Destroying Worker Threads.
Disk_Application.exe: 00002428: 12:02:17 [TUniGUISessionManager]:Session manager terminated.
Disk_Application.exe: 00002428: 12:02:17 [TUniWebSocketStack]:Terminating...
Disk_Application.exe: 00002428: 12:02:17 [TUniGUIMessageQ]:Terminated.
Disk_Application.exe: 00002428: 12:02:17 [TUniWebSocketStack]:Terminated.
Disk_Application.exe: 00002428: 12:02:17 [TUniServerModule]:Server Shutdown Completed.
Disk_Application.exe: 00002428: 12:02:17 []:<-------------------------------------------------------------->
Disk_Application.exe: 00002428: 12:02:17 [Terminated]:Exit Code: 0
Disk_Application.exe: 000028E0: 12:02:21 []:>--------------------------------------------------------------<
Disk_Application.exe: 000028E0: 12:02:21 [TUniServerModule]:Server First Init.
Disk_Application.exe: 000028E0: 12:02:21 [TUniServerModule]:Start Path = C:\Users\admin\Downloads\disk-application-master\disk-application-master\Win32\Debug\
Disk_Application.exe: 000028E0: 12:02:21 [TUniGUISessionManager]:Cache erase job created, Folder count: [1]
Disk_Application.exe: 000028E0: 12:02:21 [TUniServerModule]:Starting HTTP Server on Port: 8077...
Disk_Application.exe: 000028E0: 12:02:21 [TUniServerModule]:HTTP Server Started on Port: 8077
Disk_Application.exe: 00000C04: 12:02:25 [127.0.0.1]:EUniSessionException : Invalid session or session Timeout. (Session not found: J3pQAiSsVX10EBBB525 ) : Addr: $00BF367D
Disk_Application.exe: 000028E0: 12:09:10 [TUniServerModule]:Shutting Down Server.
Disk_Application.exe: 000028E0: 12:09:10 [TUniServerModule]:Stopping HTTP Server.
Disk_Application.exe: 000028E0: 12:09:10 [TUniServerModule]:HTTP Server Stopped.
Disk_Application.exe: 000028E0: 12:09:10 [TUniGUISessionManager]:Terminating Session manager.
Disk_Application.exe: 000028E0: 12:09:10 [TUniGUISessionManager]:Stopping Cache Eraser...
Disk_Application.exe: 000028E0: 12:09:10 [TUniGUISessionManager]:Cache Eraser Stopped.
Disk_Application.exe: 000028E0: 12:09:10 [TUniGUISessionManager]:Destroying Worker Threads.
Disk_Application.exe: 000028E0: 12:09:10 [TUniGUISessionManager]:Session manager terminated.
Disk_Application.exe: 000028E0: 12:09:10 [TUniWebSocketStack]:Terminating...
Disk_Application.exe: 000028E0: 12:09:10 [TUniGUIMessageQ]:Terminated.
Disk_Application.exe: 000028E0: 12:09:10 [TUniWebSocketStack]:Terminated.
Disk_Application.exe: 000028E0: 12:09:11 [TUniServerModule]:Server Shutdown Completed.
Disk_Application.exe: 000028E0: 12:09:11 []:<-------------------------------------------------------------->
Disk_Application.exe: 000028E0: 12:09:11 [Terminated]:Exit Code: 0
Disk_Application.exe: 00000B6C: 12:09:14 []:>--------------------------------------------------------------<
Disk_Application.exe: 00000B6C: 12:09:14 [TUniServerModule]:Server First Init.
Disk_Application.exe: 00000B6C: 12:09:14 [TUniServerModule]:Start Path = C:\Users\admin\Downloads\disk-application-master\disk-application-master\Win32\Debug\
Disk_Application.exe: 00000B6C: 12:09:14 [TUniServerModule]:Starting HTTP Server on Port: 8077...
Disk_Application.exe: 00000B6C: 12:09:14 [TUniServerModule]:HTTP Server Started on Port: 8077
Disk_Application.exe: 00002680: 12:09:17 [127.0.0.1]:EUniSessionException : Invalid session or session Timeout. (Session not found: 3CX1aQ37mD10EBBB619 ) : Addr: $005F367D
Disk_Application.exe: 00000B6C: 12:09:56 [TUniServerModule]:Shutting Down Server.
Disk_Application.exe: 00000B6C: 12:09:56 [TUniServerModule]:Stopping HTTP Server.
Disk_Application.exe: 00000B6C: 12:09:57 [TUniServerModule]:HTTP Server Stopped.
Disk_Application.exe: 00000B6C: 12:09:57 [TUniGUISessionManager]:Terminating Session manager.
Disk_Application.exe: 00000B6C: 12:09:57 [TUniGUISessionManager]:Stopping Cache Eraser...
Disk_Application.exe: 00000B6C: 12:09:57 [TUniGUISessionManager]:Cache Eraser Stopped.
Disk_Application.exe: 00000B6C: 12:09:57 [TUniGUISessionManager]:Destroying Worker Threads.
Disk_Application.exe: 00000B6C: 12:09:57 [TUniGUISessionManager]:Session manager terminated.
Disk_Application.exe: 00000B6C: 12:09:57 [TUniWebSocketStack]:Terminating...
Disk_Application.exe: 00000B6C: 12:09:57 [TUniGUIMessageQ]:Terminated.
Disk_Application.exe: 00000B6C: 12:09:57 [TUniWebSocketStack]:Terminated.
Disk_Application.exe: 00000B6C: 12:09:57 [TUniServerModule]:Server Shutdown Completed.
Disk_Application.exe: 00000B6C: 12:09:57 []:<-------------------------------------------------------------->
Disk_Application.exe: 00000B6C: 12:09:57 [Terminated]:Exit Code: 0
Disk_Application.exe: 00002580: 12:10:00 []:>--------------------------------------------------------------<
Disk_Application.exe: 00002580: 12:10:00 [TUniServerModule]:Server First Init.
Disk_Application.exe: 00002580: 12:10:00 [TUniServerModule]:Start Path = C:\Users\admin\Downloads\disk-application-master\disk-application-master\Win32\Debug\
Disk_Application.exe: 00002580: 12:10:00 [TUniGUISessionManager]:Cache erase job created, Folder count: [1]
Disk_Application.exe: 00002580: 12:10:00 [TUniServerModule]:Starting HTTP Server on Port: 8077...
Disk_Application.exe: 00002580: 12:10:00 [TUniServerModule]:HTTP Server Started on Port: 8077
Disk_Application.exe: 00001ECC: 12:10:03 [127.0.0.1]:EUniSessionException : Invalid session or session Timeout. (Session not found: ovj4lPmGNM10EBBB7F6 ) : Addr: $00F1367D
Disk_Application.exe: 00002580: 12:16:10 [TUniServerModule]:Shutting Down Server.
Disk_Application.exe: 00002580: 12:16:10 [TUniServerModule]:Stopping HTTP Server.
Disk_Application.exe: 00002580: 12:16:12 [TUniServerModule]:HTTP Server Stopped.
Disk_Application.exe: 00002580: 12:16:12 [TUniGUISessionManager]:Terminating Session manager.
Disk_Application.exe: 00002580: 12:16:12 [TUniGUISessionManager]:Stopping Cache Eraser...
Disk_Application.exe: 00002580: 12:16:12 [TUniGUISessionManager]:Cache Eraser Stopped.
Disk_Application.exe: 00002580: 12:16:12 [TUniGUISessionManager]:Destroying Worker Threads.
Disk_Application.exe: 00002580: 12:16:12 [TUniGUISessionManager]:Session manager terminated.
Disk_Application.exe: 00002580: 12:16:12 [TUniWebSocketStack]:Terminating...
Disk_Application.exe: 00002580: 12:16:12 [TUniGUIMessageQ]:Terminated.
Disk_Application.exe: 00002580: 12:16:12 [TUniWebSocketStack]:Terminated.
Disk_Application.exe: 00002580: 12:16:12 [TUniServerModule]:Server Shutdown Completed.
Disk_Application.exe: 00002580: 12:16:12 []:<-------------------------------------------------------------->
Disk_Application.exe: 00002580: 12:16:12 [Terminated]:Exit Code: 0
Disk_Application.exe: 00000634: 12:16:31 []:>--------------------------------------------------------------<
Disk_Application.exe: 00000634: 12:16:31 [TUniServerModule]:Server First Init.
Disk_Application.exe: 00000634: 12:16:31 [TUniServerModule]:Start Path = C:\Users\admin\Downloads\disk-application-master\disk-application-master\Win32\Debug\
Disk_Application.exe: 00000634: 12:16:31 [TUniServerModule]:Starting HTTP Server on Port: 8077...
Disk_Application.exe: 00000634: 12:16:31 [TUniServerModule]:HTTP Server Started on Port: 8077
Disk_Application.exe: 00000D1C: 12:16:45 [127.0.0.1]:EMyError : #42S22Unknown column 'staffnumber' in 'where clause' : Addr: $012F41F2
Disk_Application.exe: 00000634: 12:23:00 [TUniServerModule]:Shutting Down Server.
Disk_Application.exe: 00000634: 12:23:00 [TUniServerModule]:Stopping HTTP Server.
Disk_Application.exe: 00000634: 12:23:00 [TUniServerModule]:HTTP Server Stopped.
Disk_Application.exe: 00000634: 12:23:00 [TUniGUISessionManager]:Terminating Session manager.
Disk_Application.exe: 00000634: 12:23:00 [TUniGUISessionManager]:Stopping Cache Eraser...
Disk_Application.exe: 00000634: 12:23:00 [TUniGUISessionManager]:Cache Eraser Stopped.
Disk_Application.exe: 00000634: 12:23:00 [TUniGUISessionManager]:Destroying Worker Threads.
Disk_Application.exe: 00000634: 12:23:00 [TUniGUISessionManager]:Session manager terminated.
Disk_Application.exe: 00000634: 12:23:00 [TUniWebSocketStack]:Terminating...
Disk_Application.exe: 00000634: 12:23:00 [TUniGUIMessageQ]:Terminated.
Disk_Application.exe: 00000634: 12:23:00 [TUniWebSocketStack]:Terminated.
Disk_Application.exe: 00000634: 12:23:01 [TUniServerModule]:Server Shutdown Completed.
Disk_Application.exe: 00000634: 12:23:01 []:<-------------------------------------------------------------->
Disk_Application.exe: 00000634: 12:23:01 [Terminated]:Exit Code: 0
Disk_Application.exe: 00002880: 12:23:02 []:>--------------------------------------------------------------<
Disk_Application.exe: 00002880: 12:23:02 [TUniServerModule]:Server First Init.
Disk_Application.exe: 00002880: 12:23:02 [TUniServerModule]:Start Path = C:\Users\admin\Downloads\disk-application-master\disk-application-master\Win32\Debug\
Disk_Application.exe: 00002880: 12:23:02 [TUniServerModule]:Starting HTTP Server on Port: 8077...
Disk_Application.exe: 00002880: 12:23:02 [TUniServerModule]:HTTP Server Started on Port: 8077
Disk_Application.exe: 000011B8: 12:23:06 [127.0.0.1]:EUniSessionException : Invalid session or session Timeout. (Session not found: Y52UFLi92R10EBBB9EC ) : Addr: $0119367D
Disk_Application.exe: 00002880: 12:26:13 [TUniServerModule]:Shutting Down Server.
Disk_Application.exe: 00002880: 12:26:13 [TUniServerModule]:Stopping HTTP Server.
Disk_Application.exe: 00002880: 12:26:14 [TUniServerModule]:HTTP Server Stopped.
Disk_Application.exe: 00002880: 12:26:14 [TUniGUISessionManager]:Terminating Session manager.
Disk_Application.exe: 00002880: 12:26:14 [TUniGUISessionManager]:Stopping Cache Eraser...
Disk_Application.exe: 00002880: 12:26:14 [TUniGUISessionManager]:Cache Eraser Stopped.
Disk_Application.exe: 00002880: 12:26:14 [TUniGUISessionManager]:Destroying Worker Threads.
Disk_Application.exe: 00002880: 12:26:14 [TUniGUISessionManager]:Session manager terminated.
Disk_Application.exe: 00002880: 12:26:14 [TUniWebSocketStack]:Terminating...
Disk_Application.exe: 00002880: 12:26:14 [TUniGUIMessageQ]:Terminated.
Disk_Application.exe: 00002880: 12:26:14 [TUniWebSocketStack]:Terminated.
Disk_Application.exe: 00002880: 12:26:14 [TUniServerModule]:Server Shutdown Completed.
Disk_Application.exe: 00002880: 12:26:14 []:<-------------------------------------------------------------->
Disk_Application.exe: 00002880: 12:26:14 [Terminated]:Exit Code: 0
Disk_Application.exe: 00002A1C: 12:26:19 []:>--------------------------------------------------------------<
Disk_Application.exe: 00002A1C: 12:26:19 [TUniServerModule]:Server First Init.
Disk_Application.exe: 00002A1C: 12:26:19 [TUniServerModule]:Start Path = C:\Users\admin\Downloads\disk-application-master\disk-application-master\Win32\Debug\
Disk_Application.exe: 00002A1C: 12:26:19 [TUniGUISessionManager]:Cache erase job created, Folder count: [1]
Disk_Application.exe: 00002A1C: 12:26:19 [TUniServerModule]:Starting HTTP Server on Port: 8077...
Disk_Application.exe: 00002A1C: 12:26:19 [TUniServerModule]:HTTP Server Started on Port: 8077
Disk_Application.exe: 00000AD4: 12:26:20 [127.0.0.1]:EUniSessionException : Invalid session or session Timeout. (Session not found: UGiAKU4z3t10EBBBBB5 ) : Addr: $00B1367D
Disk_Application.exe: 00002A1C: 12:29:29 [TUniServerModule]:Shutting Down Server.
Disk_Application.exe: 00002A1C: 12:29:29 [TUniServerModule]:Stopping HTTP Server.
Disk_Application.exe: 00002A1C: 12:29:30 [TUniServerModule]:HTTP Server Stopped.
Disk_Application.exe: 00002A1C: 12:29:30 [TUniGUISessionManager]:Terminating Session manager.
Disk_Application.exe: 00002A1C: 12:29:30 [TUniGUISessionManager]:Stopping Cache Eraser...
Disk_Application.exe: 00002A1C: 12:29:30 [TUniGUISessionManager]:Cache Eraser Stopped.
Disk_Application.exe: 00002A1C: 12:29:30 [TUniGUISessionManager]:Destroying Worker Threads.
Disk_Application.exe: 00002A1C: 12:29:30 [TUniGUISessionManager]:Session manager terminated.
Disk_Application.exe: 00002A1C: 12:29:30 [TUniWebSocketStack]:Terminating...
Disk_Application.exe: 00002A1C: 12:29:30 [TUniGUIMessageQ]:Terminated.
Disk_Application.exe: 00002A1C: 12:29:30 [TUniWebSocketStack]:Terminated.
Disk_Application.exe: 00002A1C: 12:29:30 [TUniServerModule]:Server Shutdown Completed.
Disk_Application.exe: 00002A1C: 12:29:30 []:<-------------------------------------------------------------->
Disk_Application.exe: 00002A1C: 12:29:30 [Terminated]:Exit Code: 0
Disk_Application.exe: 000020A0: 12:31:22 []:>--------------------------------------------------------------<
Disk_Application.exe: 000020A0: 12:31:22 [TUniServerModule]:Server First Init.
Disk_Application.exe: 000020A0: 12:31:22 [TUniServerModule]:Start Path = C:\Users\admin\Downloads\disk-application-master\disk-application-master\Win32\Debug\
Disk_Application.exe: 000020A0: 12:31:22 [TUniGUISessionManager]:Cache erase job created, Folder count: [1]
Disk_Application.exe: 000020A0: 12:31:22 [TUniServerModule]:Starting HTTP Server on Port: 8077...
Disk_Application.exe: 000020A0: 12:31:22 [TUniServerModule]:HTTP Server Started on Port: 8077
Disk_Application.exe: 0000114C: 12:31:26 [127.0.0.1]:EUniSessionException : Invalid session or session Timeout. (Session not found: i3TmFjlbRN10EBBBC95 ) : Addr: $0109367D
Disk_Application.exe: 000020A0: 12:35:33 [TUniServerModule]:Shutting Down Server.
Disk_Application.exe: 000020A0: 12:35:33 [TUniServerModule]:Stopping HTTP Server.
Disk_Application.exe: 000020A0: 12:35:34 [TUniServerModule]:HTTP Server Stopped.
Disk_Application.exe: 000020A0: 12:35:34 [TUniGUISessionManager]:Terminating Session manager.
Disk_Application.exe: 000020A0: 12:35:34 [TUniGUISessionManager]:Stopping Cache Eraser...
Disk_Application.exe: 000020A0: 12:35:34 [TUniGUISessionManager]:Cache Eraser Stopped.
Disk_Application.exe: 000020A0: 12:35:34 [TUniGUISessionManager]:Destroying Worker Threads.
Disk_Application.exe: 000020A0: 12:35:34 [TUniGUISessionManager]:Session manager terminated.
Disk_Application.exe: 000020A0: 12:35:34 [TUniWebSocketStack]:Terminating...
Disk_Application.exe: 000020A0: 12:35:34 [TUniGUIMessageQ]:Terminated.
Disk_Application.exe: 000020A0: 12:35:34 [TUniWebSocketStack]:Terminated.
Disk_Application.exe: 000020A0: 12:35:34 [TUniServerModule]:Server Shutdown Completed.
Disk_Application.exe: 000020A0: 12:35:34 []:<-------------------------------------------------------------->
Disk_Application.exe: 000020A0: 12:35:34 [Terminated]:Exit Code: 0
Disk_Application.exe: 00000B44: 12:35:55 []:>--------------------------------------------------------------<
Disk_Application.exe: 00000B44: 12:35:55 [TUniServerModule]:Server First Init.
Disk_Application.exe: 00000B44: 12:35:55 [TUniServerModule]:Start Path = C:\Users\admin\Downloads\disk-application-master\disk-application-master\Win32\Debug\
Disk_Application.exe: 00000B44: 12:35:55 [TUniGUISessionManager]:Cache erase job created, Folder count: [1]
Disk_Application.exe: 00000B44: 12:35:55 [TUniServerModule]:Starting HTTP Server on Port: 8077...
Disk_Application.exe: 00000B44: 12:35:55 [TUniServerModule]:HTTP Server Started on Port: 8077
Disk_Application.exe: 00000B44: 12:37:39 [TUniServerModule]:Shutting Down Server.
Disk_Application.exe: 00000B44: 12:37:39 [TUniServerModule]:Stopping HTTP Server.
Disk_Application.exe: 00000B44: 12:37:40 [TUniServerModule]:HTTP Server Stopped.
Disk_Application.exe: 00000B44: 12:37:40 [TUniGUISessionManager]:Terminating Session manager.
Disk_Application.exe: 00000B44: 12:37:40 [TUniGUISessionManager]:Stopping Cache Eraser...
Disk_Application.exe: 00000B44: 12:37:40 [TUniGUISessionManager]:Cache Eraser Stopped.
Disk_Application.exe: 00000B44: 12:37:40 [TUniGUISessionManager]:Destroying Worker Threads.
Disk_Application.exe: 00000B44: 12:37:40 [TUniGUISessionManager]:Session manager terminated.
Disk_Application.exe: 00000B44: 12:37:40 [TUniWebSocketStack]:Terminating...
Disk_Application.exe: 00000B44: 12:37:40 [TUniGUIMessageQ]:Terminated.
Disk_Application.exe: 00000B44: 12:37:40 [TUniWebSocketStack]:Terminated.
Disk_Application.exe: 00000B44: 12:37:40 [TUniServerModule]:Server Shutdown Completed.
Disk_Application.exe: 00000B44: 12:37:40 []:<-------------------------------------------------------------->
Disk_Application.exe: 00000B44: 12:37:40 [Terminated]:Exit Code: 0
Disk_Application.exe: 00000AF0: 12:38:59 []:>--------------------------------------------------------------<
Disk_Application.exe: 00000AF0: 12:38:59 [TUniServerModule]:Server First Init.
Disk_Application.exe: 00000AF0: 12:38:59 [TUniServerModule]:Start Path = C:\Users\admin\Downloads\disk-application-master\disk-application-master\Win32\Debug\
Disk_Application.exe: 00000AF0: 12:38:59 [TUniGUISessionManager]:Cache erase job created, Folder count: [1]
Disk_Application.exe: 00000AF0: 12:38:59 [TUniServerModule]:Starting HTTP Server on Port: 8077...
Disk_Application.exe: 00000AF0: 12:38:59 [TUniServerModule]:HTTP Server Started on Port: 8077
Disk_Application.exe: 000009F4: 12:39:03 [127.0.0.1]:EUniSessionException : Invalid session or session Timeout. (Session not found: dc8BKkCBYb10EBBBF2F ) : Addr: $003F367D
Disk_Application.exe: 00000AF0: 12:42:11 [TUniServerModule]:Shutting Down Server.
Disk_Application.exe: 00000AF0: 12:42:11 [TUniServerModule]:Stopping HTTP Server.
Disk_Application.exe: 00000AF0: 12:42:12 [TUniServerModule]:HTTP Server Stopped.
Disk_Application.exe: 00000AF0: 12:42:12 [TUniGUISessionManager]:Terminating Session manager.
Disk_Application.exe: 00000AF0: 12:42:12 [TUniGUISessionManager]:Stopping Cache Eraser...
Disk_Application.exe: 00000AF0: 12:42:12 [TUniGUISessionManager]:Cache Eraser Stopped.
Disk_Application.exe: 00000AF0: 12:42:12 [TUniGUISessionManager]:Destroying Worker Threads.
Disk_Application.exe: 00000AF0: 12:42:12 [TUniGUISessionManager]:Session manager terminated.
Disk_Application.exe: 00000AF0: 12:42:12 [TUniWebSocketStack]:Terminating...
Disk_Application.exe: 00000AF0: 12:42:12 [TUniGUIMessageQ]:Terminated.
Disk_Application.exe: 00000AF0: 12:42:12 [TUniWebSocketStack]:Terminated.
Disk_Application.exe: 00000AF0: 12:42:12 [TUniServerModule]:Server Shutdown Completed.
Disk_Application.exe: 00000AF0: 12:42:12 []:<-------------------------------------------------------------->
Disk_Application.exe: 00000AF0: 12:42:12 [Terminated]:Exit Code: 0
Disk_Application.exe: 000011E0: 12:42:16 []:>--------------------------------------------------------------<
Disk_Application.exe: 000011E0: 12:42:16 [TUniServerModule]:Server First Init.
Disk_Application.exe: 000011E0: 12:42:16 [TUniServerModule]:Start Path = C:\Users\admin\Downloads\disk-application-master\disk-application-master\Win32\Debug\
Disk_Application.exe: 000011E0: 12:42:16 [TUniGUISessionManager]:Cache erase job created, Folder count: [1]
Disk_Application.exe: 000011E0: 12:42:16 [TUniServerModule]:Starting HTTP Server on Port: 8077...
Disk_Application.exe: 000011E0: 12:42:16 [TUniServerModule]:HTTP Server Started on Port: 8077
Disk_Application.exe: 00001ECC: 12:42:22 [127.0.0.1]:EUniSessionException : Invalid session or session Timeout. (Session not found: ScULn4IHdq10EBBC008 ) : Addr: $00A5367D
Disk_Application.exe: 000011E0: 12:51:51 [TUniServerModule]:Shutting Down Server.
Disk_Application.exe: 000011E0: 12:51:51 [TUniServerModule]:Stopping HTTP Server.
Disk_Application.exe: 000011E0: 12:51:51 [TUniServerModule]:HTTP Server Stopped.
Disk_Application.exe: 000011E0: 12:51:51 [TUniGUISessionManager]:Terminating Session manager.
Disk_Application.exe: 000011E0: 12:51:51 [TUniGUISessionManager]:Stopping Cache Eraser...
Disk_Application.exe: 000011E0: 12:51:51 [TUniGUISessionManager]:Cache Eraser Stopped.
Disk_Application.exe: 000011E0: 12:51:51 [TUniGUISessionManager]:Destroying Worker Threads.
Disk_Application.exe: 000011E0: 12:51:51 [TUniGUISessionManager]:Session manager terminated.
Disk_Application.exe: 000011E0: 12:51:51 [TUniWebSocketStack]:Terminating...
Disk_Application.exe: 000011E0: 12:51:51 [TUniGUIMessageQ]:Terminated.
Disk_Application.exe: 000011E0: 12:51:51 [TUniWebSocketStack]:Terminated.
Disk_Application.exe: 000011E0: 12:51:51 [TUniServerModule]:Server Shutdown Completed.
Disk_Application.exe: 000011E0: 12:51:51 []:<-------------------------------------------------------------->
Disk_Application.exe: 000011E0: 12:51:51 [Terminated]:Exit Code: 0
Disk_Application.exe: 00001820: 12:51:56 []:>--------------------------------------------------------------<
Disk_Application.exe: 00001820: 12:51:56 [TUniServerModule]:Server First Init.
Disk_Application.exe: 00001820: 12:51:56 [TUniServerModule]:Start Path = C:\Users\admin\Downloads\disk-application-master\disk-application-master\Win32\Debug\
Disk_Application.exe: 00001820: 12:51:56 [TUniServerModule]:Starting HTTP Server on Port: 8077...
Disk_Application.exe: 00001820: 12:51:56 [TUniServerModule]:HTTP Server Started on Port: 8077
Disk_Application.exe: 000005A8: 12:52:01 [127.0.0.1]:EUniSessionException : Invalid session or session Timeout. (Session not found: 1wDqmjDN6N10EBBC0EE ) : Addr: $0064367D
Disk_Application.exe: 00001820: 12:55:21 [TUniServerModule]:Shutting Down Server.
Disk_Application.exe: 00001820: 12:55:21 [TUniServerModule]:Stopping HTTP Server.
Disk_Application.exe: 00001820: 12:55:22 [TUniServerModule]:HTTP Server Stopped.
Disk_Application.exe: 00001820: 12:55:22 [TUniGUISessionManager]:Terminating Session manager.
Disk_Application.exe: 00001820: 12:55:22 [TUniGUISessionManager]:Stopping Cache Eraser...
Disk_Application.exe: 00001820: 12:55:22 [TUniGUISessionManager]:Cache Eraser Stopped.
Disk_Application.exe: 00001820: 12:55:22 [TUniGUISessionManager]:Destroying Worker Threads.
Disk_Application.exe: 00001820: 12:55:22 [TUniGUISessionManager]:Session manager terminated.
Disk_Application.exe: 00001820: 12:55:22 [TUniWebSocketStack]:Terminating...
Disk_Application.exe: 00001820: 12:55:22 [TUniGUIMessageQ]:Terminated.
Disk_Application.exe: 00001820: 12:55:22 [TUniWebSocketStack]:Terminated.
Disk_Application.exe: 00001820: 12:55:22 [TUniServerModule]:Server Shutdown Completed.
Disk_Application.exe: 00001820: 12:55:22 []:<-------------------------------------------------------------->
Disk_Application.exe: 00001820: 12:55:22 [Terminated]:Exit Code: 0
Disk_Application.exe: 000014FC: 12:55:27 []:>--------------------------------------------------------------<
Disk_Application.exe: 000014FC: 12:55:27 [TUniServerModule]:Server First Init.
Disk_Application.exe: 000014FC: 12:55:27 [TUniServerModule]:Start Path = C:\Users\admin\Downloads\disk-application-master\disk-application-master\Win32\Debug\
Disk_Application.exe: 000014FC: 12:55:27 [TUniGUISessionManager]:Cache erase job created, Folder count: [1]
Disk_Application.exe: 000014FC: 12:55:27 [TUniServerModule]:Starting HTTP Server on Port: 8077...
Disk_Application.exe: 000014FC: 12:55:27 [TUniServerModule]:HTTP Server Started on Port: 8077
Disk_Application.exe: 0000287C: 12:55:30 [127.0.0.1]:EUniSessionException : Invalid session or session Timeout. (Session not found: aNpqtYUNFY10EBBC38D ) : Addr: $007D367D
Disk_Application.exe: 000014FC: 12:57:09 [TUniServerModule]:Shutting Down Server.
Disk_Application.exe: 000014FC: 12:57:09 [TUniServerModule]:Stopping HTTP Server.
Disk_Application.exe: 000014FC: 12:57:10 [TUniServerModule]:HTTP Server Stopped.
Disk_Application.exe: 000014FC: 12:57:10 [TUniGUISessionManager]:Terminating Session manager.
Disk_Application.exe: 000014FC: 12:57:10 [TUniGUISessionManager]:Stopping Cache Eraser...
Disk_Application.exe: 000014FC: 12:57:10 [TUniGUISessionManager]:Cache Eraser Stopped.
Disk_Application.exe: 000014FC: 12:57:10 [TUniGUISessionManager]:Destroying Worker Threads.
Disk_Application.exe: 000014FC: 12:57:10 [TUniGUISessionManager]:Session manager terminated.
Disk_Application.exe: 000014FC: 12:57:10 [TUniWebSocketStack]:Terminating...
Disk_Application.exe: 000014FC: 12:57:10 [TUniGUIMessageQ]:Terminated.
Disk_Application.exe: 000014FC: 12:57:10 [TUniWebSocketStack]:Terminated.
Disk_Application.exe: 000014FC: 12:57:10 [TUniServerModule]:Server Shutdown Completed.
Disk_Application.exe: 000014FC: 12:57:10 []:<-------------------------------------------------------------->
Disk_Application.exe: 000014FC: 12:57:10 [Terminated]:Exit Code: 0
Disk_Application.exe: 000022C8: 12:57:14 []:>--------------------------------------------------------------<
Disk_Application.exe: 000022C8: 12:57:14 [TUniServerModule]:Server First Init.
Disk_Application.exe: 000022C8: 12:57:14 [TUniServerModule]:Start Path = C:\Users\admin\Downloads\disk-application-master\disk-application-master\Win32\Debug\
Disk_Application.exe: 000022C8: 12:57:14 [TUniGUISessionManager]:Cache erase job created, Folder count: [1]
Disk_Application.exe: 000022C8: 12:57:14 [TUniServerModule]:Starting HTTP Server on Port: 8077...
Disk_Application.exe: 000022C8: 12:57:14 [TUniServerModule]:HTTP Server Started on Port: 8077
Disk_Application.exe: 000004BC: 12:57:15 [127.0.0.1]:EUniSessionException : Invalid session or session Timeout. (Session not found: vRs2WP7Or410EBBC47E ) : Addr: $00F8367D
Disk_Application.exe: 000022C8: 13:01:07 [TUniServerModule]:Shutting Down Server.
Disk_Application.exe: 000022C8: 13:01:07 [TUniServerModule]:Stopping HTTP Server.
Disk_Application.exe: 000022C8: 13:01:08 [TUniServerModule]:HTTP Server Stopped.
Disk_Application.exe: 000022C8: 13:01:08 [TUniGUISessionManager]:Terminating Session manager.
Disk_Application.exe: 000022C8: 13:01:08 [TUniGUISessionManager]:Stopping Cache Eraser...
Disk_Application.exe: 000022C8: 13:01:08 [TUniGUISessionManager]:Cache Eraser Stopped.
Disk_Application.exe: 000022C8: 13:01:08 [TUniGUISessionManager]:Destroying Worker Threads.
Disk_Application.exe: 000022C8: 13:01:08 [TUniGUISessionManager]:Session manager terminated.
Disk_Application.exe: 000022C8: 13:01:08 [TUniWebSocketStack]:Terminating...
Disk_Application.exe: 000022C8: 13:01:08 [TUniGUIMessageQ]:Terminated.
Disk_Application.exe: 000022C8: 13:01:08 [TUniWebSocketStack]:Terminated.
Disk_Application.exe: 000022C8: 13:01:08 [TUniServerModule]:Server Shutdown Completed.
Disk_Application.exe: 000022C8: 13:01:08 []:<-------------------------------------------------------------->
Disk_Application.exe: 000022C8: 13:01:08 [Terminated]:Exit Code: 0
Disk_Application.exe: 00001774: 13:01:12 []:>--------------------------------------------------------------<
Disk_Application.exe: 00001774: 13:01:12 [TUniServerModule]:Server First Init.
Disk_Application.exe: 00001774: 13:01:12 [TUniServerModule]:Start Path = C:\Users\admin\Downloads\disk-application-master\disk-application-master\Win32\Debug\
Disk_Application.exe: 00001774: 13:01:12 [TUniGUISessionManager]:Cache erase job created, Folder count: [1]
Disk_Application.exe: 00001774: 13:01:12 [TUniServerModule]:Starting HTTP Server on Port: 8077...
Disk_Application.exe: 00001774: 13:01:12 [TUniServerModule]:HTTP Server Started on Port: 8077
Disk_Application.exe: 000001B8: 13:01:17 [127.0.0.1]:EUniSessionException : Invalid session or session Timeout. (Session not found: 2kvAdQfSSU10EBBC4FC ) : Addr: $00F8367D
Disk_Application.exe: 00001774: 13:18:11 [TUniServerModule]:Shutting Down Server.
Disk_Application.exe: 00001774: 13:18:11 [TUniServerModule]:Stopping HTTP Server.
Disk_Application.exe: 00001774: 13:18:12 [TUniServerModule]:HTTP Server Stopped.
Disk_Application.exe: 00001774: 13:18:12 [TUniGUISessionManager]:Terminating Session manager.
Disk_Application.exe: 00001774: 13:18:12 [TUniGUISessionManager]:Stopping Cache Eraser...
Disk_Application.exe: 00001774: 13:18:12 [TUniGUISessionManager]:Cache Eraser Stopped.
Disk_Application.exe: 00001774: 13:18:12 [TUniGUISessionManager]:Destroying Worker Threads.
Disk_Application.exe: 00001774: 13:18:12 [TUniGUISessionManager]:Session manager terminated.
Disk_Application.exe: 00001774: 13:18:12 [TUniWebSocketStack]:Terminating...
Disk_Application.exe: 00001774: 13:18:12 [TUniGUIMessageQ]:Terminated.
Disk_Application.exe: 00001774: 13:18:12 [TUniWebSocketStack]:Terminated.
Disk_Application.exe: 00001774: 13:18:12 [TUniServerModule]:Server Shutdown Completed.
Disk_Application.exe: 00001774: 13:18:12 []:<-------------------------------------------------------------->
Disk_Application.exe: 00001774: 13:18:12 [Terminated]:Exit Code: 0
Disk_Application.exe: 00001E34: 13:18:50 []:>--------------------------------------------------------------<
Disk_Application.exe: 00001E34: 13:18:50 [TUniServerModule]:Server First Init.
Disk_Application.exe: 00001E34: 13:18:50 [TUniServerModule]:Start Path = C:\Users\admin\Downloads\disk-application-master\disk-application-master\Win32\Debug\
Disk_Application.exe: 00001E34: 13:18:50 [TUniServerModule]:Starting HTTP Server on Port: 8077...
Disk_Application.exe: 00001E34: 13:18:50 [TUniServerModule]:HTTP Server Started on Port: 8077
Disk_Application.exe: 00002AB0: 13:18:53 [127.0.0.1]:EUniSessionException : Invalid session or session Timeout. (Session not found: gcBYSOSRrJ10EBBC610 ) : Addr: $00CA367D
Disk_Application.exe: 00001E34: 13:29:59 [TUniServerModule]:Shutting Down Server.
Disk_Application.exe: 00001E34: 13:29:59 [TUniServerModule]:Stopping HTTP Server.
Disk_Application.exe: 00001E34: 13:30:00 [TUniServerModule]:HTTP Server Stopped.
Disk_Application.exe: 00001E34: 13:30:00 [TUniGUISessionManager]:Terminating Session manager.
Disk_Application.exe: 00001E34: 13:30:00 [TUniGUISessionManager]:Stopping Cache Eraser...
Disk_Application.exe: 00001E34: 13:30:00 [TUniGUISessionManager]:Cache Eraser Stopped.
Disk_Application.exe: 00001E34: 13:30:00 [TUniGUISessionManager]:Destroying Worker Threads.
Disk_Application.exe: 00001E34: 13:30:00 [TUniGUISessionManager]:Session manager terminated.
Disk_Application.exe: 00001E34: 13:30:00 [TUniWebSocketStack]:Terminating...
Disk_Application.exe: 00001E34: 13:30:00 [TUniGUIMessageQ]:Terminated.
Disk_Application.exe: 00001E34: 13:30:00 [TUniWebSocketStack]:Terminated.
Disk_Application.exe: 00001E34: 13:30:00 [TUniServerModule]:Server Shutdown Completed.
Disk_Application.exe: 00001E34: 13:30:00 []:<-------------------------------------------------------------->
Disk_Application.exe: 00001E34: 13:30:00 [Terminated]:Exit Code: 0
Disk_Application.exe: 00001D80: 13:30:04 []:>--------------------------------------------------------------<
Disk_Application.exe: 00001D80: 13:30:04 [TUniServerModule]:Server First Init.
Disk_Application.exe: 00001D80: 13:30:04 [TUniServerModule]:Start Path = C:\Users\admin\Downloads\disk-application-master\disk-application-master\Win32\Debug\
Disk_Application.exe: 00001D80: 13:30:04 [TUniServerModule]:Starting HTTP Server on Port: 8077...
Disk_Application.exe: 00001D80: 13:30:04 [TUniServerModule]:HTTP Server Started on Port: 8077
Disk_Application.exe: 00002B6C: 13:30:07 [127.0.0.1]:EUniSessionException : Invalid session or session Timeout. (Session not found: 6AFBuXrB1J10EBBCAD7 ) : Addr: $004F367D
Disk_Application.exe: 00001D80: 13:34:21 [TUniServerModule]:Shutting Down Server.
Disk_Application.exe: 00001D80: 13:34:21 [TUniServerModule]:Stopping HTTP Server.
Disk_Application.exe: 00001D80: 13:34:22 [TUniServerModule]:HTTP Server Stopped.
Disk_Application.exe: 00001D80: 13:34:22 [TUniGUISessionManager]:Terminating Session manager.
Disk_Application.exe: 00001D80: 13:34:22 [TUniGUISessionManager]:Stopping Cache Eraser...
Disk_Application.exe: 00001D80: 13:34:22 [TUniGUISessionManager]:Cache Eraser Stopped.
Disk_Application.exe: 00001D80: 13:34:22 [TUniGUISessionManager]:Destroying Worker Threads.
Disk_Application.exe: 00001D80: 13:34:22 [TUniGUISessionManager]:Session manager terminated.
Disk_Application.exe: 00001D80: 13:34:22 [TUniWebSocketStack]:Terminating...
Disk_Application.exe: 00001D80: 13:34:22 [TUniGUIMessageQ]:Terminated.
Disk_Application.exe: 00001D80: 13:34:22 [TUniWebSocketStack]:Terminated.
Disk_Application.exe: 00001D80: 13:34:22 [TUniServerModule]:Server Shutdown Completed.
Disk_Application.exe: 00001D80: 13:34:22 []:<-------------------------------------------------------------->
Disk_Application.exe: 00001D80: 13:34:22 [Terminated]:Exit Code: 0
Disk_Application.exe: 00002518: 13:34:27 []:>--------------------------------------------------------------<
Disk_Application.exe: 00002518: 13:34:27 [TUniServerModule]:Server First Init.
Disk_Application.exe: 00002518: 13:34:27 [TUniServerModule]:Start Path = C:\Users\admin\Downloads\disk-application-master\disk-application-master\Win32\Debug\
Disk_Application.exe: 00002518: 13:34:27 [TUniGUISessionManager]:Cache erase job created, Folder count: [1]
Disk_Application.exe: 00002518: 13:34:27 [TUniServerModule]:Starting HTTP Server on Port: 8077...
Disk_Application.exe: 00002518: 13:34:27 [TUniServerModule]:HTTP Server Started on Port: 8077
Disk_Application.exe: 00000770: 13:34:30 [127.0.0.1]:EUniSessionException : Invalid session or session Timeout. (Session not found: YiwzOb6iDF10EBBCDE3 ) : Addr: $00A6367D
Disk_Application.exe: 00002518: 13:41:59 [TUniServerModule]:Shutting Down Server.
Disk_Application.exe: 00002518: 13:41:59 [TUniServerModule]:Stopping HTTP Server.
Disk_Application.exe: 00002518: 13:42:00 [TUniServerModule]:HTTP Server Stopped.
Disk_Application.exe: 00002518: 13:42:00 [TUniGUISessionManager]:Terminating Session manager.
Disk_Application.exe: 00002518: 13:42:00 [TUniGUISessionManager]:Stopping Cache Eraser...
Disk_Application.exe: 00002518: 13:42:00 [TUniGUISessionManager]:Cache Eraser Stopped.
Disk_Application.exe: 00002518: 13:42:00 [TUniGUISessionManager]:Destroying Worker Threads.
Disk_Application.exe: 00002518: 13:42:00 [TUniGUISessionManager]:Session manager terminated.
Disk_Application.exe: 00002518: 13:42:00 [TUniWebSocketStack]:Terminating...
Disk_Application.exe: 00002518: 13:42:00 [TUniGUIMessageQ]:Terminated.
Disk_Application.exe: 00002518: 13:42:00 [TUniWebSocketStack]:Terminated.
Disk_Application.exe: 00002518: 13:42:00 [TUniServerModule]:Server Shutdown Completed.
Disk_Application.exe: 00002518: 13:42:00 []:<-------------------------------------------------------------->
Disk_Application.exe: 00002518: 13:42:00 [Terminated]:Exit Code: 0
Disk_Application.exe: 000000D8: 13:42:03 []:>--------------------------------------------------------------<
Disk_Application.exe: 000000D8: 13:42:03 [TUniServerModule]:Server First Init.
Disk_Application.exe: 000000D8: 13:42:03 [TUniServerModule]:Start Path = C:\Users\admin\Downloads\disk-application-master\disk-application-master\Win32\Debug\
Disk_Application.exe: 000000D8: 13:42:03 [TUniServerModule]:Starting HTTP Server on Port: 8077...
Disk_Application.exe: 000000D8: 13:42:03 [TUniServerModule]:HTTP Server Started on Port: 8077
Disk_Application.exe: 00002528: 13:42:05 [127.0.0.1]:EUniSessionException : Invalid session or session Timeout. (Session not found: LTdYZzXgMI10EBBCF13 ) : Addr: $00AE367D
Disk_Application.exe: 00002A88: 13:47:03 [127.0.0.1]:EUniSessionException : Invalid session or session Timeout. (Session not found: ySu6Cl7tuA10EBBD126 ) : Addr: $00AE367D
Disk_Application.exe: 000000D8: 13:48:17 [TUniServerModule]:Shutting Down Server.
Disk_Application.exe: 000000D8: 13:48:17 [TUniServerModule]:Stopping HTTP Server.
Disk_Application.exe: 000000D8: 13:48:18 [TUniServerModule]:HTTP Server Stopped.
Disk_Application.exe: 000000D8: 13:48:18 [TUniGUISessionManager]:Terminating Session manager.
Disk_Application.exe: 000000D8: 13:48:18 [TUniGUISessionManager]:Stopping Cache Eraser...
Disk_Application.exe: 000000D8: 13:48:18 [TUniGUISessionManager]:Cache Eraser Stopped.
Disk_Application.exe: 000000D8: 13:48:18 [TUniGUISessionManager]:Destroying Worker Threads.
Disk_Application.exe: 000000D8: 13:48:18 [TUniGUISessionManager]:Session manager terminated.
Disk_Application.exe: 000000D8: 13:48:18 [TUniWebSocketStack]:Terminating...
Disk_Application.exe: 000000D8: 13:48:18 [TUniGUIMessageQ]:Terminated.
Disk_Application.exe: 000000D8: 13:48:18 [TUniWebSocketStack]:Terminated.
Disk_Application.exe: 000000D8: 13:48:18 [TUniServerModule]:Server Shutdown Completed.
Disk_Application.exe: 000000D8: 13:48:18 []:<-------------------------------------------------------------->
Disk_Application.exe: 000000D8: 13:48:18 [Terminated]:Exit Code: 0
Disk_Application.exe: 00002844: 13:48:23 []:>--------------------------------------------------------------<
Disk_Application.exe: 00002844: 13:48:23 [TUniServerModule]:Server First Init.
Disk_Application.exe: 00002844: 13:48:23 [TUniServerModule]:Start Path = C:\Users\admin\Downloads\disk-application-master\disk-application-master\Win32\Debug\
Disk_Application.exe: 00002844: 13:48:23 [TUniServerModule]:Starting HTTP Server on Port: 8077...
Disk_Application.exe: 00002844: 13:48:23 [TUniServerModule]:HTTP Server Started on Port: 8077
Disk_Application.exe: 00002844: 13:51:04 [TUniServerModule]:Shutting Down Server.
Disk_Application.exe: 00002844: 13:51:04 [TUniServerModule]:Stopping HTTP Server.
Disk_Application.exe: 00002844: 13:51:05 [TUniServerModule]:HTTP Server Stopped.
Disk_Application.exe: 00002844: 13:51:05 [TUniGUISessionManager]:Terminating Session manager.
Disk_Application.exe: 00002844: 13:51:05 [TUniGUISessionManager]:Stopping Cache Eraser...
Disk_Application.exe: 00002844: 13:51:05 [TUniGUISessionManager]:Cache Eraser Stopped.
Disk_Application.exe: 00002844: 13:51:05 [TUniGUISessionManager]:Destroying Worker Threads.
Disk_Application.exe: 00002844: 13:51:05 [TUniGUISessionManager]:Session manager terminated.
Disk_Application.exe: 00002844: 13:51:05 [TUniWebSocketStack]:Terminating...
Disk_Application.exe: 00002844: 13:51:05 [TUniGUIMessageQ]:Terminated.
Disk_Application.exe: 00002844: 13:51:05 [TUniWebSocketStack]:Terminated.
Disk_Application.exe: 00002844: 13:51:05 [TUniServerModule]:Server Shutdown Completed.
Disk_Application.exe: 00002844: 13:51:05 []:<-------------------------------------------------------------->
Disk_Application.exe: 00002844: 13:51:05 [Terminated]:Exit Code: 0
Disk_Application.exe: 00001778: 13:51:10 []:>--------------------------------------------------------------<
Disk_Application.exe: 00001778: 13:51:10 [TUniServerModule]:Server First Init.
Disk_Application.exe: 00001778: 13:51:10 [TUniServerModule]:Start Path = C:\Users\admin\Downloads\disk-application-master\disk-application-master\Win32\Debug\
Disk_Application.exe: 00001778: 13:51:10 [TUniGUISessionManager]:Cache erase job created, Folder count: [1]
Disk_Application.exe: 00001778: 13:51:10 [TUniServerModule]:Starting HTTP Server on Port: 8077...
Disk_Application.exe: 00001778: 13:51:10 [TUniServerModule]:HTTP Server Started on Port: 8077
Disk_Application.exe: 0000265C: 13:51:13 [127.0.0.1]:EUniSessionException : Invalid session or session Timeout. (Session not found: qiesbsNH5x10EBBD2DA ) : Addr: $0130367D
Disk_Application.exe: 00001778: 13:52:05 [TUniServerModule]:Shutting Down Server.
Disk_Application.exe: 00001778: 13:52:05 [TUniServerModule]:Stopping HTTP Server.
Disk_Application.exe: 00001778: 13:52:06 [TUniServerModule]:HTTP Server Stopped.
Disk_Application.exe: 00001778: 13:52:06 [TUniGUISessionManager]:Terminating Session manager.
Disk_Application.exe: 00001778: 13:52:06 [TUniGUISessionManager]:Stopping Cache Eraser...
Disk_Application.exe: 00001778: 13:52:06 [TUniGUISessionManager]:Cache Eraser Stopped.
Disk_Application.exe: 00001778: 13:52:06 [TUniGUISessionManager]:Destroying Worker Threads.
Disk_Application.exe: 00001778: 13:52:06 [TUniGUISessionManager]:Session manager terminated.
Disk_Application.exe: 00001778: 13:52:06 [TUniWebSocketStack]:Terminating...
Disk_Application.exe: 00001778: 13:52:06 [TUniGUIMessageQ]:Terminated.
Disk_Application.exe: 00001778: 13:52:06 [TUniWebSocketStack]:Terminated.
Disk_Application.exe: 00001778: 13:52:06 [TUniServerModule]:Server Shutdown Completed.
Disk_Application.exe: 00001778: 13:52:06 []:<-------------------------------------------------------------->
Disk_Application.exe: 00001778: 13:52:06 [Terminated]:Exit Code: 0
Disk_Application.exe: 0000081C: 13:52:40 []:>--------------------------------------------------------------<
Disk_Application.exe: 0000081C: 13:52:40 [TUniServerModule]:Server First Init.
Disk_Application.exe: 0000081C: 13:52:40 [TUniServerModule]:Start Path = C:\Users\admin\Downloads\disk-application-master\disk-application-master\Win32\Debug\
Disk_Application.exe: 0000081C: 13:52:40 [TUniGUISessionManager]:Cache erase job created, Folder count: [1]
Disk_Application.exe: 0000081C: 13:52:40 [TUniServerModule]:Starting HTTP Server on Port: 8077...
Disk_Application.exe: 0000081C: 13:52:40 [TUniServerModule]:HTTP Server Started on Port: 8077
Disk_Application.exe: 00000C30: 13:52:42 [127.0.0.1]:EUniSessionException : Invalid session or session Timeout. (Session not found: CYSoyNO8fO10EBBD39C ) : Addr: $00CE367D
Disk_Application.exe: 0000081C: 14:06:35 [TUniServerModule]:Shutting Down Server.
Disk_Application.exe: 0000081C: 14:06:35 [TUniServerModule]:Stopping HTTP Server.
Disk_Application.exe: 0000081C: 14:06:36 [TUniServerModule]:HTTP Server Stopped.
Disk_Application.exe: 0000081C: 14:06:36 [TUniGUISessionManager]:Terminating Session manager.
Disk_Application.exe: 0000081C: 14:06:36 [TUniGUISessionManager]:Stopping Cache Eraser...
Disk_Application.exe: 0000081C: 14:06:36 [TUniGUISessionManager]:Cache Eraser Stopped.
Disk_Application.exe: 0000081C: 14:06:36 [TUniGUISessionManager]:Destroying Worker Threads.
Disk_Application.exe: 0000081C: 14:06:36 [TUniGUISessionManager]:Session manager terminated.
Disk_Application.exe: 0000081C: 14:06:36 [TUniWebSocketStack]:Terminating...
Disk_Application.exe: 0000081C: 14:06:36 [TUniGUIMessageQ]:Terminated.
Disk_Application.exe: 0000081C: 14:06:36 [TUniWebSocketStack]:Terminated.
Disk_Application.exe: 0000081C: 14:06:36 [TUniServerModule]:Server Shutdown Completed.
Disk_Application.exe: 0000081C: 14:06:36 []:<-------------------------------------------------------------->
Disk_Application.exe: 0000081C: 14:06:36 [Terminated]:Exit Code: 0
Disk_Application.exe: 00002810: 14:06:52 []:>--------------------------------------------------------------<
Disk_Application.exe: 00002810: 14:06:52 [TUniServerModule]:Server First Init.
Disk_Application.exe: 00002810: 14:06:52 [TUniServerModule]:Start Path = C:\Users\admin\Downloads\disk-application-master\disk-application-master\Win32\Debug\
Disk_Application.exe: 00002810: 14:06:52 [TUniServerModule]:Starting HTTP Server on Port: 8077...
Disk_Application.exe: 00002810: 14:06:52 [TUniServerModule]:HTTP Server Started on Port: 8077
Disk_Application.exe: 00002810: 14:11:31 [TUniServerModule]:Shutting Down Server.
Disk_Application.exe: 00002810: 14:11:31 [TUniServerModule]:Stopping HTTP Server.
Disk_Application.exe: 00002810: 14:11:32 [TUniServerModule]:HTTP Server Stopped.
Disk_Application.exe: 00002810: 14:11:32 [TUniGUISessionManager]:Terminating Session manager.
Disk_Application.exe: 00002810: 14:11:32 [TUniGUISessionManager]:Stopping Cache Eraser...
Disk_Application.exe: 00002810: 14:11:32 [TUniGUISessionManager]:Cache Eraser Stopped.
Disk_Application.exe: 00002810: 14:11:32 [TUniGUISessionManager]:Destroying Worker Threads.
Disk_Application.exe: 00002810: 14:11:32 [TUniGUISessionManager]:Session manager terminated.
Disk_Application.exe: 00002810: 14:11:32 [TUniWebSocketStack]:Terminating...
Disk_Application.exe: 00002810: 14:11:32 [TUniGUIMessageQ]:Terminated.
Disk_Application.exe: 00002810: 14:11:32 [TUniWebSocketStack]:Terminated.
Disk_Application.exe: 00002810: 14:11:33 [TUniServerModule]:Server Shutdown Completed.
Disk_Application.exe: 00002810: 14:11:33 []:<-------------------------------------------------------------->
Disk_Application.exe: 00002810: 14:11:33 [Terminated]:Exit Code: 0
Disk_Application.exe: 0000146C: 14:11:38 []:>--------------------------------------------------------------<
Disk_Application.exe: 0000146C: 14:11:38 [TUniServerModule]:Server First Init.
Disk_Application.exe: 0000146C: 14:11:38 [TUniServerModule]:Start Path = C:\Users\admin\Downloads\disk-application-master\disk-application-master\Win32\Debug\
Disk_Application.exe: 0000146C: 14:11:38 [TUniGUISessionManager]:Cache erase job created, Folder count: [1]
Disk_Application.exe: 0000146C: 14:11:38 [TUniServerModule]:Starting HTTP Server on Port: 8077...
Disk_Application.exe: 0000146C: 14:11:38 [TUniServerModule]:HTTP Server Started on Port: 8077
Disk_Application.exe: 00000580: 14:11:40 [127.0.0.1]:EUniSessionException : Invalid session or session Timeout. (Session not found: IWqvwCeQIO10EBBD7DB ) : Addr: $0056367D
Disk_Application.exe: 0000146C: 14:40:01 [TUniServerModule]:Shutting Down Server.
Disk_Application.exe: 0000146C: 14:40:01 [TUniServerModule]:Stopping HTTP Server.
Disk_Application.exe: 0000146C: 14:40:02 [TUniServerModule]:HTTP Server Stopped.
Disk_Application.exe: 0000146C: 14:40:02 [TUniGUISessionManager]:Terminating Session manager.
Disk_Application.exe: 0000146C: 14:40:02 [TUniGUISessionManager]:Stopping Cache Eraser...
Disk_Application.exe: 0000146C: 14:40:02 [TUniGUISessionManager]:Cache Eraser Stopped.
Disk_Application.exe: 0000146C: 14:40:02 [TUniGUISessionManager]:Destroying Worker Threads.
Disk_Application.exe: 0000146C: 14:40:02 [TUniGUISessionManager]:Session manager terminated.
Disk_Application.exe: 0000146C: 14:40:02 [TUniWebSocketStack]:Terminating...
Disk_Application.exe: 0000146C: 14:40:02 [TUniGUIMessageQ]:Terminated.
Disk_Application.exe: 0000146C: 14:40:02 [TUniWebSocketStack]:Terminated.
Disk_Application.exe: 0000146C: 14:40:02 [TUniServerModule]:Server Shutdown Completed.
Disk_Application.exe: 0000146C: 14:40:02 []:<-------------------------------------------------------------->
Disk_Application.exe: 0000146C: 14:40:02 [Terminated]:Exit Code: 0
Disk_Application.exe: 000012CC: 14:40:09 []:>--------------------------------------------------------------<
Disk_Application.exe: 000012CC: 14:40:09 [TUniServerModule]:Server First Init.
Disk_Application.exe: 000012CC: 14:40:09 [TUniServerModule]:Start Path = C:\Users\admin\Downloads\disk-application-master\disk-application-master\Win32\Debug\
Disk_Application.exe: 000012CC: 14:40:09 [TUniServerModule]:Starting HTTP Server on Port: 8077...
Disk_Application.exe: 000012CC: 14:40:09 [TUniServerModule]:HTTP Server Started on Port: 8077
Disk_Application.exe: 00001AB4: 14:40:11 [127.0.0.1]:EUniSessionException : Invalid session or session Timeout. (Session not found: HfgZ6fPBCp10EBBD928 ) : Addr: $00AE367D
Disk_Application.exe: 000012CC: 14:43:00 [TUniServerModule]:Shutting Down Server.
Disk_Application.exe: 000012CC: 14:43:00 [TUniServerModule]:Stopping HTTP Server.
Disk_Application.exe: 000012CC: 14:43:01 [TUniServerModule]:HTTP Server Stopped.
Disk_Application.exe: 000012CC: 14:43:01 [TUniGUISessionManager]:Terminating Session manager.
Disk_Application.exe: 000012CC: 14:43:01 [TUniGUISessionManager]:Stopping Cache Eraser...
Disk_Application.exe: 000012CC: 14:43:01 [TUniGUISessionManager]:Cache Eraser Stopped.
Disk_Application.exe: 000012CC: 14:43:01 [TUniGUISessionManager]:Destroying Worker Threads.
Disk_Application.exe: 000012CC: 14:43:01 [TUniGUISessionManager]:Session manager terminated.
Disk_Application.exe: 000012CC: 14:43:01 [TUniWebSocketStack]:Terminating...
Disk_Application.exe: 000012CC: 14:43:01 [TUniGUIMessageQ]:Terminated.
Disk_Application.exe: 000012CC: 14:43:01 [TUniWebSocketStack]:Terminated.
Disk_Application.exe: 000012CC: 14:43:01 [TUniServerModule]:Server Shutdown Completed.
Disk_Application.exe: 000012CC: 14:43:01 []:<-------------------------------------------------------------->
Disk_Application.exe: 000012CC: 14:43:01 [Terminated]:Exit Code: 0
Disk_Application.exe: 000010A8: 14:43:07 []:>--------------------------------------------------------------<
Disk_Application.exe: 000010A8: 14:43:07 [TUniServerModule]:Server First Init.
Disk_Application.exe: 000010A8: 14:43:07 [TUniServerModule]:Start Path = C:\Users\admin\Downloads\disk-application-master\disk-application-master\Win32\Debug\
Disk_Application.exe: 000010A8: 14:43:07 [TUniGUISessionManager]:Cache erase job created, Folder count: [1]
Disk_Application.exe: 000010A8: 14:43:07 [TUniServerModule]:Starting HTTP Server on Port: 8077...
Disk_Application.exe: 000010A8: 14:43:07 [TUniServerModule]:HTTP Server Started on Port: 8077
Disk_Application.exe: 00002AA0: 14:43:10 [127.0.0.1]:EUniSessionException : Invalid session or session Timeout. (Session not found: poxKcOGNoF10EBBE0E5 ) : Addr: $013C367D
Disk_Application.exe: 000010A8: 14:47:24 [TUniServerModule]:Shutting Down Server.
Disk_Application.exe: 000010A8: 14:47:24 [TUniServerModule]:Stopping HTTP Server.
Disk_Application.exe: 000010A8: 14:47:25 [TUniServerModule]:HTTP Server Stopped.
Disk_Application.exe: 000010A8: 14:47:25 [TUniGUISessionManager]:Terminating Session manager.
Disk_Application.exe: 000010A8: 14:47:25 [TUniGUISessionManager]:Stopping Cache Eraser...
Disk_Application.exe: 000010A8: 14:47:25 [TUniGUISessionManager]:Cache Eraser Stopped.
Disk_Application.exe: 000010A8: 14:47:25 [TUniGUISessionManager]:Destroying Worker Threads.
Disk_Application.exe: 000010A8: 14:47:25 [TUniGUISessionManager]:Session manager terminated.
Disk_Application.exe: 000010A8: 14:47:25 [TUniWebSocketStack]:Terminating...
Disk_Application.exe: 000010A8: 14:47:25 [TUniGUIMessageQ]:Terminated.
Disk_Application.exe: 000010A8: 14:47:25 [TUniWebSocketStack]:Terminated.
Disk_Application.exe: 000010A8: 14:47:25 [TUniServerModule]:Server Shutdown Completed.
Disk_Application.exe: 000010A8: 14:47:25 []:<-------------------------------------------------------------->
Disk_Application.exe: 000010A8: 14:47:25 [Terminated]:Exit Code: 0
Disk_Application.exe: 00001C4C: 14:47:46 []:>--------------------------------------------------------------<
Disk_Application.exe: 00001C4C: 14:47:46 [TUniServerModule]:Server First Init.
Disk_Application.exe: 00001C4C: 14:47:46 [TUniServerModule]:Start Path = C:\Users\admin\Downloads\disk-application-master\disk-application-master\Win32\Debug\
Disk_Application.exe: 00001C4C: 14:47:46 [TUniGUISessionManager]:Cache erase job created, Folder count: [1]
Disk_Application.exe: 00001C4C: 14:47:46 [TUniServerModule]:Starting HTTP Server on Port: 8077...
Disk_Application.exe: 00001C4C: 14:47:46 [TUniServerModule]:HTTP Server Started on Port: 8077
Disk_Application.exe: 00002024: 14:47:49 [127.0.0.1]:EUniSessionException : Invalid session or session Timeout. (Session not found: qUBpTFRxRU10EBBE1B3 ) : Addr: $0100367D
Disk_Application.exe: 00001C4C: 14:51:22 [TUniServerModule]:Shutting Down Server.
Disk_Application.exe: 00001C4C: 14:51:22 [TUniServerModule]:Stopping HTTP Server.
Disk_Application.exe: 00001C4C: 14:51:23 [TUniServerModule]:HTTP Server Stopped.
Disk_Application.exe: 00001C4C: 14:51:23 [TUniGUISessionManager]:Terminating Session manager.
Disk_Application.exe: 00001C4C: 14:51:23 [TUniGUISessionManager]:Stopping Cache Eraser...
Disk_Application.exe: 00001C4C: 14:51:23 [TUniGUISessionManager]:Cache Eraser Stopped.
Disk_Application.exe: 00001C4C: 14:51:23 [TUniGUISessionManager]:Destroying Worker Threads.
Disk_Application.exe: 00001C4C: 14:51:23 [TUniGUISessionManager]:Session manager terminated.
Disk_Application.exe: 00001C4C: 14:51:23 [TUniWebSocketStack]:Terminating...
Disk_Application.exe: 00001C4C: 14:51:23 [TUniGUIMessageQ]:Terminated.
Disk_Application.exe: 00001C4C: 14:51:23 [TUniWebSocketStack]:Terminated.
Disk_Application.exe: 00001C4C: 14:51:23 [TUniServerModule]:Server Shutdown Completed.
Disk_Application.exe: 00001C4C: 14:51:23 []:<-------------------------------------------------------------->
Disk_Application.exe: 00001C4C: 14:51:23 [Terminated]:Exit Code: 0
Disk_Application.exe: 00001774: 14:51:32 []:>--------------------------------------------------------------<
Disk_Application.exe: 00001774: 14:51:32 [TUniServerModule]:Server First Init.
Disk_Application.exe: 00001774: 14:51:32 [TUniServerModule]:Start Path = C:\Users\admin\Downloads\disk-application-master\disk-application-master\Win32\Debug\
Disk_Application.exe: 00001774: 14:51:32 [TUniGUISessionManager]:Cache erase job created, Folder count: [1]
Disk_Application.exe: 00001774: 14:51:32 [TUniServerModule]:Starting HTTP Server on Port: 8077...
Disk_Application.exe: 00001774: 14:51:32 [TUniServerModule]:HTTP Server Started on Port: 8077
Disk_Application.exe: 00001774: 14:53:17 [TUniServerModule]:Shutting Down Server.
Disk_Application.exe: 00001774: 14:53:17 [TUniServerModule]:Stopping HTTP Server.
Disk_Application.exe: 00001774: 14:53:18 [TUniServerModule]:HTTP Server Stopped.
Disk_Application.exe: 00001774: 14:53:18 [TUniGUISessionManager]:Terminating Session manager.
Disk_Application.exe: 00001774: 14:53:18 [TUniGUISessionManager]:Stopping Cache Eraser...
Disk_Application.exe: 00001774: 14:53:18 [TUniGUISessionManager]:Cache Eraser Stopped.
Disk_Application.exe: 00001774: 14:53:18 [TUniGUISessionManager]:Destroying Worker Threads.
Disk_Application.exe: 00001774: 14:53:18 [TUniGUISessionManager]:Session manager terminated.
Disk_Application.exe: 00001774: 14:53:18 [TUniWebSocketStack]:Terminating...
Disk_Application.exe: 00001774: 14:53:18 [TUniGUIMessageQ]:Terminated.
Disk_Application.exe: 00001774: 14:53:18 [TUniWebSocketStack]:Terminated.
Disk_Application.exe: 00001774: 14:53:18 [TUniServerModule]:Server Shutdown Completed.
Disk_Application.exe: 00001774: 14:53:18 []:<-------------------------------------------------------------->
Disk_Application.exe: 00001774: 14:53:18 [Terminated]:Exit Code: 0
Disk_Application.exe: 00000BA4: 14:53:22 []:>--------------------------------------------------------------<
Disk_Application.exe: 00000BA4: 14:53:22 [TUniServerModule]:Server First Init.
Disk_Application.exe: 00000BA4: 14:53:22 [TUniServerModule]:Start Path = C:\Users\admin\Downloads\disk-application-master\disk-application-master\Win32\Debug\
Disk_Application.exe: 00000BA4: 14:53:22 [TUniGUISessionManager]:Cache erase job created, Folder count: [1]
Disk_Application.exe: 00000BA4: 14:53:22 [TUniServerModule]:Starting HTTP Server on Port: 8077...
Disk_Application.exe: 00000BA4: 14:53:22 [TUniServerModule]:HTTP Server Started on Port: 8077
Disk_Application.exe: 00001B9C: 14:53:31 [127.0.0.1]:EUniSessionException : Invalid session or session Timeout. (Session not found: Sk26yOPJC210EBBE3FA ) : Addr: $00C9367D
Disk_Application.exe: 00000BA4: 15:03:45 [TUniServerModule]:Shutting Down Server.
Disk_Application.exe: 00000BA4: 15:03:45 [TUniServerModule]:Stopping HTTP Server.
Disk_Application.exe: 00000BA4: 15:03:46 [TUniServerModule]:HTTP Server Stopped.
Disk_Application.exe: 00000BA4: 15:03:46 [TUniGUISessionManager]:Terminating Session manager.
Disk_Application.exe: 00000BA4: 15:03:46 [TUniGUISessionManager]:Stopping Cache Eraser...
Disk_Application.exe: 00000BA4: 15:03:46 [TUniGUISessionManager]:Cache Eraser Stopped.
Disk_Application.exe: 00000BA4: 15:03:46 [TUniGUISessionManager]:Destroying Worker Threads.
Disk_Application.exe: 00000BA4: 15:03:46 [TUniGUISessionManager]:Session manager terminated.
Disk_Application.exe: 00000BA4: 15:03:46 [TUniWebSocketStack]:Terminating...
Disk_Application.exe: 00000BA4: 15:03:46 [TUniGUIMessageQ]:Terminated.
Disk_Application.exe: 00000BA4: 15:03:46 [TUniWebSocketStack]:Terminated.
Disk_Application.exe: 00000BA4: 15:03:47 [TUniServerModule]:Server Shutdown Completed.
Disk_Application.exe: 00000BA4: 15:03:47 []:<-------------------------------------------------------------->
Disk_Application.exe: 00000BA4: 15:03:47 [Terminated]:Exit Code: 0
Disk_Application.exe: 0000237C: 15:03:49 []:>--------------------------------------------------------------<
Disk_Application.exe: 0000237C: 15:03:49 [TUniServerModule]:Server First Init.
Disk_Application.exe: 0000237C: 15:03:49 [TUniServerModule]:Start Path = C:\Users\admin\Downloads\disk-application-master\disk-application-master\Win32\Debug\
Disk_Application.exe: 0000237C: 15:03:49 [TUniServerModule]:Starting HTTP Server on Port: 8077...
Disk_Application.exe: 0000237C: 15:03:49 [TUniServerModule]:HTTP Server Started on Port: 8077
Disk_Application.exe: 00000718: 15:03:52 [127.0.0.1]:EUniSessionException : Invalid session or session Timeout. (Session not found: 7u4tlAmuWX10EBBE5FA ) : Addr: $0112367D
Disk_Application.exe: 0000237C: 15:04:47 [TUniServerModule]:Shutting Down Server.
Disk_Application.exe: 0000237C: 15:04:47 [TUniServerModule]:Stopping HTTP Server.
Disk_Application.exe: 0000237C: 15:04:48 [TUniServerModule]:HTTP Server Stopped.
Disk_Application.exe: 0000237C: 15:04:48 [TUniGUISessionManager]:Terminating Session manager.
Disk_Application.exe: 0000237C: 15:04:48 [TUniGUISessionManager]:Stopping Cache Eraser...
Disk_Application.exe: 0000237C: 15:04:48 [TUniGUISessionManager]:Cache Eraser Stopped.
Disk_Application.exe: 0000237C: 15:04:48 [TUniGUISessionManager]:Destroying Worker Threads.
Disk_Application.exe: 0000237C: 15:04:48 [TUniGUISessionManager]:Session manager terminated.
Disk_Application.exe: 0000237C: 15:04:48 [TUniWebSocketStack]:Terminating...
Disk_Application.exe: 0000237C: 15:04:48 [TUniGUIMessageQ]:Terminated.
Disk_Application.exe: 0000237C: 15:04:48 [TUniWebSocketStack]:Terminated.
Disk_Application.exe: 0000237C: 15:04:48 [TUniServerModule]:Server Shutdown Completed.
Disk_Application.exe: 0000237C: 15:04:48 []:<-------------------------------------------------------------->
Disk_Application.exe: 0000237C: 15:04:48 [Terminated]:Exit Code: 0
Disk_Application.exe: 00001FAC: 15:05:01 []:>--------------------------------------------------------------<
Disk_Application.exe: 00001FAC: 15:05:01 [TUniServerModule]:Server First Init.
Disk_Application.exe: 00001FAC: 15:05:01 [TUniServerModule]:Start Path = C:\Users\admin\Downloads\disk-application-master\disk-application-master\Win32\Debug\
Disk_Application.exe: 00001FAC: 15:05:01 [TUniGUISessionManager]:Cache erase job created, Folder count: [1]
Disk_Application.exe: 00001FAC: 15:05:01 [TUniServerModule]:Starting HTTP Server on Port: 8077...
Disk_Application.exe: 00001FAC: 15:05:01 [TUniServerModule]:HTTP Server Started on Port: 8077
Disk_Application.exe: 00001FAC: 15:07:32 [TUniServerModule]:Shutting Down Server.
Disk_Application.exe: 00001FAC: 15:07:32 [TUniServerModule]:Stopping HTTP Server.
Disk_Application.exe: 00001FAC: 15:07:33 [TUniServerModule]:HTTP Server Stopped.
Disk_Application.exe: 00001FAC: 15:07:33 [TUniGUISessionManager]:Terminating Session manager.
Disk_Application.exe: 00001FAC: 15:07:33 [TUniGUISessionManager]:Stopping Cache Eraser...
Disk_Application.exe: 00001FAC: 15:07:33 [TUniGUISessionManager]:Cache Eraser Stopped.
Disk_Application.exe: 00001FAC: 15:07:33 [TUniGUISessionManager]:Destroying Worker Threads.
Disk_Application.exe: 00001FAC: 15:07:33 [TUniGUISessionManager]:Session manager terminated.
Disk_Application.exe: 00001FAC: 15:07:33 [TUniWebSocketStack]:Terminating...
Disk_Application.exe: 00001FAC: 15:07:33 [TUniGUIMessageQ]:Terminated.
Disk_Application.exe: 00001FAC: 15:07:33 [TUniWebSocketStack]:Terminated.
Disk_Application.exe: 00001FAC: 15:07:33 [TUniServerModule]:Server Shutdown Completed.
Disk_Application.exe: 00001FAC: 15:07:33 []:<-------------------------------------------------------------->
Disk_Application.exe: 00001FAC: 15:07:33 [Terminated]:Exit Code: 0
Disk_Application.exe: 00000EAC: 15:07:39 []:>--------------------------------------------------------------<
Disk_Application.exe: 00000EAC: 15:07:39 [TUniServerModule]:Server First Init.
Disk_Application.exe: 00000EAC: 15:07:39 [TUniServerModule]:Start Path = C:\Users\admin\Downloads\disk-application-master\disk-application-master\Win32\Debug\
Disk_Application.exe: 00000EAC: 15:07:39 [TUniGUISessionManager]:Cache erase job created, Folder count: [1]
Disk_Application.exe: 00000EAC: 15:07:39 [TUniServerModule]:Starting HTTP Server on Port: 8077...
Disk_Application.exe: 00000EAC: 15:07:39 [TUniServerModule]:HTTP Server Started on Port: 8077
Disk_Application.exe: 00001614: 15:07:41 [127.0.0.1]:EUniSessionException : Invalid session or session Timeout. (Session not found: JnjgxfO8MB10EBBE7A1 ) : Addr: $0070367D
